# JRE version: Java(TM) SE Runtime Environment (17.0.10+11) (build 17.0.10+11-LTS-240)
# Java VM: Java HotSpot(TM) 64-Bit Server VM (17.0.10+11-LTS-240, mixed mode, emulated-client, sharing, tiered, compressed oops, compressed class ptrs, g1 gc, windows-amd64)
GC Precious Log:
 CPUs: 8 total, 8 available
 Memory: 11968M
 Large Page Support: Disabled
 NUMA Support: Disabled
 Compressed Oops: Enabled (Zero based)
 Heap Region Size: 2M
 Heap Min Capacity: 8M
 Heap Initial Capacity: 188M
 Heap Max Capacity: 2994M
 Pre-touch: Disabled
 Parallel Workers: 8
 Concurrent Workers: 2
 Concurrent Refinement Workers: 8
 Periodic GC: Disabled
Heap:
 garbage-first heap   total 546816K, used 280066K [0x0000000744e00000, 0x0000000800000000)
  region size 2048K, 6 young (12288K), 6 survivors (12288K)
 Metaspace       used 137036K, committed 139456K, reserved 1179648K
  class space    used 16482K, committed 17472K, reserved 1048576K
GC Heap History (20 events):
Event: 143.366 GC heap after
{Heap after GC invocations=78 (full 0):
 garbage-first heap   total 382976K, used 237829K [0x0000000744e00000, 0x0000000800000000)
  region size 2048K, 5 young (10240K), 5 survivors (10240K)
 Metaspace       used 128312K, committed 130432K, reserved 1179648K
  class space    used 15817K, committed 16640K, reserved 1048576K
}
Event: 145.029 GC heap before
{Heap before GC invocations=78 (full 0):
 garbage-first heap   total 382976K, used 332037K [0x0000000744e00000, 0x0000000800000000)
  region size 2048K, 51 young (104448K), 5 survivors (10240K)
 Metaspace       used 129663K, committed 131840K, reserved 1179648K
  class space    used 15913K, committed 16768K, reserved 1048576K
}
Event: 145.049 GC heap after
{Heap after GC invocations=79 (full 0):
 garbage-first heap   total 382976K, used 240879K [0x0000000744e00000, 0x0000000800000000)
  region size 2048K, 5 young (10240K), 5 survivors (10240K)
 Metaspace       used 129663K, committed 131840K, reserved 1179648K
  class space    used 15913K, committed 16768K, reserved 1048576K
}
Event: 147.090 GC heap before
{Heap before GC invocations=79 (full 0):
 garbage-first heap   total 382976K, used 333039K [0x0000000744e00000, 0x0000000800000000)
  region size 2048K, 50 young (102400K), 5 survivors (10240K)
 Metaspace       used 131118K, committed 133376K, reserved 1179648K
  class space    used 16012K, committed 16896K, reserved 1048576K
}
Event: 147.108 GC heap after
{Heap after GC invocations=80 (full 0):
 garbage-first heap   total 382976K, used 244339K [0x0000000744e00000, 0x0000000800000000)
  region size 2048K, 5 young (10240K), 5 survivors (10240K)
 Metaspace       used 131118K, committed 133376K, reserved 1179648K
  class space    used 16012K, committed 16896K, reserved 1048576K
}
Event: 148.643 GC heap before
{Heap before GC invocations=80 (full 0):
 garbage-first heap   total 382976K, used 332403K [0x0000000744e00000, 0x0000000800000000)
  region size 2048K, 48 young (98304K), 5 survivors (10240K)
 Metaspace       used 132325K, committed 134656K, reserved 1179648K
  class space    used 16095K, committed 17024K, reserved 1048576K
}
Event: 148.660 GC heap after
{Heap after GC invocations=81 (full 0):
 garbage-first heap   total 382976K, used 247327K [0x0000000744e00000, 0x0000000800000000)
  region size 2048K, 5 young (10240K), 5 survivors (10240K)
 Metaspace       used 132325K, committed 134656K, reserved 1179648K
  class space    used 16095K, committed 17024K, reserved 1048576K
}
Event: 149.560 GC heap before
{Heap before GC invocations=81 (full 0):
 garbage-first heap   total 382976K, used 308767K [0x0000000744e00000, 0x0000000800000000)
  region size 2048K, 36 young (73728K), 5 survivors (10240K)
 Metaspace       used 133203K, committed 135488K, reserved 1179648K
  class space    used 16156K, committed 17088K, reserved 1048576K
}
Event: 149.576 GC heap after
{Heap after GC invocations=82 (full 0):
 garbage-first heap   total 382976K, used 249318K [0x0000000744e00000, 0x0000000800000000)
  region size 2048K, 5 young (10240K), 5 survivors (10240K)
 Metaspace       used 133203K, committed 135488K, reserved 1179648K
  class space    used 16156K, committed 17088K, reserved 1048576K
}
Event: 151.295 GC heap before
{Heap before GC invocations=83 (full 0):
 garbage-first heap   total 450560K, used 323046K [0x0000000744e00000, 0x0000000800000000)
  region size 2048K, 42 young (86016K), 5 survivors (10240K)
 Metaspace       used 134021K, committed 136320K, reserved 1179648K
  class space    used 16211K, committed 17152K, reserved 1048576K
}
Event: 151.315 GC heap after
{Heap after GC invocations=84 (full 0):
 garbage-first heap   total 450560K, used 249762K [0x0000000744e00000, 0x0000000800000000)
  region size 2048K, 4 young (8192K), 4 survivors (8192K)
 Metaspace       used 134021K, committed 136320K, reserved 1179648K
  class space    used 16211K, committed 17152K, reserved 1048576K
}
Event: 151.492 GC heap before
{Heap before GC invocations=84 (full 0):
 garbage-first heap   total 450560K, used 264098K [0x0000000744e00000, 0x0000000800000000)
  region size 2048K, 11 young (22528K), 4 survivors (8192K)
 Metaspace       used 134100K, committed 136448K, reserved 1179648K
  class space    used 16216K, committed 17152K, reserved 1048576K
}
Event: 151.513 GC heap after
{Heap after GC invocations=85 (full 0):
 garbage-first heap   total 450560K, used 235548K [0x0000000744e00000, 0x0000000800000000)
  region size 2048K, 1 young (2048K), 1 survivors (2048K)
 Metaspace       used 134100K, committed 136448K, reserved 1179648K
  class space    used 16216K, committed 17152K, reserved 1048576K
}
Event: 153.980 GC heap before
{Heap before GC invocations=85 (full 0):
 garbage-first heap   total 450560K, used 389148K [0x0000000744e00000, 0x0000000800000000)
  region size 2048K, 76 young (155648K), 1 survivors (2048K)
 Metaspace       used 135997K, committed 138368K, reserved 1179648K
  class space    used 16368K, committed 17344K, reserved 1048576K
}
Event: 153.994 GC heap after
{Heap after GC invocations=86 (full 0):
 garbage-first heap   total 450560K, used 239426K [0x0000000744e00000, 0x0000000800000000)
  region size 2048K, 3 young (6144K), 3 survivors (6144K)
 Metaspace       used 135997K, committed 138368K, reserved 1179648K
  class space    used 16368K, committed 17344K, reserved 1048576K
}
Event: 155.073 GC heap before
{Heap before GC invocations=87 (full 0):
 garbage-first heap   total 546816K, used 378690K [0x0000000744e00000, 0x0000000800000000)
  region size 2048K, 72 young (147456K), 3 survivors (6144K)
 Metaspace       used 136729K, committed 139136K, reserved 1179648K
  class space    used 16448K, committed 17408K, reserved 1048576K
}
Event: 155.143 GC heap after
{Heap after GC invocations=88 (full 0):
 garbage-first heap   total 546816K, used 272011K [0x0000000744e00000, 0x0000000800000000)
  region size 2048K, 9 young (18432K), 9 survivors (18432K)
 Metaspace       used 136729K, committed 139136K, reserved 1179648K
  class space    used 16448K, committed 17408K, reserved 1048576K
}
Event: 155.475 GC heap before
{Heap before GC invocations=88 (full 0):
 garbage-first heap   total 546816K, used 280203K [0x0000000744e00000, 0x0000000800000000)
  region size 2048K, 13 young (26624K), 9 survivors (18432K)
 Metaspace       used 136729K, committed 139136K, reserved 1179648K
  class space    used 16448K, committed 17408K, reserved 1048576K
}
Event: 155.509 GC heap after
{Heap after GC invocations=89 (full 0):
 garbage-first heap   total 546816K, used 269774K [0x0000000744e00000, 0x0000000800000000)
  region size 2048K, 1 young (2048K), 1 survivors (2048K)
 Metaspace       used 136729K, committed 139136K, reserved 1179648K
  class space    used 16448K, committed 17408K, reserved 1048576K
}
Event: 158.773 GC heap before
{Heap before GC invocations=89 (full 0):
 garbage-first heap   total 546816K, used 439758K [0x0000000744e00000, 0x0000000800000000)
  region size 2048K, 84 young (172032K), 1 survivors (2048K)
 Metaspace       used 137036K, committed 139456K, reserved 1179648K
  class space    used 16482K, committed 17472K, reserved 1048576K
}

