# JRE version: Java(TM) SE Runtime Environment (17.0.10+11) (build 17.0.10+11-LTS-240)
# Java VM: Java HotSpot(TM) 64-Bit Server VM (17.0.10+11-LTS-240, mixed mode, emulated-client, sharing, tiered, compressed oops, compressed class ptrs, g1 gc, windows-amd64)
GC Precious Log:
 CPUs: 8 total, 8 available
 Memory: 11968M
 Large Page Support: Disabled
 NUMA Support: Disabled
 Compressed Oops: Enabled (Zero based)
 Heap Region Size: 2M
 Heap Min Capacity: 8M
 Heap Initial Capacity: 188M
 Heap Max Capacity: 2994M
 Pre-touch: Disabled
 Parallel Workers: 8
 Concurrent Workers: 2
 Concurrent Refinement Workers: 8
 Periodic GC: Disabled
Heap:
 garbage-first heap   total 249856K, used 98108K [0x0000000744e00000, 0x0000000800000000)
  region size 2048K, 7 young (14336K), 4 survivors (8192K)
 Metaspace       used 73917K, committed 75584K, reserved 1179648K
  class space    used 9488K, committed 10048K, reserved 1048576K
GC Heap History (20 events):
Event: 6.320 GC heap before
{Heap before GC invocations=17 (full 0):
 garbage-first heap   total 206848K, used 113697K [0x0000000744e00000, 0x0000000800000000)
  region size 2048K, 28 young (57344K), 5 survivors (10240K)
 Metaspace       used 35438K, committed 36096K, reserved 1114112K
  class space    used 5035K, committed 5376K, reserved 1048576K
}
Event: 6.327 GC heap after
{Heap after GC invocations=18 (full 0):
 garbage-first heap   total 206848K, used 69812K [0x0000000744e00000, 0x0000000800000000)
  region size 2048K, 3 young (6144K), 3 survivors (6144K)
 Metaspace       used 35438K, committed 36096K, reserved 1114112K
  class space    used 5035K, committed 5376K, reserved 1048576K
}
Event: 6.965 GC heap before
{Heap before GC invocations=19 (full 0):
 garbage-first heap   total 206848K, used 164020K [0x0000000744e00000, 0x0000000800000000)
  region size 2048K, 49 young (100352K), 3 survivors (6144K)
 Metaspace       used 45197K, committed 46784K, reserved 1114112K
  class space    used 5760K, committed 6272K, reserved 1048576K
}
Event: 6.971 GC heap after
{Heap after GC invocations=20 (full 0):
 garbage-first heap   total 206848K, used 70922K [0x0000000744e00000, 0x0000000800000000)
  region size 2048K, 3 young (6144K), 3 survivors (6144K)
 Metaspace       used 45197K, committed 46784K, reserved 1114112K
  class space    used 5760K, committed 6272K, reserved 1048576K
}
Event: 7.631 GC heap before
{Heap before GC invocations=21 (full 0):
 garbage-first heap   total 206848K, used 167178K [0x0000000744e00000, 0x0000000800000000)
  region size 2048K, 50 young (102400K), 3 survivors (6144K)
 Metaspace       used 50039K, committed 51584K, reserved 1114112K
  class space    used 6229K, committed 6720K, reserved 1048576K
}
Event: 7.637 GC heap after
{Heap after GC invocations=22 (full 0):
 garbage-first heap   total 206848K, used 74956K [0x0000000744e00000, 0x0000000800000000)
  region size 2048K, 5 young (10240K), 5 survivors (10240K)
 Metaspace       used 50039K, committed 51584K, reserved 1114112K
  class space    used 6229K, committed 6720K, reserved 1048576K
}
Event: 7.939 GC heap before
{Heap before GC invocations=22 (full 0):
 garbage-first heap   total 206848K, used 167116K [0x0000000744e00000, 0x0000000800000000)
  region size 2048K, 50 young (102400K), 5 survivors (10240K)
 Metaspace       used 50434K, committed 52032K, reserved 1114112K
  class space    used 6281K, committed 6784K, reserved 1048576K
}
Event: 7.946 GC heap after
{Heap after GC invocations=23 (full 0):
 garbage-first heap   total 206848K, used 75793K [0x0000000744e00000, 0x0000000800000000)
  region size 2048K, 4 young (8192K), 4 survivors (8192K)
 Metaspace       used 50434K, committed 52032K, reserved 1114112K
  class space    used 6281K, committed 6784K, reserved 1048576K
}
Event: 8.241 GC heap before
{Heap before GC invocations=23 (full 0):
 garbage-first heap   total 206848K, used 167953K [0x0000000744e00000, 0x0000000800000000)
  region size 2048K, 49 young (100352K), 4 survivors (8192K)
 Metaspace       used 50558K, committed 52096K, reserved 1114112K
  class space    used 6311K, committed 6784K, reserved 1048576K
}
Event: 8.248 GC heap after
{Heap after GC invocations=24 (full 0):
 garbage-first heap   total 206848K, used 79643K [0x0000000744e00000, 0x0000000800000000)
  region size 2048K, 6 young (12288K), 6 survivors (12288K)
 Metaspace       used 50558K, committed 52096K, reserved 1114112K
  class space    used 6311K, committed 6784K, reserved 1048576K
}
Event: 8.797 GC heap before
{Heap before GC invocations=24 (full 0):
 garbage-first heap   total 206848K, used 167707K [0x0000000744e00000, 0x0000000800000000)
  region size 2048K, 49 young (100352K), 6 survivors (12288K)
 Metaspace       used 52895K, committed 54464K, reserved 1114112K
  class space    used 6656K, committed 7168K, reserved 1048576K
}
Event: 8.804 GC heap after
{Heap after GC invocations=25 (full 0):
 garbage-first heap   total 249856K, used 77400K [0x0000000744e00000, 0x0000000800000000)
  region size 2048K, 2 young (4096K), 2 survivors (4096K)
 Metaspace       used 52895K, committed 54464K, reserved 1114112K
  class space    used 6656K, committed 7168K, reserved 1048576K
}
Event: 9.589 GC heap before
{Heap before GC invocations=25 (full 0):
 garbage-first heap   total 249856K, used 204376K [0x0000000744e00000, 0x0000000800000000)
  region size 2048K, 64 young (131072K), 2 survivors (4096K)
 Metaspace       used 57399K, committed 59072K, reserved 1114112K
  class space    used 7262K, committed 7808K, reserved 1048576K
}
Event: 9.596 GC heap after
{Heap after GC invocations=26 (full 0):
 garbage-first heap   total 249856K, used 81495K [0x0000000744e00000, 0x0000000800000000)
  region size 2048K, 4 young (8192K), 4 survivors (8192K)
 Metaspace       used 57399K, committed 59072K, reserved 1114112K
  class space    used 7262K, committed 7808K, reserved 1048576K
}
Event: 10.391 GC heap before
{Heap before GC invocations=26 (full 0):
 garbage-first heap   total 249856K, used 204375K [0x0000000744e00000, 0x0000000800000000)
  region size 2048K, 64 young (131072K), 4 survivors (8192K)
 Metaspace       used 63007K, committed 64576K, reserved 1114112K
  class space    used 7967K, committed 8448K, reserved 1048576K
}
Event: 10.399 GC heap after
{Heap after GC invocations=27 (full 0):
 garbage-first heap   total 249856K, used 86256K [0x0000000744e00000, 0x0000000800000000)
  region size 2048K, 6 young (12288K), 6 survivors (12288K)
 Metaspace       used 63007K, committed 64576K, reserved 1114112K
  class space    used 7967K, committed 8448K, reserved 1048576K
}
Event: 11.376 GC heap before
{Heap before GC invocations=27 (full 0):
 garbage-first heap   total 249856K, used 205040K [0x0000000744e00000, 0x0000000800000000)
  region size 2048K, 64 young (131072K), 6 survivors (12288K)
 Metaspace       used 67195K, committed 68864K, reserved 1114112K
  class space    used 8621K, committed 9152K, reserved 1048576K
}
Event: 11.387 GC heap after
{Heap after GC invocations=28 (full 0):
 garbage-first heap   total 249856K, used 89874K [0x0000000744e00000, 0x0000000800000000)
  region size 2048K, 5 young (10240K), 5 survivors (10240K)
 Metaspace       used 67195K, committed 68864K, reserved 1114112K
  class space    used 8621K, committed 9152K, reserved 1048576K
}
Event: 12.373 GC heap before
{Heap before GC invocations=28 (full 0):
 garbage-first heap   total 249856K, used 204562K [0x0000000744e00000, 0x0000000800000000)
  region size 2048K, 61 young (124928K), 5 survivors (10240K)
 Metaspace       used 73885K, committed 75584K, reserved 1114112K
  class space    used 9486K, committed 10048K, reserved 1048576K
}
Event: 12.382 GC heap after
{Heap after GC invocations=29 (full 0):
 garbage-first heap   total 249856K, used 94012K [0x0000000744e00000, 0x0000000800000000)
  region size 2048K, 4 young (8192K), 4 survivors (8192K)
 Metaspace       used 73885K, committed 75584K, reserved 1114112K
  class space    used 9486K, committed 10048K, reserved 1048576K
}

