# JRE version: Java(TM) SE Runtime Environment (17.0.10+11) (build 17.0.10+11-LTS-240)
# Java VM: Java HotSpot(TM) 64-Bit Server VM (17.0.10+11-LTS-240, mixed mode, emulated-client, sharing, tiered, compressed oops, compressed class ptrs, g1 gc, windows-amd64)
GC Precious Log:
 CPUs: 8 total, 8 available
 Memory: 11968M
 Large Page Support: Disabled
 NUMA Support: Disabled
 Compressed Oops: Enabled (Zero based)
 Heap Region Size: 2M
 Heap Min Capacity: 8M
 Heap Initial Capacity: 188M
 Heap Max Capacity: 2994M
 Pre-touch: Disabled
 Parallel Workers: 8
 Concurrent Workers: 2
 Concurrent Refinement Workers: 8
 Periodic GC: Disabled
Heap:
 garbage-first heap   total 354304K, used 313229K [0x0000000744e00000, 0x0000000800000000)
  region size 2048K, 24 young (49152K), 3 survivors (6144K)
 Metaspace       used 138259K, committed 140544K, reserved 1179648K
  class space    used 16568K, committed 17472K, reserved 1048576K
GC Heap History (20 events):
Event: 45.774 GC heap before
{Heap before GC invocations=89 (full 0):
 garbage-first heap   total 354304K, used 310344K [0x0000000744e00000, 0x0000000800000000)
  region size 2048K, 30 young (61440K), 3 survivors (6144K)
 Metaspace       used 131886K, committed 134016K, reserved 1179648K
  class space    used 16078K, committed 16896K, reserved 1048576K
}
Event: 45.787 GC heap after
{Heap after GC invocations=90 (full 0):
 garbage-first heap   total 354304K, used 257051K [0x0000000744e00000, 0x0000000800000000)
  region size 2048K, 3 young (6144K), 3 survivors (6144K)
 Metaspace       used 131886K, committed 134016K, reserved 1179648K
  class space    used 16078K, committed 16896K, reserved 1048576K
}
Event: 46.294 GC heap before
{Heap before GC invocations=90 (full 0):
 garbage-first heap   total 354304K, used 310299K [0x0000000744e00000, 0x0000000800000000)
  region size 2048K, 29 young (59392K), 3 survivors (6144K)
 Metaspace       used 132334K, committed 134464K, reserved 1179648K
  class space    used 16109K, committed 16960K, reserved 1048576K
}
Event: 46.306 GC heap after
{Heap after GC invocations=91 (full 0):
 garbage-first heap   total 354304K, used 258956K [0x0000000744e00000, 0x0000000800000000)
  region size 2048K, 3 young (6144K), 3 survivors (6144K)
 Metaspace       used 132334K, committed 134464K, reserved 1179648K
  class space    used 16109K, committed 16960K, reserved 1048576K
}
Event: 46.981 GC heap before
{Heap before GC invocations=91 (full 0):
 garbage-first heap   total 354304K, used 310156K [0x0000000744e00000, 0x0000000800000000)
  region size 2048K, 28 young (57344K), 3 survivors (6144K)
 Metaspace       used 133470K, committed 135616K, reserved 1179648K
  class space    used 16188K, committed 17024K, reserved 1048576K
}
Event: 46.989 GC heap after
{Heap after GC invocations=92 (full 0):
 garbage-first heap   total 354304K, used 260431K [0x0000000744e00000, 0x0000000800000000)
  region size 2048K, 3 young (6144K), 3 survivors (6144K)
 Metaspace       used 133470K, committed 135616K, reserved 1179648K
  class space    used 16188K, committed 17024K, reserved 1048576K
}
Event: 47.674 GC heap before
{Heap before GC invocations=92 (full 0):
 garbage-first heap   total 354304K, used 309583K [0x0000000744e00000, 0x0000000800000000)
  region size 2048K, 27 young (55296K), 3 survivors (6144K)
 Metaspace       used 133878K, committed 136064K, reserved 1179648K
  class space    used 16214K, committed 17088K, reserved 1048576K
}
Event: 47.682 GC heap after
{Heap after GC invocations=93 (full 0):
 garbage-first heap   total 354304K, used 261871K [0x0000000744e00000, 0x0000000800000000)
  region size 2048K, 3 young (6144K), 3 survivors (6144K)
 Metaspace       used 133878K, committed 136064K, reserved 1179648K
  class space    used 16214K, committed 17088K, reserved 1048576K
}
Event: 48.131 GC heap before
{Heap before GC invocations=93 (full 0):
 garbage-first heap   total 354304K, used 308975K [0x0000000744e00000, 0x0000000800000000)
  region size 2048K, 26 young (53248K), 3 survivors (6144K)
 Metaspace       used 134371K, committed 136512K, reserved 1179648K
  class space    used 16250K, committed 17088K, reserved 1048576K
}
Event: 48.140 GC heap after
{Heap after GC invocations=94 (full 0):
 garbage-first heap   total 354304K, used 263399K [0x0000000744e00000, 0x0000000800000000)
  region size 2048K, 3 young (6144K), 3 survivors (6144K)
 Metaspace       used 134371K, committed 136512K, reserved 1179648K
  class space    used 16250K, committed 17088K, reserved 1048576K
}
Event: 48.838 GC heap before
{Heap before GC invocations=94 (full 0):
 garbage-first heap   total 354304K, used 308455K [0x0000000744e00000, 0x0000000800000000)
  region size 2048K, 25 young (51200K), 3 survivors (6144K)
 Metaspace       used 135028K, committed 137216K, reserved 1179648K
  class space    used 16298K, committed 17152K, reserved 1048576K
}
Event: 48.843 GC heap after
{Heap after GC invocations=95 (full 0):
 garbage-first heap   total 354304K, used 264888K [0x0000000744e00000, 0x0000000800000000)
  region size 2048K, 3 young (6144K), 3 survivors (6144K)
 Metaspace       used 135028K, committed 137216K, reserved 1179648K
  class space    used 16298K, committed 17152K, reserved 1048576K
}
Event: 49.167 GC heap before
{Heap before GC invocations=95 (full 0):
 garbage-first heap   total 354304K, used 307896K [0x0000000744e00000, 0x0000000800000000)
  region size 2048K, 24 young (49152K), 3 survivors (6144K)
 Metaspace       used 135676K, committed 137920K, reserved 1179648K
  class space    used 16345K, committed 17216K, reserved 1048576K
}
Event: 49.176 GC heap after
{Heap after GC invocations=96 (full 0):
 garbage-first heap   total 354304K, used 266365K [0x0000000744e00000, 0x0000000800000000)
  region size 2048K, 3 young (6144K), 3 survivors (6144K)
 Metaspace       used 135676K, committed 137920K, reserved 1179648K
  class space    used 16345K, committed 17216K, reserved 1048576K
}
Event: 49.530 GC heap before
{Heap before GC invocations=96 (full 0):
 garbage-first heap   total 354304K, used 309373K [0x0000000744e00000, 0x0000000800000000)
  region size 2048K, 24 young (49152K), 3 survivors (6144K)
 Metaspace       used 136440K, committed 138688K, reserved 1179648K
  class space    used 16400K, committed 17280K, reserved 1048576K
}
Event: 49.536 GC heap after
{Heap after GC invocations=97 (full 0):
 garbage-first heap   total 354304K, used 267367K [0x0000000744e00000, 0x0000000800000000)
  region size 2048K, 2 young (4096K), 2 survivors (4096K)
 Metaspace       used 136440K, committed 138688K, reserved 1179648K
  class space    used 16400K, committed 17280K, reserved 1048576K
}
Event: 49.906 GC heap before
{Heap before GC invocations=97 (full 0):
 garbage-first heap   total 354304K, used 312423K [0x0000000744e00000, 0x0000000800000000)
  region size 2048K, 24 young (49152K), 2 survivors (4096K)
 Metaspace       used 136914K, committed 139200K, reserved 1179648K
  class space    used 16438K, committed 17344K, reserved 1048576K
}
Event: 49.913 GC heap after
{Heap after GC invocations=98 (full 0):
 garbage-first heap   total 354304K, used 268879K [0x0000000744e00000, 0x0000000800000000)
  region size 2048K, 2 young (4096K), 2 survivors (4096K)
 Metaspace       used 136914K, committed 139200K, reserved 1179648K
  class space    used 16438K, committed 17344K, reserved 1048576K
}
Event: 50.432 GC heap before
{Heap before GC invocations=98 (full 0):
 garbage-first heap   total 354304K, used 311887K [0x0000000744e00000, 0x0000000800000000)
  region size 2048K, 23 young (47104K), 2 survivors (4096K)
 Metaspace       used 138095K, committed 140352K, reserved 1179648K
  class space    used 16554K, committed 17472K, reserved 1048576K
}
Event: 50.437 GC heap after
{Heap after GC invocations=99 (full 0):
 garbage-first heap   total 354304K, used 270221K [0x0000000744e00000, 0x0000000800000000)
  region size 2048K, 2 young (4096K), 2 survivors (4096K)
 Metaspace       used 138095K, committed 140352K, reserved 1179648K
  class space    used 16554K, committed 17472K, reserved 1048576K
}

