# JRE version: Java(TM) SE Runtime Environment (17.0.10+11) (build 17.0.10+11-LTS-240)
# Java VM: Java HotSpot(TM) 64-Bit Server VM (17.0.10+11-LTS-240, mixed mode, emulated-client, sharing, tiered, compressed oops, compressed class ptrs, g1 gc, windows-amd64)
GC Precious Log:
 CPUs: 8 total, 8 available
 Memory: 11968M
 Large Page Support: Disabled
 NUMA Support: Disabled
 Compressed Oops: Enabled (Zero based)
 Heap Region Size: 2M
 Heap Min Capacity: 8M
 Heap Initial Capacity: 188M
 Heap Max Capacity: 2994M
 Pre-touch: Disabled
 Parallel Workers: 8
 Concurrent Workers: 2
 Concurrent Refinement Workers: 8
 Periodic GC: Disabled
Heap:
 garbage-first heap   total 217088K, used 82547K [0x0000000744e00000, 0x0000000800000000)
  region size 2048K, 4 young (8192K), 4 survivors (8192K)
 Metaspace       used 58833K, committed 60480K, reserved 1114112K
  class space    used 7386K, committed 7936K, reserved 1048576K
GC Heap History (20 events):
Event: 5.054 GC heap after
{Heap after GC invocations=14 (full 0):
 garbage-first heap   total 178176K, used 59298K [0x0000000744e00000, 0x0000000800000000)
  region size 2048K, 6 young (12288K), 6 survivors (12288K)
 Metaspace       used 23467K, committed 24000K, reserved 1114112K
  class space    used 3324K, committed 3584K, reserved 1048576K
}
Event: 5.650 GC heap before
{Heap before GC invocations=14 (full 0):
 garbage-first heap   total 178176K, used 133026K [0x0000000744e00000, 0x0000000800000000)
  region size 2048K, 43 young (88064K), 6 survivors (12288K)
 Metaspace       used 27909K, committed 28416K, reserved 1114112K
  class space    used 3857K, committed 4096K, reserved 1048576K
}
Event: 5.657 GC heap after
{Heap after GC invocations=15 (full 0):
 garbage-first heap   total 178176K, used 64959K [0x0000000744e00000, 0x0000000800000000)
  region size 2048K, 3 young (6144K), 3 survivors (6144K)
 Metaspace       used 27909K, committed 28416K, reserved 1114112K
  class space    used 3857K, committed 4096K, reserved 1048576K
}
Event: 6.397 GC heap before
{Heap before GC invocations=15 (full 0):
 garbage-first heap   total 178176K, used 138687K [0x0000000744e00000, 0x0000000800000000)
  region size 2048K, 39 young (79872K), 3 survivors (6144K)
 Metaspace       used 33316K, committed 33856K, reserved 1114112K
  class space    used 4634K, committed 4864K, reserved 1048576K
}
Event: 6.403 GC heap after
{Heap after GC invocations=16 (full 0):
 garbage-first heap   total 217088K, used 67154K [0x0000000744e00000, 0x0000000800000000)
  region size 2048K, 4 young (8192K), 4 survivors (8192K)
 Metaspace       used 33316K, committed 33856K, reserved 1114112K
  class space    used 4634K, committed 4864K, reserved 1048576K
}
Event: 6.779 GC heap before
{Heap before GC invocations=16 (full 0):
 garbage-first heap   total 217088K, used 142930K [0x0000000744e00000, 0x0000000800000000)
  region size 2048K, 42 young (86016K), 4 survivors (8192K)
 Metaspace       used 35309K, committed 35968K, reserved 1114112K
  class space    used 5020K, committed 5376K, reserved 1048576K
}
Event: 6.784 GC heap after
{Heap after GC invocations=17 (full 0):
 garbage-first heap   total 217088K, used 68685K [0x0000000744e00000, 0x0000000800000000)
  region size 2048K, 3 young (6144K), 3 survivors (6144K)
 Metaspace       used 35309K, committed 35968K, reserved 1114112K
  class space    used 5020K, committed 5376K, reserved 1048576K
}
Event: 7.412 GC heap before
{Heap before GC invocations=18 (full 0):
 garbage-first heap   total 217088K, used 171085K [0x0000000744e00000, 0x0000000800000000)
  region size 2048K, 53 young (108544K), 3 survivors (6144K)
 Metaspace       used 45193K, committed 46784K, reserved 1114112K
  class space    used 5757K, committed 6272K, reserved 1048576K
}
Event: 7.417 GC heap after
{Heap after GC invocations=19 (full 0):
 garbage-first heap   total 217088K, used 70876K [0x0000000744e00000, 0x0000000800000000)
  region size 2048K, 4 young (8192K), 4 survivors (8192K)
 Metaspace       used 45193K, committed 46784K, reserved 1114112K
  class space    used 5757K, committed 6272K, reserved 1048576K
}
Event: 8.168 GC heap before
{Heap before GC invocations=19 (full 0):
 garbage-first heap   total 217088K, used 173276K [0x0000000744e00000, 0x0000000800000000)
  region size 2048K, 54 young (110592K), 4 survivors (8192K)
 Metaspace       used 50043K, committed 51584K, reserved 1114112K
  class space    used 6228K, committed 6720K, reserved 1048576K
}
Event: 8.182 GC heap after
{Heap after GC invocations=20 (full 0):
 garbage-first heap   total 217088K, used 74648K [0x0000000744e00000, 0x0000000800000000)
  region size 2048K, 6 young (12288K), 6 survivors (12288K)
 Metaspace       used 50043K, committed 51584K, reserved 1114112K
  class space    used 6228K, committed 6720K, reserved 1048576K
}
Event: 9.062 GC heap before
{Heap before GC invocations=20 (full 0):
 garbage-first heap   total 217088K, used 175000K [0x0000000744e00000, 0x0000000800000000)
  region size 2048K, 55 young (112640K), 6 survivors (12288K)
 Metaspace       used 50525K, committed 52160K, reserved 1114112K
  class space    used 6302K, committed 6848K, reserved 1048576K
}
Event: 9.077 GC heap after
{Heap after GC invocations=21 (full 0):
 garbage-first heap   total 217088K, used 75620K [0x0000000744e00000, 0x0000000800000000)
  region size 2048K, 5 young (10240K), 5 survivors (10240K)
 Metaspace       used 50525K, committed 52160K, reserved 1114112K
  class space    used 6302K, committed 6848K, reserved 1048576K
}
Event: 9.751 GC heap before
{Heap before GC invocations=21 (full 0):
 garbage-first heap   total 217088K, used 178020K [0x0000000744e00000, 0x0000000800000000)
  region size 2048K, 55 young (112640K), 5 survivors (10240K)
 Metaspace       used 51612K, committed 53184K, reserved 1114112K
  class space    used 6464K, committed 6976K, reserved 1048576K
}
Event: 9.759 GC heap after
{Heap after GC invocations=22 (full 0):
 garbage-first heap   total 217088K, used 76175K [0x0000000744e00000, 0x0000000800000000)
  region size 2048K, 4 young (8192K), 4 survivors (8192K)
 Metaspace       used 51612K, committed 53184K, reserved 1114112K
  class space    used 6464K, committed 6976K, reserved 1048576K
}
Event: 11.088 GC heap before
{Heap before GC invocations=22 (full 0):
 garbage-first heap   total 217088K, used 180623K [0x0000000744e00000, 0x0000000800000000)
  region size 2048K, 55 young (112640K), 4 survivors (8192K)
 Metaspace       used 53774K, committed 55360K, reserved 1114112K
  class space    used 6801K, committed 7296K, reserved 1048576K
}
Event: 11.100 GC heap after
{Heap after GC invocations=23 (full 0):
 garbage-first heap   total 217088K, used 79287K [0x0000000744e00000, 0x0000000800000000)
  region size 2048K, 6 young (12288K), 6 survivors (12288K)
 Metaspace       used 53774K, committed 55360K, reserved 1114112K
  class space    used 6801K, committed 7296K, reserved 1048576K
}
Event: 12.189 GC heap before
{Heap before GC invocations=23 (full 0):
 garbage-first heap   total 217088K, used 179639K [0x0000000744e00000, 0x0000000800000000)
  region size 2048K, 55 young (112640K), 6 survivors (12288K)
 Metaspace       used 57995K, committed 59712K, reserved 1114112K
  class space    used 7308K, committed 7872K, reserved 1048576K
}
Event: 12.202 GC heap after
{Heap after GC invocations=24 (full 0):
 garbage-first heap   total 217088K, used 82387K [0x0000000744e00000, 0x0000000800000000)
  region size 2048K, 4 young (8192K), 4 survivors (8192K)
 Metaspace       used 57995K, committed 59712K, reserved 1114112K
  class space    used 7308K, committed 7872K, reserved 1048576K
}
Event: 12.328 GC heap before
{Heap before GC invocations=24 (full 0):
 garbage-first heap   total 217088K, used 109011K [0x0000000744e00000, 0x0000000800000000)
  region size 2048K, 18 young (36864K), 4 survivors (8192K)
 Metaspace       used 58833K, committed 60480K, reserved 1114112K
  class space    used 7386K, committed 7936K, reserved 1048576K
}

