# JRE version: Java(TM) SE Runtime Environment (17.0.10+11) (build 17.0.10+11-LTS-240)
# Java VM: Java HotSpot(TM) 64-Bit Server VM (17.0.10+11-LTS-240, mixed mode, emulated-client, sharing, tiered, compressed oops, compressed class ptrs, g1 gc, windows-amd64)
GC Precious Log:
 CPUs: 8 total, 8 available
 Memory: 11968M
 Large Page Support: Disabled
 NUMA Support: Disabled
 Compressed Oops: Enabled (Zero based)
 Heap Region Size: 2M
 Heap Min Capacity: 8M
 Heap Initial Capacity: 188M
 Heap Max Capacity: 2994M
 Pre-touch: Disabled
 Parallel Workers: 8
 Concurrent Workers: 2
 Concurrent Refinement Workers: 8
 Periodic GC: Disabled
Heap:
 garbage-first heap   total 294912K, used 155646K [0x0000000744e00000, 0x0000000800000000)
  region size 2048K, 5 young (10240K), 5 survivors (10240K)
 Metaspace       used 110115K, committed 112000K, reserved 1179648K
  class space    used 14046K, committed 14720K, reserved 1048576K
GC Heap History (20 events):
Event: 33.378 GC heap after
{Heap after GC invocations=44 (full 0):
 garbage-first heap   total 294912K, used 148685K [0x0000000744e00000, 0x0000000800000000)
  region size 2048K, 1 young (2048K), 1 survivors (2048K)
 Metaspace       used 104789K, committed 106560K, reserved 1179648K
  class space    used 13444K, committed 14080K, reserved 1048576K
}
Event: 34.097 GC heap before
{Heap before GC invocations=44 (full 0):
 garbage-first heap   total 294912K, used 242893K [0x0000000744e00000, 0x0000000800000000)
  region size 2048K, 47 young (96256K), 1 survivors (2048K)
 Metaspace       used 105906K, committed 107712K, reserved 1179648K
  class space    used 13596K, committed 14272K, reserved 1048576K
}
Event: 34.102 GC heap after
{Heap after GC invocations=45 (full 0):
 garbage-first heap   total 294912K, used 151175K [0x0000000744e00000, 0x0000000800000000)
  region size 2048K, 3 young (6144K), 3 survivors (6144K)
 Metaspace       used 105906K, committed 107712K, reserved 1179648K
  class space    used 13596K, committed 14272K, reserved 1048576K
}
Event: 34.861 GC heap before
{Heap before GC invocations=46 (full 0):
 garbage-first heap   total 294912K, used 237191K [0x0000000744e00000, 0x0000000800000000)
  region size 2048K, 48 young (98304K), 3 survivors (6144K)
 Metaspace       used 106933K, committed 108736K, reserved 1179648K
  class space    used 13754K, committed 14400K, reserved 1048576K
}
Event: 34.868 GC heap after
{Heap after GC invocations=47 (full 0):
 garbage-first heap   total 294912K, used 147522K [0x0000000744e00000, 0x0000000800000000)
  region size 2048K, 4 young (8192K), 4 survivors (8192K)
 Metaspace       used 106933K, committed 108736K, reserved 1179648K
  class space    used 13754K, committed 14400K, reserved 1048576K
}
Event: 34.900 GC heap before
{Heap before GC invocations=47 (full 0):
 garbage-first heap   total 294912K, used 153666K [0x0000000744e00000, 0x0000000800000000)
  region size 2048K, 7 young (14336K), 4 survivors (8192K)
 Metaspace       used 106943K, committed 108800K, reserved 1179648K
  class space    used 13756K, committed 14400K, reserved 1048576K
}
Event: 34.909 GC heap after
{Heap after GC invocations=48 (full 0):
 garbage-first heap   total 294912K, used 136340K [0x0000000744e00000, 0x0000000800000000)
  region size 2048K, 1 young (2048K), 1 survivors (2048K)
 Metaspace       used 106943K, committed 108800K, reserved 1179648K
  class space    used 13756K, committed 14400K, reserved 1048576K
}
Event: 35.877 GC heap before
{Heap before GC invocations=48 (full 0):
 garbage-first heap   total 294912K, used 242836K [0x0000000744e00000, 0x0000000800000000)
  region size 2048K, 53 young (108544K), 1 survivors (2048K)
 Metaspace       used 107430K, committed 109312K, reserved 1179648K
  class space    used 13805K, committed 14464K, reserved 1048576K
}
Event: 35.883 GC heap after
{Heap after GC invocations=49 (full 0):
 garbage-first heap   total 294912K, used 140217K [0x0000000744e00000, 0x0000000800000000)
  region size 2048K, 3 young (6144K), 3 survivors (6144K)
 Metaspace       used 107430K, committed 109312K, reserved 1179648K
  class space    used 13805K, committed 14464K, reserved 1048576K
}
Event: 36.984 GC heap before
{Heap before GC invocations=50 (full 0):
 garbage-first heap   total 294912K, used 244665K [0x0000000744e00000, 0x0000000800000000)
  region size 2048K, 54 young (110592K), 3 survivors (6144K)
 Metaspace       used 107874K, committed 109760K, reserved 1179648K
  class space    used 13849K, committed 14528K, reserved 1048576K
}
Event: 36.993 GC heap after
{Heap after GC invocations=51 (full 0):
 garbage-first heap   total 294912K, used 144195K [0x0000000744e00000, 0x0000000800000000)
  region size 2048K, 5 young (10240K), 5 survivors (10240K)
 Metaspace       used 107874K, committed 109760K, reserved 1179648K
  class space    used 13849K, committed 14528K, reserved 1048576K
}
Event: 37.012 GC heap before
{Heap before GC invocations=51 (full 0):
 garbage-first heap   total 294912K, used 148291K [0x0000000744e00000, 0x0000000800000000)
  region size 2048K, 7 young (14336K), 5 survivors (10240K)
 Metaspace       used 107874K, committed 109760K, reserved 1179648K
  class space    used 13849K, committed 14528K, reserved 1048576K
}
Event: 37.024 GC heap after
{Heap after GC invocations=52 (full 0):
 garbage-first heap   total 294912K, used 142547K [0x0000000744e00000, 0x0000000800000000)
  region size 2048K, 1 young (2048K), 1 survivors (2048K)
 Metaspace       used 107874K, committed 109760K, reserved 1179648K
  class space    used 13849K, committed 14528K, reserved 1048576K
}
Event: 37.784 GC heap before
{Heap before GC invocations=52 (full 0):
 garbage-first heap   total 294912K, used 246995K [0x0000000744e00000, 0x0000000800000000)
  region size 2048K, 52 young (106496K), 1 survivors (2048K)
 Metaspace       used 108288K, committed 110144K, reserved 1179648K
  class space    used 13917K, committed 14592K, reserved 1048576K
}
Event: 37.790 GC heap after
{Heap after GC invocations=53 (full 0):
 garbage-first heap   total 294912K, used 147639K [0x0000000744e00000, 0x0000000800000000)
  region size 2048K, 4 young (8192K), 4 survivors (8192K)
 Metaspace       used 108288K, committed 110144K, reserved 1179648K
  class space    used 13917K, committed 14592K, reserved 1048576K
}
Event: 38.493 GC heap before
{Heap before GC invocations=53 (full 0):
 garbage-first heap   total 294912K, used 245943K [0x0000000744e00000, 0x0000000800000000)
  region size 2048K, 52 young (106496K), 4 survivors (8192K)
 Metaspace       used 108925K, committed 110784K, reserved 1179648K
  class space    used 13970K, committed 14656K, reserved 1048576K
}
Event: 38.501 GC heap after
{Heap after GC invocations=54 (full 0):
 garbage-first heap   total 294912K, used 149990K [0x0000000744e00000, 0x0000000800000000)
  region size 2048K, 5 young (10240K), 5 survivors (10240K)
 Metaspace       used 108925K, committed 110784K, reserved 1179648K
  class space    used 13970K, committed 14656K, reserved 1048576K
}
Event: 39.159 GC heap before
{Heap before GC invocations=54 (full 0):
 garbage-first heap   total 294912K, used 248294K [0x0000000744e00000, 0x0000000800000000)
  region size 2048K, 53 young (108544K), 5 survivors (10240K)
 Metaspace       used 109427K, committed 111360K, reserved 1179648K
  class space    used 14009K, committed 14720K, reserved 1048576K
}
Event: 39.170 GC heap after
{Heap after GC invocations=55 (full 0):
 garbage-first heap   total 294912K, used 153029K [0x0000000744e00000, 0x0000000800000000)
  region size 2048K, 4 young (8192K), 4 survivors (8192K)
 Metaspace       used 109427K, committed 111360K, reserved 1179648K
  class space    used 14009K, committed 14720K, reserved 1048576K
}
Event: 39.786 GC heap before
{Heap before GC invocations=55 (full 0):
 garbage-first heap   total 294912K, used 249285K [0x0000000744e00000, 0x0000000800000000)
  region size 2048K, 51 young (104448K), 4 survivors (8192K)
 Metaspace       used 110115K, committed 112000K, reserved 1179648K
  class space    used 14046K, committed 14720K, reserved 1048576K
}

