# JRE version: Java(TM) SE Runtime Environment (17.0.10+11) (build 17.0.10+11-LTS-240)
# Java VM: Java HotSpot(TM) 64-Bit Server VM (17.0.10+11-LTS-240, mixed mode, emulated-client, sharing, tiered, compressed oops, compressed class ptrs, g1 gc, windows-amd64)
GC Precious Log:
 CPUs: 8 total, 8 available
 Memory: 11968M
 Large Page Support: Disabled
 NUMA Support: Disabled
 Compressed Oops: Enabled (Zero based)
 Heap Region Size: 2M
 Heap Min Capacity: 8M
 Heap Initial Capacity: 188M
 Heap Max Capacity: 2994M
 Pre-touch: Disabled
 Parallel Workers: 8
 Concurrent Workers: 2
 Concurrent Refinement Workers: 8
 Periodic GC: Disabled
Heap:
 garbage-first heap   total 475136K, used 276324K [0x0000000744e00000, 0x0000000800000000)
  region size 2048K, 2 young (4096K), 2 survivors (4096K)
 Metaspace       used 137065K, committed 139456K, reserved 1179648K
  class space    used 16493K, committed 17472K, reserved 1048576K
GC Heap History (20 events):
Event: 59.377 GC heap after
{Heap after GC invocations=94 (full 0):
 garbage-first heap   total 403456K, used 218298K [0x0000000744e00000, 0x0000000800000000)
  region size 2048K, 1 young (2048K), 1 survivors (2048K)
 Metaspace       used 127417K, committed 129536K, reserved 1179648K
  class space    used 15765K, committed 16576K, reserved 1048576K
}
Event: 60.598 GC heap before
{Heap before GC invocations=94 (full 0):
 garbage-first heap   total 403456K, used 349370K [0x0000000744e00000, 0x0000000800000000)
  region size 2048K, 65 young (133120K), 1 survivors (2048K)
 Metaspace       used 129058K, committed 131200K, reserved 1179648K
  class space    used 15879K, committed 16704K, reserved 1048576K
}
Event: 60.605 GC heap after
{Heap after GC invocations=95 (full 0):
 garbage-first heap   total 403456K, used 220996K [0x0000000744e00000, 0x0000000800000000)
  region size 2048K, 3 young (6144K), 3 survivors (6144K)
 Metaspace       used 129058K, committed 131200K, reserved 1179648K
  class space    used 15879K, committed 16704K, reserved 1048576K
}
Event: 62.094 GC heap before
{Heap before GC invocations=95 (full 0):
 garbage-first heap   total 403456K, used 347972K [0x0000000744e00000, 0x0000000800000000)
  region size 2048K, 65 young (133120K), 3 survivors (6144K)
 Metaspace       used 131081K, committed 133312K, reserved 1179648K
  class space    used 16020K, committed 16896K, reserved 1048576K
}
Event: 62.102 GC heap after
{Heap after GC invocations=96 (full 0):
 garbage-first heap   total 403456K, used 224997K [0x0000000744e00000, 0x0000000800000000)
  region size 2048K, 5 young (10240K), 5 survivors (10240K)
 Metaspace       used 131081K, committed 133312K, reserved 1179648K
  class space    used 16020K, committed 16896K, reserved 1048576K
}
Event: 63.095 GC heap before
{Heap before GC invocations=96 (full 0):
 garbage-first heap   total 403456K, used 347877K [0x0000000744e00000, 0x0000000800000000)
  region size 2048K, 65 young (133120K), 5 survivors (10240K)
 Metaspace       used 132522K, committed 134784K, reserved 1179648K
  class space    used 16115K, committed 17024K, reserved 1048576K
}
Event: 63.104 GC heap after
{Heap after GC invocations=97 (full 0):
 garbage-first heap   total 403456K, used 229544K [0x0000000744e00000, 0x0000000800000000)
  region size 2048K, 7 young (14336K), 7 survivors (14336K)
 Metaspace       used 132522K, committed 134784K, reserved 1179648K
  class space    used 16115K, committed 17024K, reserved 1048576K
}
Event: 64.309 GC heap before
{Heap before GC invocations=98 (full 0):
 garbage-first heap   total 413696K, used 344232K [0x0000000744e00000, 0x0000000800000000)
  region size 2048K, 63 young (129024K), 7 survivors (14336K)
 Metaspace       used 134190K, committed 136512K, reserved 1179648K
  class space    used 16232K, committed 17152K, reserved 1048576K
}
Event: 64.320 GC heap after
{Heap after GC invocations=99 (full 0):
 garbage-first heap   total 413696K, used 233413K [0x0000000744e00000, 0x0000000800000000)
  region size 2048K, 7 young (14336K), 7 survivors (14336K)
 Metaspace       used 134190K, committed 136512K, reserved 1179648K
  class space    used 16232K, committed 17152K, reserved 1048576K
}
Event: 64.369 GC heap before
{Heap before GC invocations=99 (full 0):
 garbage-first heap   total 413696K, used 239557K [0x0000000744e00000, 0x0000000800000000)
  region size 2048K, 10 young (20480K), 7 survivors (14336K)
 Metaspace       used 134257K, committed 136576K, reserved 1179648K
  class space    used 16237K, committed 17152K, reserved 1048576K
}
Event: 64.382 GC heap after
{Heap after GC invocations=100 (full 0):
 garbage-first heap   total 413696K, used 232760K [0x0000000744e00000, 0x0000000800000000)
  region size 2048K, 1 young (2048K), 1 survivors (2048K)
 Metaspace       used 134257K, committed 136576K, reserved 1179648K
  class space    used 16237K, committed 17152K, reserved 1048576K
}
Event: 65.282 GC heap before
{Heap before GC invocations=100 (full 0):
 garbage-first heap   total 413696K, used 357688K [0x0000000744e00000, 0x0000000800000000)
  region size 2048K, 62 young (126976K), 1 survivors (2048K)
 Metaspace       used 135695K, committed 138048K, reserved 1179648K
  class space    used 16351K, committed 17280K, reserved 1048576K
}
Event: 65.289 GC heap after
{Heap after GC invocations=101 (full 0):
 garbage-first heap   total 413696K, used 235172K [0x0000000744e00000, 0x0000000800000000)
  region size 2048K, 3 young (6144K), 3 survivors (6144K)
 Metaspace       used 135695K, committed 138048K, reserved 1179648K
  class space    used 16351K, committed 17280K, reserved 1048576K
}
Event: 65.593 GC heap before
{Heap before GC invocations=101 (full 0):
 garbage-first heap   total 413696K, used 356004K [0x0000000744e00000, 0x0000000800000000)
  region size 2048K, 62 young (126976K), 3 survivors (6144K)
 Metaspace       used 136747K, committed 139136K, reserved 1179648K
  class space    used 16458K, committed 17408K, reserved 1048576K
}
Event: 65.603 GC heap after
{Heap after GC invocations=102 (full 0):
 garbage-first heap   total 413696K, used 253592K [0x0000000744e00000, 0x0000000800000000)
  region size 2048K, 8 young (16384K), 8 survivors (16384K)
 Metaspace       used 136747K, committed 139136K, reserved 1179648K
  class space    used 16458K, committed 17408K, reserved 1048576K
}
Event: 66.360 GC heap before
{Heap before GC invocations=102 (full 0):
 garbage-first heap   total 413696K, used 343704K [0x0000000744e00000, 0x0000000800000000)
  region size 2048K, 52 young (106496K), 8 survivors (16384K)
 Metaspace       used 136761K, committed 139136K, reserved 1179648K
  class space    used 16460K, committed 17408K, reserved 1048576K
}
Event: 66.375 GC heap after
{Heap after GC invocations=103 (full 0):
 garbage-first heap   total 413696K, used 270771K [0x0000000744e00000, 0x0000000800000000)
  region size 2048K, 7 young (14336K), 7 survivors (14336K)
 Metaspace       used 136761K, committed 139136K, reserved 1179648K
  class space    used 16460K, committed 17408K, reserved 1048576K
}
Event: 66.856 GC heap before
{Heap before GC invocations=104 (full 0):
 garbage-first heap   total 475136K, used 342451K [0x0000000744e00000, 0x0000000800000000)
  region size 2048K, 42 young (86016K), 7 survivors (14336K)
 Metaspace       used 136763K, committed 139136K, reserved 1179648K
  class space    used 16460K, committed 17408K, reserved 1048576K
}
Event: 66.864 GC heap after
{Heap after GC invocations=105 (full 0):
 garbage-first heap   total 475136K, used 276075K [0x0000000744e00000, 0x0000000800000000)
  region size 2048K, 2 young (4096K), 2 survivors (4096K)
 Metaspace       used 136763K, committed 139136K, reserved 1179648K
  class space    used 16460K, committed 17408K, reserved 1048576K
}
Event: 66.908 GC heap before
{Heap before GC invocations=105 (full 0):
 garbage-first heap   total 475136K, used 292459K [0x0000000744e00000, 0x0000000800000000)
  region size 2048K, 11 young (22528K), 2 survivors (4096K)
 Metaspace       used 137065K, committed 139456K, reserved 1179648K
  class space    used 16493K, committed 17472K, reserved 1048576K
}

