# JRE version: Java(TM) SE Runtime Environment (17.0.10+11) (build 17.0.10+11-LTS-240)
# Java VM: Java HotSpot(TM) 64-Bit Server VM (17.0.10+11-LTS-240, mixed mode, emulated-client, sharing, tiered, compressed oops, compressed class ptrs, g1 gc, windows-amd64)
GC Precious Log:
 CPUs: 8 total, 8 available
 Memory: 11968M
 Large Page Support: Disabled
 NUMA Support: Disabled
 Compressed Oops: Enabled (Zero based)
 Heap Region Size: 2M
 Heap Min Capacity: 8M
 Heap Initial Capacity: 188M
 Heap Max Capacity: 2994M
 Pre-touch: Disabled
 Parallel Workers: 8
 Concurrent Workers: 2
 Concurrent Refinement Workers: 8
 Periodic GC: Disabled
Heap:
 garbage-first heap   total 319488K, used 161171K [0x0000000744e00000, 0x0000000800000000)
  region size 2048K, 2 young (4096K), 2 survivors (4096K)
 Metaspace       used 111880K, committed 113856K, reserved 1179648K
  class space    used 14118K, committed 14848K, reserved 1048576K
GC Heap History (20 events):
Event: 27.411 GC heap after
{Heap after GC invocations=64 (full 0):
 garbage-first heap   total 319488K, used 150673K [0x0000000744e00000, 0x0000000800000000)
  region size 2048K, 3 young (6144K), 3 survivors (6144K)
 Metaspace       used 105321K, committed 107328K, reserved 1179648K
  class space    used 13601K, committed 14336K, reserved 1048576K
}
Event: 28.089 GC heap before
{Heap before GC invocations=65 (full 0):
 garbage-first heap   total 319488K, used 259217K [0x0000000744e00000, 0x0000000800000000)
  region size 2048K, 57 young (116736K), 3 survivors (6144K)
 Metaspace       used 105902K, committed 107904K, reserved 1179648K
  class space    used 13663K, committed 14400K, reserved 1048576K
}
Event: 28.095 GC heap after
{Heap after GC invocations=66 (full 0):
 garbage-first heap   total 319488K, used 153297K [0x0000000744e00000, 0x0000000800000000)
  region size 2048K, 5 young (10240K), 5 survivors (10240K)
 Metaspace       used 105902K, committed 107904K, reserved 1179648K
  class space    used 13663K, committed 14400K, reserved 1048576K
}
Event: 28.122 GC heap before
{Heap before GC invocations=66 (full 0):
 garbage-first heap   total 319488K, used 157393K [0x0000000744e00000, 0x0000000800000000)
  region size 2048K, 7 young (14336K), 5 survivors (10240K)
 Metaspace       used 105996K, committed 108032K, reserved 1179648K
  class space    used 13676K, committed 14400K, reserved 1048576K
}
Event: 28.129 GC heap after
{Heap after GC invocations=67 (full 0):
 garbage-first heap   total 319488K, used 136476K [0x0000000744e00000, 0x0000000800000000)
  region size 2048K, 1 young (2048K), 1 survivors (2048K)
 Metaspace       used 105996K, committed 108032K, reserved 1179648K
  class space    used 13676K, committed 14400K, reserved 1048576K
}
Event: 28.821 GC heap before
{Heap before GC invocations=67 (full 0):
 garbage-first heap   total 319488K, used 265500K [0x0000000744e00000, 0x0000000800000000)
  region size 2048K, 64 young (131072K), 1 survivors (2048K)
 Metaspace       used 106542K, committed 108544K, reserved 1179648K
  class space    used 13725K, committed 14464K, reserved 1048576K
}
Event: 28.826 GC heap after
{Heap after GC invocations=68 (full 0):
 garbage-first heap   total 319488K, used 140811K [0x0000000744e00000, 0x0000000800000000)
  region size 2048K, 3 young (6144K), 3 survivors (6144K)
 Metaspace       used 106542K, committed 108544K, reserved 1179648K
  class space    used 13725K, committed 14464K, reserved 1048576K
}
Event: 29.401 GC heap before
{Heap before GC invocations=68 (full 0):
 garbage-first heap   total 319488K, used 267787K [0x0000000744e00000, 0x0000000800000000)
  region size 2048K, 65 young (133120K), 3 survivors (6144K)
 Metaspace       used 107138K, committed 109120K, reserved 1179648K
  class space    used 13807K, committed 14528K, reserved 1048576K
}
Event: 29.408 GC heap after
{Heap after GC invocations=69 (full 0):
 garbage-first heap   total 319488K, used 146432K [0x0000000744e00000, 0x0000000800000000)
  region size 2048K, 6 young (12288K), 6 survivors (12288K)
 Metaspace       used 107138K, committed 109120K, reserved 1179648K
  class space    used 13807K, committed 14528K, reserved 1048576K
}
Event: 30.161 GC heap before
{Heap before GC invocations=69 (full 0):
 garbage-first heap   total 319488K, used 267264K [0x0000000744e00000, 0x0000000800000000)
  region size 2048K, 65 young (133120K), 6 survivors (12288K)
 Metaspace       used 107882K, committed 109888K, reserved 1179648K
  class space    used 13869K, committed 14592K, reserved 1048576K
}
Event: 30.170 GC heap after
{Heap after GC invocations=70 (full 0):
 garbage-first heap   total 319488K, used 150315K [0x0000000744e00000, 0x0000000800000000)
  region size 2048K, 5 young (10240K), 5 survivors (10240K)
 Metaspace       used 107882K, committed 109888K, reserved 1179648K
  class space    used 13869K, committed 14592K, reserved 1048576K
}
Event: 30.758 GC heap before
{Heap before GC invocations=70 (full 0):
 garbage-first heap   total 319488K, used 269099K [0x0000000744e00000, 0x0000000800000000)
  region size 2048K, 63 young (129024K), 5 survivors (10240K)
 Metaspace       used 108538K, committed 110592K, reserved 1179648K
  class space    used 13910K, committed 14656K, reserved 1048576K
}
Event: 30.765 GC heap after
{Heap after GC invocations=71 (full 0):
 garbage-first heap   total 319488K, used 153598K [0x0000000744e00000, 0x0000000800000000)
  region size 2048K, 4 young (8192K), 4 survivors (8192K)
 Metaspace       used 108538K, committed 110592K, reserved 1179648K
  class space    used 13910K, committed 14656K, reserved 1048576K
}
Event: 31.378 GC heap before
{Heap before GC invocations=71 (full 0):
 garbage-first heap   total 319488K, used 270334K [0x0000000744e00000, 0x0000000800000000)
  region size 2048K, 61 young (124928K), 4 survivors (8192K)
 Metaspace       used 109181K, committed 111232K, reserved 1179648K
  class space    used 13957K, committed 14720K, reserved 1048576K
}
Event: 31.386 GC heap after
{Heap after GC invocations=72 (full 0):
 garbage-first heap   total 319488K, used 157481K [0x0000000744e00000, 0x0000000800000000)
  region size 2048K, 6 young (12288K), 6 survivors (12288K)
 Metaspace       used 109181K, committed 111232K, reserved 1179648K
  class space    used 13957K, committed 14720K, reserved 1048576K
}
Event: 32.046 GC heap before
{Heap before GC invocations=73 (full 0):
 garbage-first heap   total 319488K, used 270121K [0x0000000744e00000, 0x0000000800000000)
  region size 2048K, 61 young (124928K), 6 survivors (12288K)
 Metaspace       used 109837K, committed 111808K, reserved 1179648K
  class space    used 14012K, committed 14720K, reserved 1048576K
}
Event: 32.055 GC heap after
{Heap after GC invocations=74 (full 0):
 garbage-first heap   total 319488K, used 162372K [0x0000000744e00000, 0x0000000800000000)
  region size 2048K, 7 young (14336K), 7 survivors (14336K)
 Metaspace       used 109837K, committed 111808K, reserved 1179648K
  class space    used 14012K, committed 14720K, reserved 1048576K
}
Event: 32.071 GC heap before
{Heap before GC invocations=74 (full 0):
 garbage-first heap   total 319488K, used 164420K [0x0000000744e00000, 0x0000000800000000)
  region size 2048K, 8 young (16384K), 7 survivors (14336K)
 Metaspace       used 109840K, committed 111808K, reserved 1179648K
  class space    used 14012K, committed 14720K, reserved 1048576K
}
Event: 32.078 GC heap after
{Heap after GC invocations=75 (full 0):
 garbage-first heap   total 319488K, used 159718K [0x0000000744e00000, 0x0000000800000000)
  region size 2048K, 1 young (2048K), 1 survivors (2048K)
 Metaspace       used 109840K, committed 111808K, reserved 1179648K
  class space    used 14012K, committed 14720K, reserved 1048576K
}
Event: 32.819 GC heap before
{Heap before GC invocations=75 (full 0):
 garbage-first heap   total 319488K, used 272358K [0x0000000744e00000, 0x0000000800000000)
  region size 2048K, 56 young (114688K), 1 survivors (2048K)
 Metaspace       used 111880K, committed 113856K, reserved 1179648K
  class space    used 14118K, committed 14848K, reserved 1048576K
}

