# JRE version: OpenJDK Runtime Environment Temurin-17.0.12+7 (17.0.12+7) (build 17.0.12+7)
# Java VM: OpenJDK 64-Bit Server VM Temurin-17.0.12+7 (17.0.12+7, mixed mode, emulated-client, tiered, compressed oops, compressed class ptrs, g1 gc, windows-amd64)
GC Precious Log:
 CPUs: 8 total, 8 available
 Memory: 11968M
 Large Page Support: Disabled
 NUMA Support: Disabled
 Compressed Oops: Enabled (32-bit)
 Heap Region Size: 1M
 Heap Min Capacity: 8M
 Heap Initial Capacity: 188M
 Heap Max Capacity: 1G
 Pre-touch: Disabled
 Parallel Workers: 8
 Concurrent Workers: 2
 Concurrent Refinement Workers: 8
 Periodic GC: Disabled
Heap:
 garbage-first heap   total 245760K, used 185867K [0x00000000c0000000, 0x0000000100000000)
  region size 1024K, 89 young (91136K), 1 survivors (1024K)
 Metaspace       used 57385K, committed 57792K, reserved 1114112K
  class space    used 7154K, committed 7360K, reserved 1048576K
GC Heap History (20 events):
Event: 785.381 GC heap before
{Heap before GC invocations=107 (full 67):
 garbage-first heap   total 245760K, used 72332K [0x00000000c0000000, 0x0000000100000000)
  region size 1024K, 1 young (1024K), 0 survivors (0K)
 Metaspace       used 56441K, committed 57216K, reserved 1114112K
  class space    used 6980K, committed 7296K, reserved 1048576K
}
Event: 785.406 GC heap after
{Heap after GC invocations=108 (full 68):
 garbage-first heap   total 245760K, used 72332K [0x00000000c0000000, 0x0000000100000000)
  region size 1024K, 0 young (0K), 0 survivors (0K)
 Metaspace       used 56441K, committed 57216K, reserved 1114112K
  class space    used 6980K, committed 7296K, reserved 1048576K
}
Event: 796.091 GC heap before
{Heap before GC invocations=108 (full 68):
 garbage-first heap   total 245760K, used 72332K [0x00000000c0000000, 0x0000000100000000)
  region size 1024K, 1 young (1024K), 0 survivors (0K)
 Metaspace       used 56441K, committed 57216K, reserved 1114112K
  class space    used 6980K, committed 7296K, reserved 1048576K
}
Event: 796.121 GC heap after
{Heap after GC invocations=109 (full 69):
 garbage-first heap   total 245760K, used 72332K [0x00000000c0000000, 0x0000000100000000)
  region size 1024K, 0 young (0K), 0 survivors (0K)
 Metaspace       used 56441K, committed 57216K, reserved 1114112K
  class space    used 6980K, committed 7296K, reserved 1048576K
}
Event: 805.071 GC heap before
{Heap before GC invocations=109 (full 69):
 garbage-first heap   total 245760K, used 145036K [0x00000000c0000000, 0x0000000100000000)
  region size 1024K, 72 young (73728K), 0 survivors (0K)
 Metaspace       used 56508K, committed 57216K, reserved 1114112K
  class space    used 6994K, committed 7296K, reserved 1048576K
}
Event: 805.094 GC heap after
{Heap after GC invocations=110 (full 69):
 garbage-first heap   total 245760K, used 88552K [0x00000000c0000000, 0x0000000100000000)
  region size 1024K, 9 young (9216K), 9 survivors (9216K)
 Metaspace       used 56508K, committed 57216K, reserved 1114112K
  class space    used 6994K, committed 7296K, reserved 1048576K
}
Event: 826.626 GC heap before
{Heap before GC invocations=111 (full 69):
 garbage-first heap   total 245760K, used 159208K [0x00000000c0000000, 0x0000000100000000)
  region size 1024K, 79 young (80896K), 9 survivors (9216K)
 Metaspace       used 56938K, committed 57408K, reserved 1114112K
  class space    used 7068K, committed 7296K, reserved 1048576K
}
Event: 826.670 GC heap after
{Heap after GC invocations=112 (full 69):
 garbage-first heap   total 245760K, used 101244K [0x00000000c0000000, 0x0000000100000000)
  region size 1024K, 10 young (10240K), 10 survivors (10240K)
 Metaspace       used 56938K, committed 57408K, reserved 1114112K
  class space    used 7068K, committed 7296K, reserved 1048576K
}
Event: 884.163 GC heap before
{Heap before GC invocations=112 (full 69):
 garbage-first heap   total 245760K, used 166780K [0x00000000c0000000, 0x0000000100000000)
  region size 1024K, 75 young (76800K), 10 survivors (10240K)
 Metaspace       used 56970K, committed 57408K, reserved 1114112K
  class space    used 7076K, committed 7296K, reserved 1048576K
}
Event: 884.172 GC heap after
{Heap after GC invocations=113 (full 69):
 garbage-first heap   total 245760K, used 100106K [0x00000000c0000000, 0x0000000100000000)
  region size 1024K, 5 young (5120K), 5 survivors (5120K)
 Metaspace       used 56970K, committed 57408K, reserved 1114112K
  class space    used 7076K, committed 7296K, reserved 1048576K
}
Event: 933.630 GC heap before
{Heap before GC invocations=114 (full 69):
 garbage-first heap   total 245760K, used 173834K [0x00000000c0000000, 0x0000000100000000)
  region size 1024K, 77 young (78848K), 5 survivors (5120K)
 Metaspace       used 57182K, committed 57536K, reserved 1114112K
  class space    used 7118K, committed 7296K, reserved 1048576K
}
Event: 933.634 GC heap after
{Heap after GC invocations=115 (full 69):
 garbage-first heap   total 245760K, used 102746K [0x00000000c0000000, 0x0000000100000000)
  region size 1024K, 8 young (8192K), 8 survivors (8192K)
 Metaspace       used 57182K, committed 57536K, reserved 1114112K
  class space    used 7118K, committed 7296K, reserved 1048576K
}
Event: 933.912 GC heap before
{Heap before GC invocations=115 (full 69):
 garbage-first heap   total 245760K, used 106842K [0x00000000c0000000, 0x0000000100000000)
  region size 1024K, 12 young (12288K), 8 survivors (8192K)
 Metaspace       used 57182K, committed 57536K, reserved 1114112K
  class space    used 7118K, committed 7296K, reserved 1048576K
}
Event: 933.920 GC heap after
{Heap after GC invocations=116 (full 69):
 garbage-first heap   total 245760K, used 103504K [0x00000000c0000000, 0x0000000100000000)
  region size 1024K, 2 young (2048K), 2 survivors (2048K)
 Metaspace       used 57182K, committed 57536K, reserved 1114112K
  class space    used 7118K, committed 7296K, reserved 1048576K
}
Event: 1018.574 GC heap before
{Heap before GC invocations=116 (full 69):
 garbage-first heap   total 245760K, used 181328K [0x00000000c0000000, 0x0000000100000000)
  region size 1024K, 78 young (79872K), 2 survivors (2048K)
 Metaspace       used 57286K, committed 57728K, reserved 1114112K
  class space    used 7137K, committed 7360K, reserved 1048576K
}
Event: 1018.576 GC heap after
{Heap after GC invocations=117 (full 69):
 garbage-first heap   total 245760K, used 103900K [0x00000000c0000000, 0x0000000100000000)
  region size 1024K, 2 young (2048K), 2 survivors (2048K)
 Metaspace       used 57286K, committed 57728K, reserved 1114112K
  class space    used 7137K, committed 7360K, reserved 1048576K
}
Event: 1040.149 GC heap before
{Heap before GC invocations=118 (full 69):
 garbage-first heap   total 245760K, used 185918K [0x00000000c0000000, 0x0000000100000000)
  region size 1024K, 87 young (89088K), 2 survivors (2048K)
 Metaspace       used 57380K, committed 57792K, reserved 1114112K
  class space    used 7153K, committed 7360K, reserved 1048576K
}
Event: 1040.151 GC heap after
{Heap after GC invocations=119 (full 69):
 garbage-first heap   total 245760K, used 99385K [0x00000000c0000000, 0x0000000100000000)
  region size 1024K, 3 young (3072K), 3 survivors (3072K)
 Metaspace       used 57380K, committed 57792K, reserved 1114112K
  class space    used 7153K, committed 7360K, reserved 1048576K
}
Event: 1055.354 GC heap before
{Heap before GC invocations=119 (full 69):
 garbage-first heap   total 245760K, used 108601K [0x00000000c0000000, 0x0000000100000000)
  region size 1024K, 12 young (12288K), 3 survivors (3072K)
 Metaspace       used 57380K, committed 57792K, reserved 1114112K
  class space    used 7153K, committed 7360K, reserved 1048576K
}
Event: 1055.360 GC heap after
{Heap after GC invocations=120 (full 69):
 garbage-first heap   total 245760K, used 97803K [0x00000000c0000000, 0x0000000100000000)
  region size 1024K, 1 young (1024K), 1 survivors (1024K)
 Metaspace       used 57380K, committed 57792K, reserved 1114112K
  class space    used 7153K, committed 7360K, reserved 1048576K
}

