# JRE version: OpenJDK Runtime Environment Temurin-17.0.12+7 (17.0.12+7) (build 17.0.12+7)
# Java VM: OpenJDK 64-Bit Server VM Temurin-17.0.12+7 (17.0.12+7, mixed mode, emulated-client, tiered, compressed oops, compressed class ptrs, g1 gc, windows-amd64)
GC Precious Log:
 CPUs: 8 total, 8 available
 Memory: 11968M
 Large Page Support: Disabled
 NUMA Support: Disabled
 Compressed Oops: Enabled (32-bit)
 Heap Region Size: 1M
 Heap Min Capacity: 8M
 Heap Initial Capacity: 188M
 Heap Max Capacity: 1G
 Pre-touch: Disabled
 Parallel Workers: 8
 Concurrent Workers: 2
 Concurrent Refinement Workers: 8
 Periodic GC: Disabled
Heap:
 garbage-first heap   total 327680K, used 108593K [0x00000000c0000000, 0x0000000100000000)
  region size 1024K, 1 young (1024K), 0 survivors (0K)
 Metaspace       used 58977K, committed 59456K, reserved 1114112K
  class space    used 7397K, committed 7616K, reserved 1048576K
GC Heap History (20 events):
Event: 115898.665 GC heap after
{Heap after GC invocations=4562 (full 4404):
 garbage-first heap   total 327680K, used 108593K [0x00000000c0000000, 0x0000000100000000)
  region size 1024K, 0 young (0K), 0 survivors (0K)
 Metaspace       used 58977K, committed 59456K, reserved 1114112K
  class space    used 7397K, committed 7616K, reserved 1048576K
}
Event: 115908.803 GC heap before
{Heap before GC invocations=4562 (full 4404):
 garbage-first heap   total 327680K, used 108593K [0x00000000c0000000, 0x0000000100000000)
  region size 1024K, 1 young (1024K), 0 survivors (0K)
 Metaspace       used 58977K, committed 59456K, reserved 1114112K
  class space    used 7397K, committed 7616K, reserved 1048576K
}
Event: 115908.842 GC heap after
{Heap after GC invocations=4563 (full 4405):
 garbage-first heap   total 327680K, used 108593K [0x00000000c0000000, 0x0000000100000000)
  region size 1024K, 0 young (0K), 0 survivors (0K)
 Metaspace       used 58977K, committed 59456K, reserved 1114112K
  class space    used 7397K, committed 7616K, reserved 1048576K
}
Event: 115918.982 GC heap before
{Heap before GC invocations=4563 (full 4405):
 garbage-first heap   total 327680K, used 108593K [0x00000000c0000000, 0x0000000100000000)
  region size 1024K, 1 young (1024K), 0 survivors (0K)
 Metaspace       used 58977K, committed 59456K, reserved 1114112K
  class space    used 7397K, committed 7616K, reserved 1048576K
}
Event: 115919.023 GC heap after
{Heap after GC invocations=4564 (full 4406):
 garbage-first heap   total 327680K, used 108593K [0x00000000c0000000, 0x0000000100000000)
  region size 1024K, 0 young (0K), 0 survivors (0K)
 Metaspace       used 58977K, committed 59456K, reserved 1114112K
  class space    used 7397K, committed 7616K, reserved 1048576K
}
Event: 115929.154 GC heap before
{Heap before GC invocations=4564 (full 4406):
 garbage-first heap   total 327680K, used 108593K [0x00000000c0000000, 0x0000000100000000)
  region size 1024K, 1 young (1024K), 0 survivors (0K)
 Metaspace       used 58977K, committed 59456K, reserved 1114112K
  class space    used 7397K, committed 7616K, reserved 1048576K
}
Event: 115929.193 GC heap after
{Heap after GC invocations=4565 (full 4407):
 garbage-first heap   total 327680K, used 108593K [0x00000000c0000000, 0x0000000100000000)
  region size 1024K, 0 young (0K), 0 survivors (0K)
 Metaspace       used 58977K, committed 59456K, reserved 1114112K
  class space    used 7397K, committed 7616K, reserved 1048576K
}
Event: 115939.323 GC heap before
{Heap before GC invocations=4565 (full 4407):
 garbage-first heap   total 327680K, used 108593K [0x00000000c0000000, 0x0000000100000000)
  region size 1024K, 1 young (1024K), 0 survivors (0K)
 Metaspace       used 58977K, committed 59456K, reserved 1114112K
  class space    used 7397K, committed 7616K, reserved 1048576K
}
Event: 115939.364 GC heap after
{Heap after GC invocations=4566 (full 4408):
 garbage-first heap   total 327680K, used 108593K [0x00000000c0000000, 0x0000000100000000)
  region size 1024K, 0 young (0K), 0 survivors (0K)
 Metaspace       used 58977K, committed 59456K, reserved 1114112K
  class space    used 7397K, committed 7616K, reserved 1048576K
}
Event: 115949.535 GC heap before
{Heap before GC invocations=4566 (full 4408):
 garbage-first heap   total 327680K, used 108593K [0x00000000c0000000, 0x0000000100000000)
  region size 1024K, 1 young (1024K), 0 survivors (0K)
 Metaspace       used 58977K, committed 59456K, reserved 1114112K
  class space    used 7397K, committed 7616K, reserved 1048576K
}
Event: 115949.584 GC heap after
{Heap after GC invocations=4567 (full 4409):
 garbage-first heap   total 327680K, used 108593K [0x00000000c0000000, 0x0000000100000000)
  region size 1024K, 0 young (0K), 0 survivors (0K)
 Metaspace       used 58977K, committed 59456K, reserved 1114112K
  class space    used 7397K, committed 7616K, reserved 1048576K
}
Event: 115959.751 GC heap before
{Heap before GC invocations=4567 (full 4409):
 garbage-first heap   total 327680K, used 108593K [0x00000000c0000000, 0x0000000100000000)
  region size 1024K, 1 young (1024K), 0 survivors (0K)
 Metaspace       used 58977K, committed 59456K, reserved 1114112K
  class space    used 7397K, committed 7616K, reserved 1048576K
}
Event: 115959.792 GC heap after
{Heap after GC invocations=4568 (full 4410):
 garbage-first heap   total 327680K, used 108593K [0x00000000c0000000, 0x0000000100000000)
  region size 1024K, 0 young (0K), 0 survivors (0K)
 Metaspace       used 58977K, committed 59456K, reserved 1114112K
  class space    used 7397K, committed 7616K, reserved 1048576K
}
Event: 115969.930 GC heap before
{Heap before GC invocations=4568 (full 4410):
 garbage-first heap   total 327680K, used 108593K [0x00000000c0000000, 0x0000000100000000)
  region size 1024K, 1 young (1024K), 0 survivors (0K)
 Metaspace       used 58977K, committed 59456K, reserved 1114112K
  class space    used 7397K, committed 7616K, reserved 1048576K
}
Event: 115969.973 GC heap after
{Heap after GC invocations=4569 (full 4411):
 garbage-first heap   total 327680K, used 108593K [0x00000000c0000000, 0x0000000100000000)
  region size 1024K, 0 young (0K), 0 survivors (0K)
 Metaspace       used 58977K, committed 59456K, reserved 1114112K
  class space    used 7397K, committed 7616K, reserved 1048576K
}
Event: 115980.133 GC heap before
{Heap before GC invocations=4569 (full 4411):
 garbage-first heap   total 327680K, used 108593K [0x00000000c0000000, 0x0000000100000000)
  region size 1024K, 1 young (1024K), 0 survivors (0K)
 Metaspace       used 58977K, committed 59456K, reserved 1114112K
  class space    used 7397K, committed 7616K, reserved 1048576K
}
Event: 115980.173 GC heap after
{Heap after GC invocations=4570 (full 4412):
 garbage-first heap   total 327680K, used 108593K [0x00000000c0000000, 0x0000000100000000)
  region size 1024K, 0 young (0K), 0 survivors (0K)
 Metaspace       used 58977K, committed 59456K, reserved 1114112K
  class space    used 7397K, committed 7616K, reserved 1048576K
}
Event: 115990.313 GC heap before
{Heap before GC invocations=4570 (full 4412):
 garbage-first heap   total 327680K, used 108593K [0x00000000c0000000, 0x0000000100000000)
  region size 1024K, 1 young (1024K), 0 survivors (0K)
 Metaspace       used 58977K, committed 59456K, reserved 1114112K
  class space    used 7397K, committed 7616K, reserved 1048576K
}
Event: 115990.352 GC heap after
{Heap after GC invocations=4571 (full 4413):
 garbage-first heap   total 327680K, used 108593K [0x00000000c0000000, 0x0000000100000000)
  region size 1024K, 0 young (0K), 0 survivors (0K)
 Metaspace       used 58977K, committed 59456K, reserved 1114112K
  class space    used 7397K, committed 7616K, reserved 1048576K
}
Event: 116000.507 GC heap before
{Heap before GC invocations=4571 (full 4413):
 garbage-first heap   total 327680K, used 108593K [0x00000000c0000000, 0x0000000100000000)
  region size 1024K, 1 young (1024K), 0 survivors (0K)
 Metaspace       used 58977K, committed 59456K, reserved 1114112K
  class space    used 7397K, committed 7616K, reserved 1048576K
}

