# JRE version: Java(TM) SE Runtime Environment (17.0.10+11) (build 17.0.10+11-LTS-240)
# Java VM: Java HotSpot(TM) 64-Bit Server VM (17.0.10+11-LTS-240, mixed mode, sharing, tiered, compressed oops, compressed class ptrs, g1 gc, windows-amd64)
GC Precious Log:
 CPUs: 8 total, 8 available
 Memory: 11968M
 Large Page Support: Disabled
 NUMA Support: Disabled
 Compressed Oops: Enabled (Zero based)
 Heap Region Size: 2M
 Heap Min Capacity: 8M
 Heap Initial Capacity: 188M
 Heap Max Capacity: 2994M
 Pre-touch: Disabled
 Parallel Workers: 8
 Concurrent Workers: 2
 Concurrent Refinement Workers: 8
 Periodic GC: Disabled
Heap:
 garbage-first heap   total 192512K, used 94383K [0x0000000744e00000, 0x0000000800000000)
  region size 2048K, 3 young (6144K), 3 survivors (6144K)
 Metaspace       used 70834K, committed 71872K, reserved 1114112K
  class space    used 10063K, committed 10560K, reserved 1048576K
GC Heap History (20 events):
Event: 16.812 GC heap after
{Heap after GC invocations=20 (full 0):
 garbage-first heap   total 120832K, used 53718K [0x0000000744e00000, 0x0000000800000000)
  region size 2048K, 1 young (2048K), 1 survivors (2048K)
 Metaspace       used 60740K, committed 61376K, reserved 1114112K
  class space    used 8837K, committed 9152K, reserved 1048576K
}
Event: 17.608 GC heap before
{Heap before GC invocations=20 (full 0):
 garbage-first heap   total 120832K, used 94678K [0x0000000744e00000, 0x0000000800000000)
  region size 2048K, 22 young (45056K), 1 survivors (2048K)
 Metaspace       used 61210K, committed 61888K, reserved 1114112K
  class space    used 8846K, committed 9216K, reserved 1048576K
}
Event: 17.612 GC heap after
{Heap after GC invocations=21 (full 0):
 garbage-first heap   total 120832K, used 53941K [0x0000000744e00000, 0x0000000800000000)
  region size 2048K, 1 young (2048K), 1 survivors (2048K)
 Metaspace       used 61210K, committed 61888K, reserved 1114112K
  class space    used 8846K, committed 9216K, reserved 1048576K
}
Event: 19.876 GC heap before
{Heap before GC invocations=21 (full 0):
 garbage-first heap   total 120832K, used 96949K [0x0000000744e00000, 0x0000000800000000)
  region size 2048K, 22 young (45056K), 1 survivors (2048K)
 Metaspace       used 62981K, committed 63744K, reserved 1114112K
  class space    used 9082K, committed 9472K, reserved 1048576K
}
Event: 19.885 GC heap after
{Heap after GC invocations=22 (full 0):
 garbage-first heap   total 120832K, used 59189K [0x0000000744e00000, 0x0000000800000000)
  region size 2048K, 3 young (6144K), 3 survivors (6144K)
 Metaspace       used 62981K, committed 63744K, reserved 1114112K
  class space    used 9082K, committed 9472K, reserved 1048576K
}
Event: 21.228 GC heap before
{Heap before GC invocations=22 (full 0):
 garbage-first heap   total 120832K, used 96053K [0x0000000744e00000, 0x0000000800000000)
  region size 2048K, 22 young (45056K), 3 survivors (6144K)
 Metaspace       used 63620K, committed 64384K, reserved 1114112K
  class space    used 9107K, committed 9472K, reserved 1048576K
}
Event: 21.241 GC heap after
{Heap after GC invocations=23 (full 0):
 garbage-first heap   total 120832K, used 64954K [0x0000000744e00000, 0x0000000800000000)
  region size 2048K, 3 young (6144K), 3 survivors (6144K)
 Metaspace       used 63620K, committed 64384K, reserved 1114112K
  class space    used 9107K, committed 9472K, reserved 1048576K
}
Event: 21.588 GC heap before
{Heap before GC invocations=23 (full 0):
 garbage-first heap   total 120832K, used 93626K [0x0000000744e00000, 0x0000000800000000)
  region size 2048K, 18 young (36864K), 3 survivors (6144K)
 Metaspace       used 64015K, committed 64768K, reserved 1114112K
  class space    used 9126K, committed 9472K, reserved 1048576K
}
Event: 21.596 GC heap after
{Heap after GC invocations=24 (full 0):
 garbage-first heap   total 120832K, used 66952K [0x0000000744e00000, 0x0000000800000000)
  region size 2048K, 2 young (4096K), 2 survivors (4096K)
 Metaspace       used 64015K, committed 64768K, reserved 1114112K
  class space    used 9126K, committed 9472K, reserved 1048576K
}
Event: 22.275 GC heap before
{Heap before GC invocations=25 (full 0):
 garbage-first heap   total 126976K, used 93576K [0x0000000744e00000, 0x0000000800000000)
  region size 2048K, 15 young (30720K), 2 survivors (4096K)
 Metaspace       used 65160K, committed 65984K, reserved 1114112K
  class space    used 9264K, committed 9664K, reserved 1048576K
}
Event: 22.283 GC heap after
{Heap after GC invocations=26 (full 0):
 garbage-first heap   total 126976K, used 74896K [0x0000000744e00000, 0x0000000800000000)
  region size 2048K, 2 young (4096K), 2 survivors (4096K)
 Metaspace       used 65160K, committed 65984K, reserved 1114112K
  class space    used 9264K, committed 9664K, reserved 1048576K
}
Event: 22.690 GC heap before
{Heap before GC invocations=26 (full 0):
 garbage-first heap   total 126976K, used 97424K [0x0000000744e00000, 0x0000000800000000)
  region size 2048K, 13 young (26624K), 2 survivors (4096K)
 Metaspace       used 65861K, committed 66688K, reserved 1114112K
  class space    used 9354K, committed 9728K, reserved 1048576K
}
Event: 22.699 GC heap after
{Heap after GC invocations=27 (full 0):
 garbage-first heap   total 126976K, used 77970K [0x0000000744e00000, 0x0000000800000000)
  region size 2048K, 2 young (4096K), 2 survivors (4096K)
 Metaspace       used 65861K, committed 66688K, reserved 1114112K
  class space    used 9354K, committed 9728K, reserved 1048576K
}
Event: 23.066 GC heap before
{Heap before GC invocations=28 (full 0):
 garbage-first heap   total 151552K, used 98450K [0x0000000744e00000, 0x0000000800000000)
  region size 2048K, 12 young (24576K), 2 survivors (4096K)
 Metaspace       used 66569K, committed 67456K, reserved 1114112K
  class space    used 9435K, committed 9856K, reserved 1048576K
}
Event: 23.072 GC heap after
{Heap after GC invocations=29 (full 0):
 garbage-first heap   total 151552K, used 80113K [0x0000000744e00000, 0x0000000800000000)
  region size 2048K, 2 young (4096K), 2 survivors (4096K)
 Metaspace       used 66569K, committed 67456K, reserved 1114112K
  class space    used 9435K, committed 9856K, reserved 1048576K
}
Event: 24.123 GC heap before
{Heap before GC invocations=29 (full 0):
 garbage-first heap   total 151552K, used 112881K [0x0000000744e00000, 0x0000000800000000)
  region size 2048K, 18 young (36864K), 2 survivors (4096K)
 Metaspace       used 68521K, committed 69376K, reserved 1114112K
  class space    used 9722K, committed 10112K, reserved 1048576K
}
Event: 24.129 GC heap after
{Heap after GC invocations=30 (full 0):
 garbage-first heap   total 151552K, used 85995K [0x0000000744e00000, 0x0000000800000000)
  region size 2048K, 3 young (6144K), 3 survivors (6144K)
 Metaspace       used 68521K, committed 69376K, reserved 1114112K
  class space    used 9722K, committed 10112K, reserved 1048576K
}
Event: 24.739 GC heap before
{Heap before GC invocations=31 (full 0):
 garbage-first heap   total 161792K, used 116715K [0x0000000744e00000, 0x0000000800000000)
  region size 2048K, 18 young (36864K), 3 survivors (6144K)
 Metaspace       used 69490K, committed 70336K, reserved 1114112K
  class space    used 9894K, committed 10304K, reserved 1048576K
}
Event: 24.747 GC heap after
{Heap after GC invocations=32 (full 0):
 garbage-first heap   total 161792K, used 89257K [0x0000000744e00000, 0x0000000800000000)
  region size 2048K, 2 young (4096K), 2 survivors (4096K)
 Metaspace       used 69490K, committed 70336K, reserved 1114112K
  class space    used 9894K, committed 10304K, reserved 1048576K
}
Event: 25.951 GC heap before
{Heap before GC invocations=32 (full 0):
 garbage-first heap   total 161792K, used 124073K [0x0000000744e00000, 0x0000000800000000)
  region size 2048K, 19 young (38912K), 2 survivors (4096K)
 Metaspace       used 70834K, committed 71872K, reserved 1114112K
  class space    used 10063K, committed 10560K, reserved 1048576K
}

