# JRE version: Java(TM) SE Runtime Environment (17.0.10+11) (build 17.0.10+11-LTS-240)
# Java VM: Java HotSpot(TM) 64-Bit Server VM (17.0.10+11-LTS-240, mixed mode, sharing, tiered, compressed oops, compressed class ptrs, g1 gc, windows-amd64)
GC Precious Log:
 CPUs: 8 total, 8 available
 Memory: 11968M
 Large Page Support: Disabled
 NUMA Support: Disabled
 Compressed Oops: Enabled (Zero based)
 Heap Region Size: 2M
 Heap Min Capacity: 8M
 Heap Initial Capacity: 188M
 Heap Max Capacity: 2994M
 Pre-touch: Disabled
 Parallel Workers: 8
 Concurrent Workers: 2
 Concurrent Refinement Workers: 8
 Periodic GC: Disabled
Heap:
 garbage-first heap   total 165888K, used 95776K [0x0000000744e00000, 0x0000000800000000)
  region size 2048K, 11 young (22528K), 2 survivors (4096K)
 Metaspace       used 68045K, committed 68800K, reserved 1114112K
  class space    used 9619K, committed 9984K, reserved 1048576K
GC Heap History (20 events):
Event: 27.320 GC heap before
{Heap before GC invocations=21 (full 0):
 garbage-first heap   total 108544K, used 85185K [0x0000000744e00000, 0x0000000800000000)
  region size 2048K, 19 young (38912K), 2 survivors (4096K)
 Metaspace       used 60418K, committed 61120K, reserved 1114112K
  class space    used 8786K, committed 9152K, reserved 1048576K
}
Event: 27.329 GC heap after
{Heap after GC invocations=22 (full 0):
 garbage-first heap   total 108544K, used 53146K [0x0000000744e00000, 0x0000000800000000)
  region size 2048K, 3 young (6144K), 3 survivors (6144K)
 Metaspace       used 60418K, committed 61120K, reserved 1114112K
  class space    used 8786K, committed 9152K, reserved 1048576K
}
Event: 28.559 GC heap before
{Heap before GC invocations=22 (full 0):
 garbage-first heap   total 108544K, used 85914K [0x0000000744e00000, 0x0000000800000000)
  region size 2048K, 19 young (38912K), 3 survivors (6144K)
 Metaspace       used 61065K, committed 61696K, reserved 1114112K
  class space    used 8832K, committed 9152K, reserved 1048576K
}
Event: 28.571 GC heap after
{Heap after GC invocations=23 (full 0):
 garbage-first heap   total 108544K, used 55380K [0x0000000744e00000, 0x0000000800000000)
  region size 2048K, 3 young (6144K), 3 survivors (6144K)
 Metaspace       used 61065K, committed 61696K, reserved 1114112K
  class space    used 8832K, committed 9152K, reserved 1048576K
}
Event: 29.398 GC heap before
{Heap before GC invocations=24 (full 0):
 garbage-first heap   total 108544K, used 86100K [0x0000000744e00000, 0x0000000800000000)
  region size 2048K, 18 young (36864K), 3 survivors (6144K)
 Metaspace       used 61439K, committed 62144K, reserved 1114112K
  class space    used 8865K, committed 9216K, reserved 1048576K
}
Event: 29.407 GC heap after
{Heap after GC invocations=25 (full 0):
 garbage-first heap   total 108544K, used 55298K [0x0000000744e00000, 0x0000000800000000)
  region size 2048K, 1 young (2048K), 1 survivors (2048K)
 Metaspace       used 61439K, committed 62144K, reserved 1114112K
  class space    used 8865K, committed 9216K, reserved 1048576K
}
Event: 31.570 GC heap before
{Heap before GC invocations=25 (full 0):
 garbage-first heap   total 108544K, used 83970K [0x0000000744e00000, 0x0000000800000000)
  region size 2048K, 16 young (32768K), 1 survivors (2048K)
 Metaspace       used 62954K, committed 63680K, reserved 1114112K
  class space    used 9069K, committed 9408K, reserved 1048576K
}
Event: 31.577 GC heap after
{Heap after GC invocations=26 (full 0):
 garbage-first heap   total 108544K, used 57336K [0x0000000744e00000, 0x0000000800000000)
  region size 2048K, 2 young (4096K), 2 survivors (4096K)
 Metaspace       used 62954K, committed 63680K, reserved 1114112K
  class space    used 9069K, committed 9408K, reserved 1048576K
}
Event: 33.140 GC heap before
{Heap before GC invocations=27 (full 0):
 garbage-first heap   total 108544K, used 83960K [0x0000000744e00000, 0x0000000800000000)
  region size 2048K, 16 young (32768K), 2 survivors (4096K)
 Metaspace       used 63516K, committed 64320K, reserved 1114112K
  class space    used 9092K, committed 9472K, reserved 1048576K
}
Event: 33.153 GC heap after
{Heap after GC invocations=28 (full 0):
 garbage-first heap   total 108544K, used 63505K [0x0000000744e00000, 0x0000000800000000)
  region size 2048K, 2 young (4096K), 2 survivors (4096K)
 Metaspace       used 63516K, committed 64320K, reserved 1114112K
  class space    used 9092K, committed 9472K, reserved 1048576K
}
Event: 33.533 GC heap before
{Heap before GC invocations=28 (full 0):
 garbage-first heap   total 108544K, used 83985K [0x0000000744e00000, 0x0000000800000000)
  region size 2048K, 13 young (26624K), 2 survivors (4096K)
 Metaspace       used 63705K, committed 64512K, reserved 1114112K
  class space    used 9092K, committed 9472K, reserved 1048576K
}
Event: 33.542 GC heap after
{Heap after GC invocations=29 (full 0):
 garbage-first heap   total 108544K, used 65508K [0x0000000744e00000, 0x0000000800000000)
  region size 2048K, 1 young (2048K), 1 survivors (2048K)
 Metaspace       used 63705K, committed 64512K, reserved 1114112K
  class space    used 9092K, committed 9472K, reserved 1048576K
}
Event: 34.318 GC heap before
{Heap before GC invocations=30 (full 0):
 garbage-first heap   total 120832K, used 83940K [0x0000000744e00000, 0x0000000800000000)
  region size 2048K, 11 young (22528K), 1 survivors (2048K)
 Metaspace       used 63888K, committed 64640K, reserved 1114112K
  class space    used 9093K, committed 9472K, reserved 1048576K
}
Event: 34.323 GC heap after
{Heap after GC invocations=31 (full 0):
 garbage-first heap   total 120832K, used 65937K [0x0000000744e00000, 0x0000000800000000)
  region size 2048K, 2 young (4096K), 2 survivors (4096K)
 Metaspace       used 63888K, committed 64640K, reserved 1114112K
  class space    used 9093K, committed 9472K, reserved 1048576K
}
Event: 35.279 GC heap before
{Heap before GC invocations=31 (full 0):
 garbage-first heap   total 120832K, used 92561K [0x0000000744e00000, 0x0000000800000000)
  region size 2048K, 16 young (32768K), 2 survivors (4096K)
 Metaspace       used 65154K, committed 65920K, reserved 1114112K
  class space    used 9242K, committed 9600K, reserved 1048576K
}
Event: 35.286 GC heap after
{Heap after GC invocations=32 (full 0):
 garbage-first heap   total 120832K, used 74210K [0x0000000744e00000, 0x0000000800000000)
  region size 2048K, 2 young (4096K), 2 survivors (4096K)
 Metaspace       used 65154K, committed 65920K, reserved 1114112K
  class space    used 9242K, committed 9600K, reserved 1048576K
}
Event: 35.850 GC heap before
{Heap before GC invocations=33 (full 0):
 garbage-first heap   total 137216K, used 94690K [0x0000000744e00000, 0x0000000800000000)
  region size 2048K, 12 young (24576K), 2 survivors (4096K)
 Metaspace       used 65759K, committed 66560K, reserved 1114112K
  class space    used 9316K, committed 9728K, reserved 1048576K
}
Event: 35.861 GC heap after
{Heap after GC invocations=34 (full 0):
 garbage-first heap   total 137216K, used 76975K [0x0000000744e00000, 0x0000000800000000)
  region size 2048K, 2 young (4096K), 2 survivors (4096K)
 Metaspace       used 65759K, committed 66560K, reserved 1114112K
  class space    used 9316K, committed 9728K, reserved 1048576K
}
Event: 37.114 GC heap before
{Heap before GC invocations=34 (full 0):
 garbage-first heap   total 137216K, used 103599K [0x0000000744e00000, 0x0000000800000000)
  region size 2048K, 16 young (32768K), 2 survivors (4096K)
 Metaspace       used 67152K, committed 67968K, reserved 1114112K
  class space    used 9475K, committed 9856K, reserved 1048576K
}
Event: 37.120 GC heap after
{Heap after GC invocations=35 (full 0):
 garbage-first heap   total 165888K, used 79392K [0x0000000744e00000, 0x0000000800000000)
  region size 2048K, 2 young (4096K), 2 survivors (4096K)
 Metaspace       used 67152K, committed 67968K, reserved 1114112K
  class space    used 9475K, committed 9856K, reserved 1048576K
}

