# JRE version: Java(TM) SE Runtime Environment (17.0.10+11) (build 17.0.10+11-LTS-240)
# Java VM: Java HotSpot(TM) 64-Bit Server VM (17.0.10+11-LTS-240, mixed mode, sharing, tiered, compressed oops, compressed class ptrs, g1 gc, windows-amd64)
GC Precious Log:
 CPUs: 8 total, 8 available
 Memory: 11968M
 Large Page Support: Disabled
 NUMA Support: Disabled
 Compressed Oops: Enabled (Zero based)
 Heap Region Size: 2M
 Heap Min Capacity: 8M
 Heap Initial Capacity: 188M
 Heap Max Capacity: 2994M
 Pre-touch: Disabled
 Parallel Workers: 8
 Concurrent Workers: 2
 Concurrent Refinement Workers: 8
 Periodic GC: Disabled
Heap:
 garbage-first heap   total 112640K, used 76474K [0x0000000744e00000, 0x0000000800000000)
  region size 2048K, 19 young (38912K), 2 survivors (4096K)
 Metaspace       used 55026K, committed 55744K, reserved 1114112K
  class space    used 8033K, committed 8384K, reserved 1048576K
GC Heap History (20 events):
Event: 6.878 GC heap before
{Heap before GC invocations=3 (full 0):
 garbage-first heap   total 192512K, used 39639K [0x0000000744e00000, 0x0000000800000000)
  region size 2048K, 17 young (34816K), 6 survivors (12288K)
 Metaspace       used 21253K, committed 21504K, reserved 1114112K
  class space    used 3108K, committed 3264K, reserved 1048576K
}
Event: 6.888 GC heap after
{Heap after GC invocations=4 (full 0):
 garbage-first heap   total 192512K, used 22505K [0x0000000744e00000, 0x0000000800000000)
  region size 2048K, 1 young (2048K), 1 survivors (2048K)
 Metaspace       used 21253K, committed 21504K, reserved 1114112K
  class space    used 3108K, committed 3264K, reserved 1048576K
}
Event: 8.423 GC heap before
{Heap before GC invocations=5 (full 0):
 garbage-first heap   total 90112K, used 73705K [0x0000000744e00000, 0x0000000800000000)
  region size 2048K, 26 young (53248K), 1 survivors (2048K)
 Metaspace       used 27496K, committed 27904K, reserved 1114112K
  class space    used 4103K, committed 4288K, reserved 1048576K
}
Event: 8.432 GC heap after
{Heap after GC invocations=6 (full 0):
 garbage-first heap   total 90112K, used 25330K [0x0000000744e00000, 0x0000000800000000)
  region size 2048K, 3 young (6144K), 3 survivors (6144K)
 Metaspace       used 27496K, committed 27904K, reserved 1114112K
  class space    used 4103K, committed 4288K, reserved 1048576K
}
Event: 8.550 GC heap before
{Heap before GC invocations=6 (full 0):
 garbage-first heap   total 90112K, used 27378K [0x0000000744e00000, 0x0000000800000000)
  region size 2048K, 4 young (8192K), 3 survivors (6144K)
 Metaspace       used 28150K, committed 28608K, reserved 1114112K
  class space    used 4136K, committed 4352K, reserved 1048576K
}
Event: 8.559 GC heap after
{Heap after GC invocations=7 (full 0):
 garbage-first heap   total 90112K, used 25330K [0x0000000744e00000, 0x0000000800000000)
  region size 2048K, 1 young (2048K), 1 survivors (2048K)
 Metaspace       used 28150K, committed 28608K, reserved 1114112K
  class space    used 4136K, committed 4352K, reserved 1048576K
}
Event: 9.699 GC heap before
{Heap before GC invocations=7 (full 0):
 garbage-first heap   total 90112K, used 66290K [0x0000000744e00000, 0x0000000800000000)
  region size 2048K, 20 young (40960K), 1 survivors (2048K)
 Metaspace       used 33197K, committed 33536K, reserved 1114112K
  class space    used 4601K, committed 4736K, reserved 1048576K
}
Event: 9.705 GC heap after
{Heap after GC invocations=8 (full 0):
 garbage-first heap   total 90112K, used 28706K [0x0000000744e00000, 0x0000000800000000)
  region size 2048K, 2 young (4096K), 2 survivors (4096K)
 Metaspace       used 33197K, committed 33536K, reserved 1114112K
  class space    used 4601K, committed 4736K, reserved 1048576K
}
Event: 10.502 GC heap before
{Heap before GC invocations=8 (full 0):
 garbage-first heap   total 90112K, used 47138K [0x0000000744e00000, 0x0000000800000000)
  region size 2048K, 12 young (24576K), 2 survivors (4096K)
 Metaspace       used 35590K, committed 35968K, reserved 1114112K
  class space    used 4981K, committed 5120K, reserved 1048576K
}
Event: 10.512 GC heap after
{Heap after GC invocations=9 (full 0):
 garbage-first heap   total 90112K, used 29877K [0x0000000744e00000, 0x0000000800000000)
  region size 2048K, 1 young (2048K), 1 survivors (2048K)
 Metaspace       used 35590K, committed 35968K, reserved 1114112K
  class space    used 4981K, committed 5120K, reserved 1048576K
}
Event: 11.853 GC heap before
{Heap before GC invocations=10 (full 0):
 garbage-first heap   total 90112K, used 64693K [0x0000000744e00000, 0x0000000800000000)
  region size 2048K, 19 young (38912K), 1 survivors (2048K)
 Metaspace       used 39473K, committed 40000K, reserved 1114112K
  class space    used 5620K, committed 5888K, reserved 1048576K
}
Event: 11.861 GC heap after
{Heap after GC invocations=11 (full 0):
 garbage-first heap   total 90112K, used 31898K [0x0000000744e00000, 0x0000000800000000)
  region size 2048K, 2 young (4096K), 2 survivors (4096K)
 Metaspace       used 39473K, committed 40000K, reserved 1114112K
  class space    used 5620K, committed 5888K, reserved 1048576K
}
Event: 12.818 GC heap before
{Heap before GC invocations=11 (full 0):
 garbage-first heap   total 90112K, used 66714K [0x0000000744e00000, 0x0000000800000000)
  region size 2048K, 20 young (40960K), 2 survivors (4096K)
 Metaspace       used 42847K, committed 43328K, reserved 1114112K
  class space    used 6228K, committed 6464K, reserved 1048576K
}
Event: 12.828 GC heap after
{Heap after GC invocations=12 (full 0):
 garbage-first heap   total 90112K, used 35837K [0x0000000744e00000, 0x0000000800000000)
  region size 2048K, 3 young (6144K), 3 survivors (6144K)
 Metaspace       used 42847K, committed 43328K, reserved 1114112K
  class space    used 6228K, committed 6464K, reserved 1048576K
}
Event: 13.500 GC heap before
{Heap before GC invocations=12 (full 0):
 garbage-first heap   total 90112K, used 68605K [0x0000000744e00000, 0x0000000800000000)
  region size 2048K, 19 young (38912K), 3 survivors (6144K)
 Metaspace       used 44973K, committed 45504K, reserved 1114112K
  class space    used 6594K, committed 6848K, reserved 1048576K
}
Event: 13.515 GC heap after
{Heap after GC invocations=13 (full 0):
 garbage-first heap   total 90112K, used 37589K [0x0000000744e00000, 0x0000000800000000)
  region size 2048K, 2 young (4096K), 2 survivors (4096K)
 Metaspace       used 44973K, committed 45504K, reserved 1114112K
  class space    used 6594K, committed 6848K, reserved 1048576K
}
Event: 14.959 GC heap before
{Heap before GC invocations=13 (full 0):
 garbage-first heap   total 90112K, used 66261K [0x0000000744e00000, 0x0000000800000000)
  region size 2048K, 17 young (34816K), 2 survivors (4096K)
 Metaspace       used 48403K, committed 48960K, reserved 1114112K
  class space    used 7063K, committed 7296K, reserved 1048576K
}
Event: 14.972 GC heap after
{Heap after GC invocations=14 (full 0):
 garbage-first heap   total 112640K, used 41121K [0x0000000744e00000, 0x0000000800000000)
  region size 2048K, 3 young (6144K), 3 survivors (6144K)
 Metaspace       used 48403K, committed 48960K, reserved 1114112K
  class space    used 7063K, committed 7296K, reserved 1048576K
}
Event: 16.888 GC heap before
{Heap before GC invocations=14 (full 0):
 garbage-first heap   total 112640K, used 82081K [0x0000000744e00000, 0x0000000800000000)
  region size 2048K, 24 young (49152K), 3 survivors (6144K)
 Metaspace       used 52320K, committed 52928K, reserved 1114112K
  class space    used 7701K, committed 8000K, reserved 1048576K
}
Event: 16.900 GC heap after
{Heap after GC invocations=15 (full 0):
 garbage-first heap   total 112640K, used 43706K [0x0000000744e00000, 0x0000000800000000)
  region size 2048K, 2 young (4096K), 2 survivors (4096K)
 Metaspace       used 52320K, committed 52928K, reserved 1114112K
  class space    used 7701K, committed 8000K, reserved 1048576K
}

