# JRE version: Java(TM) SE Runtime Environment (17.0.10+11) (build 17.0.10+11-LTS-240)
# Java VM: Java HotSpot(TM) 64-Bit Server VM (17.0.10+11-LTS-240, mixed mode, sharing, tiered, compressed oops, compressed class ptrs, g1 gc, windows-amd64)
GC Precious Log:
 CPUs: 8 total, 8 available
 Memory: 11968M
 Large Page Support: Disabled
 NUMA Support: Disabled
 Compressed Oops: Enabled (Zero based)
 Heap Region Size: 2M
 Heap Min Capacity: 8M
 Heap Initial Capacity: 188M
 Heap Max Capacity: 2994M
 Pre-touch: Disabled
 Parallel Workers: 8
 Concurrent Workers: 2
 Concurrent Refinement Workers: 8
 Periodic GC: Disabled
Heap:
 garbage-first heap   total 352256K, used 236921K [0x0000000744e00000, 0x0000000800000000)
  region size 2048K, 24 young (49152K), 1 survivors (2048K)
 Metaspace       used 100576K, committed 102592K, reserved 1179648K
  class space    used 13918K, committed 14784K, reserved 1048576K
GC Heap History (20 events):
Event: 39.378 GC heap before
{Heap before GC invocations=46 (full 0):
 garbage-first heap   total 243712K, used 198443K [0x0000000744e00000, 0x0000000800000000)
  region size 2048K, 36 young (73728K), 4 survivors (8192K)
 Metaspace       used 90256K, committed 91712K, reserved 1179648K
  class space    used 12464K, committed 13120K, reserved 1048576K
}
Event: 39.394 GC heap after
{Heap after GC invocations=47 (full 0):
 garbage-first heap   total 243712K, used 138396K [0x0000000744e00000, 0x0000000800000000)
  region size 2048K, 5 young (10240K), 5 survivors (10240K)
 Metaspace       used 90256K, committed 91712K, reserved 1179648K
  class space    used 12464K, committed 13120K, reserved 1048576K
}
Event: 41.324 GC heap before
{Heap before GC invocations=48 (full 0):
 garbage-first heap   total 256000K, used 197788K [0x0000000744e00000, 0x0000000800000000)
  region size 2048K, 34 young (69632K), 5 survivors (10240K)
 Metaspace       used 92289K, committed 93888K, reserved 1179648K
  class space    used 12745K, committed 13440K, reserved 1048576K
}
Event: 41.341 GC heap after
{Heap after GC invocations=49 (full 0):
 garbage-first heap   total 256000K, used 143223K [0x0000000744e00000, 0x0000000800000000)
  region size 2048K, 4 young (8192K), 4 survivors (8192K)
 Metaspace       used 92289K, committed 93888K, reserved 1179648K
  class space    used 12745K, committed 13440K, reserved 1048576K
}
Event: 42.506 GC heap before
{Heap before GC invocations=49 (full 0):
 garbage-first heap   total 256000K, used 208759K [0x0000000744e00000, 0x0000000800000000)
  region size 2048K, 36 young (73728K), 4 survivors (8192K)
 Metaspace       used 93941K, committed 95680K, reserved 1179648K
  class space    used 13002K, committed 13760K, reserved 1048576K
}
Event: 42.522 GC heap after
{Heap after GC invocations=50 (full 0):
 garbage-first heap   total 256000K, used 150560K [0x0000000744e00000, 0x0000000800000000)
  region size 2048K, 4 young (8192K), 4 survivors (8192K)
 Metaspace       used 93941K, committed 95680K, reserved 1179648K
  class space    used 13002K, committed 13760K, reserved 1048576K
}
Event: 43.758 GC heap before
{Heap before GC invocations=51 (full 0):
 garbage-first heap   total 276480K, used 207904K [0x0000000744e00000, 0x0000000800000000)
  region size 2048K, 32 young (65536K), 4 survivors (8192K)
 Metaspace       used 96052K, committed 97856K, reserved 1179648K
  class space    used 13330K, committed 14144K, reserved 1048576K
}
Event: 43.775 GC heap after
{Heap after GC invocations=52 (full 0):
 garbage-first heap   total 276480K, used 157177K [0x0000000744e00000, 0x0000000800000000)
  region size 2048K, 4 young (8192K), 4 survivors (8192K)
 Metaspace       used 96052K, committed 97856K, reserved 1179648K
  class space    used 13330K, committed 14144K, reserved 1048576K
}
Event: 45.145 GC heap before
{Heap before GC invocations=52 (full 0):
 garbage-first heap   total 276480K, used 224761K [0x0000000744e00000, 0x0000000800000000)
  region size 2048K, 37 young (75776K), 4 survivors (8192K)
 Metaspace       used 97172K, committed 99008K, reserved 1179648K
  class space    used 13446K, committed 14208K, reserved 1048576K
}
Event: 45.159 GC heap after
{Heap after GC invocations=53 (full 0):
 garbage-first heap   total 331776K, used 162633K [0x0000000744e00000, 0x0000000800000000)
  region size 2048K, 3 young (6144K), 3 survivors (6144K)
 Metaspace       used 97172K, committed 99008K, reserved 1179648K
  class space    used 13446K, committed 14208K, reserved 1048576K
}
Event: 49.453 GC heap before
{Heap before GC invocations=54 (full 0):
 garbage-first heap   total 331776K, used 265033K [0x0000000744e00000, 0x0000000800000000)
  region size 2048K, 53 young (108544K), 3 survivors (6144K)
 Metaspace       used 99809K, committed 101824K, reserved 1179648K
  class space    used 13895K, committed 14720K, reserved 1048576K
}
Event: 49.473 GC heap after
{Heap after GC invocations=55 (full 0):
 garbage-first heap   total 331776K, used 174513K [0x0000000744e00000, 0x0000000800000000)
  region size 2048K, 7 young (14336K), 7 survivors (14336K)
 Metaspace       used 99809K, committed 101824K, reserved 1179648K
  class space    used 13895K, committed 14720K, reserved 1048576K
}
Event: 49.745 GC heap before
{Heap before GC invocations=55 (full 0):
 garbage-first heap   total 331776K, used 176561K [0x0000000744e00000, 0x0000000800000000)
  region size 2048K, 8 young (16384K), 7 survivors (14336K)
 Metaspace       used 99810K, committed 101824K, reserved 1179648K
  class space    used 13895K, committed 14720K, reserved 1048576K
}
Event: 49.762 GC heap after
{Heap after GC invocations=56 (full 0):
 garbage-first heap   total 331776K, used 176022K [0x0000000744e00000, 0x0000000800000000)
  region size 2048K, 1 young (2048K), 1 survivors (2048K)
 Metaspace       used 99810K, committed 101824K, reserved 1179648K
  class space    used 13895K, committed 14720K, reserved 1048576K
}
Event: 52.266 GC heap before
{Heap before GC invocations=56 (full 0):
 garbage-first heap   total 331776K, used 266134K [0x0000000744e00000, 0x0000000800000000)
  region size 2048K, 46 young (94208K), 1 survivors (2048K)
 Metaspace       used 100128K, committed 102208K, reserved 1179648K
  class space    used 13914K, committed 14784K, reserved 1048576K
}
Event: 52.277 GC heap after
{Heap after GC invocations=57 (full 0):
 garbage-first heap   total 331776K, used 182166K [0x0000000744e00000, 0x0000000800000000)
  region size 2048K, 4 young (8192K), 4 survivors (8192K)
 Metaspace       used 100128K, committed 102208K, reserved 1179648K
  class space    used 13914K, committed 14784K, reserved 1048576K
}
Event: 53.761 GC heap before
{Heap before GC invocations=58 (full 0):
 garbage-first heap   total 352256K, used 270230K [0x0000000744e00000, 0x0000000800000000)
  region size 2048K, 47 young (96256K), 4 survivors (8192K)
 Metaspace       used 100435K, committed 102464K, reserved 1179648K
  class space    used 13916K, committed 14784K, reserved 1048576K
}
Event: 53.778 GC heap after
{Heap after GC invocations=59 (full 0):
 garbage-first heap   total 352256K, used 191124K [0x0000000744e00000, 0x0000000800000000)
  region size 2048K, 5 young (10240K), 5 survivors (10240K)
 Metaspace       used 100435K, committed 102464K, reserved 1179648K
  class space    used 13916K, committed 14784K, reserved 1048576K
}
Event: 53.852 GC heap before
{Heap before GC invocations=59 (full 0):
 garbage-first heap   total 352256K, used 197268K [0x0000000744e00000, 0x0000000800000000)
  region size 2048K, 8 young (16384K), 5 survivors (10240K)
 Metaspace       used 100441K, committed 102464K, reserved 1179648K
  class space    used 13916K, committed 14784K, reserved 1048576K
}
Event: 53.863 GC heap after
{Heap after GC invocations=60 (full 0):
 garbage-first heap   total 352256K, used 191865K [0x0000000744e00000, 0x0000000800000000)
  region size 2048K, 1 young (2048K), 1 survivors (2048K)
 Metaspace       used 100441K, committed 102464K, reserved 1179648K
  class space    used 13916K, committed 14784K, reserved 1048576K
}

