# JRE version: Java(TM) SE Runtime Environment (17.0.10+11) (build 17.0.10+11-LTS-240)
# Java VM: Java HotSpot(TM) 64-Bit Server VM (17.0.10+11-LTS-240, mixed mode, sharing, tiered, compressed oops, compressed class ptrs, g1 gc, windows-amd64)
GC Precious Log:
 CPUs: 8 total, 8 available
 Memory: 11968M
 Large Page Support: Disabled
 NUMA Support: Disabled
 Compressed Oops: Enabled (Zero based)
 Heap Region Size: 4M
 Heap Min Capacity: 8M
 Heap Initial Capacity: 188M
 Heap Max Capacity: 6G
 Pre-touch: Disabled
 Parallel Workers: 8
 Concurrent Workers: 2
 Concurrent Refinement Workers: 8
 Periodic GC: Disabled
Heap:
 garbage-first heap   total 561152K, used 350979K [0x0000000680000000, 0x0000000800000000)
  region size 4096K, 34 young (139264K), 3 survivors (12288K)
 Metaspace       used 102614K, committed 104896K, reserved 1179648K
  class space    used 14217K, committed 15232K, reserved 1048576K
GC Heap History (20 events):
Event: 51.064 GC heap before
{Heap before GC invocations=49 (full 0):
 garbage-first heap   total 421888K, used 322848K [0x0000000680000000, 0x0000000800000000)
  region size 4096K, 48 young (196608K), 6 survivors (24576K)
 Metaspace       used 98784K, committed 100736K, reserved 1179648K
  class space    used 13744K, committed 14592K, reserved 1048576K
}
Event: 51.105 GC heap after
{Heap after GC invocations=50 (full 0):
 garbage-first heap   total 421888K, used 167090K [0x0000000680000000, 0x0000000800000000)
  region size 4096K, 4 young (16384K), 4 survivors (16384K)
 Metaspace       used 98784K, committed 100736K, reserved 1179648K
  class space    used 13744K, committed 14592K, reserved 1048576K
}
Event: 55.415 GC heap before
{Heap before GC invocations=50 (full 0):
 garbage-first heap   total 421888K, used 326834K [0x0000000680000000, 0x0000000800000000)
  region size 4096K, 43 young (176128K), 4 survivors (16384K)
 Metaspace       used 101467K, committed 103680K, reserved 1179648K
  class space    used 14171K, committed 15168K, reserved 1048576K
}
Event: 55.455 GC heap after
{Heap after GC invocations=51 (full 0):
 garbage-first heap   total 421888K, used 189642K [0x0000000680000000, 0x0000000800000000)
  region size 4096K, 6 young (24576K), 6 survivors (24576K)
 Metaspace       used 101467K, committed 103680K, reserved 1179648K
  class space    used 14171K, committed 15168K, reserved 1048576K
}
Event: 58.128 GC heap before
{Heap before GC invocations=51 (full 0):
 garbage-first heap   total 421888K, used 324810K [0x0000000680000000, 0x0000000800000000)
  region size 4096K, 39 young (159744K), 6 survivors (24576K)
 Metaspace       used 101885K, committed 104128K, reserved 1179648K
  class space    used 14180K, committed 15168K, reserved 1048576K
}
Event: 58.160 GC heap after
{Heap after GC invocations=52 (full 0):
 garbage-first heap   total 421888K, used 202228K [0x0000000680000000, 0x0000000800000000)
  region size 4096K, 4 young (16384K), 4 survivors (16384K)
 Metaspace       used 101885K, committed 104128K, reserved 1179648K
  class space    used 14180K, committed 15168K, reserved 1048576K
}
Event: 59.858 GC heap before
{Heap before GC invocations=52 (full 0):
 garbage-first heap   total 421888K, used 333300K [0x0000000680000000, 0x0000000800000000)
  region size 4096K, 36 young (147456K), 4 survivors (16384K)
 Metaspace       used 102098K, committed 104320K, reserved 1179648K
  class space    used 14181K, committed 15168K, reserved 1048576K
}
Event: 59.884 GC heap after
{Heap after GC invocations=53 (full 0):
 garbage-first heap   total 421888K, used 215469K [0x0000000680000000, 0x0000000800000000)
  region size 4096K, 4 young (16384K), 4 survivors (16384K)
 Metaspace       used 102098K, committed 104320K, reserved 1179648K
  class space    used 14181K, committed 15168K, reserved 1048576K
}
Event: 61.527 GC heap before
{Heap before GC invocations=53 (full 0):
 garbage-first heap   total 421888K, used 338349K [0x0000000680000000, 0x0000000800000000)
  region size 4096K, 34 young (139264K), 4 survivors (16384K)
 Metaspace       used 102262K, committed 104448K, reserved 1179648K
  class space    used 14188K, committed 15168K, reserved 1048576K
}
Event: 61.553 GC heap after
{Heap after GC invocations=54 (full 0):
 garbage-first heap   total 421888K, used 226649K [0x0000000680000000, 0x0000000800000000)
  region size 4096K, 3 young (12288K), 3 survivors (12288K)
 Metaspace       used 102262K, committed 104448K, reserved 1179648K
  class space    used 14188K, committed 15168K, reserved 1048576K
}
Event: 62.812 GC heap before
{Heap before GC invocations=55 (full 0):
 garbage-first heap   total 466944K, used 337241K [0x0000000680000000, 0x0000000800000000)
  region size 4096K, 30 young (122880K), 3 survivors (12288K)
 Metaspace       used 102411K, committed 104576K, reserved 1179648K
  class space    used 14204K, committed 15168K, reserved 1048576K
}
Event: 62.827 GC heap after
{Heap after GC invocations=56 (full 0):
 garbage-first heap   total 466944K, used 227542K [0x0000000680000000, 0x0000000800000000)
  region size 4096K, 2 young (8192K), 2 survivors (8192K)
 Metaspace       used 102411K, committed 104576K, reserved 1179648K
  class space    used 14204K, committed 15168K, reserved 1048576K
}
Event: 64.817 GC heap before
{Heap before GC invocations=56 (full 0):
 garbage-first heap   total 466944K, used 370902K [0x0000000680000000, 0x0000000800000000)
  region size 4096K, 37 young (151552K), 2 survivors (8192K)
 Metaspace       used 102525K, committed 104768K, reserved 1179648K
  class space    used 14213K, committed 15232K, reserved 1048576K
}
Event: 64.833 GC heap after
{Heap after GC invocations=57 (full 0):
 garbage-first heap   total 561152K, used 233105K [0x0000000680000000, 0x0000000800000000)
  region size 4096K, 3 young (12288K), 3 survivors (12288K)
 Metaspace       used 102525K, committed 104768K, reserved 1179648K
  class space    used 14213K, committed 15232K, reserved 1048576K
}
Event: 67.152 GC heap before
{Heap before GC invocations=58 (full 0):
 garbage-first heap   total 561152K, used 437571K [0x0000000680000000, 0x0000000800000000)
  region size 4096K, 54 young (221184K), 3 survivors (12288K)
 Metaspace       used 102546K, committed 104832K, reserved 1179648K
  class space    used 14215K, committed 15232K, reserved 1048576K
}
Event: 67.161 GC heap after
{Heap after GC invocations=59 (full 0):
 garbage-first heap   total 561152K, used 223155K [0x0000000680000000, 0x0000000800000000)
  region size 4096K, 2 young (8192K), 2 survivors (8192K)
 Metaspace       used 102546K, committed 104832K, reserved 1179648K
  class space    used 14215K, committed 15232K, reserved 1048576K
}
Event: 67.260 GC heap before
{Heap before GC invocations=59 (full 0):
 garbage-first heap   total 561152K, used 239539K [0x0000000680000000, 0x0000000800000000)
  region size 4096K, 6 young (24576K), 2 survivors (8192K)
 Metaspace       used 102559K, committed 104832K, reserved 1179648K
  class space    used 14216K, committed 15232K, reserved 1048576K
}
Event: 67.268 GC heap after
{Heap after GC invocations=60 (full 0):
 garbage-first heap   total 561152K, used 220571K [0x0000000680000000, 0x0000000800000000)
  region size 4096K, 1 young (4096K), 1 survivors (4096K)
 Metaspace       used 102559K, committed 104832K, reserved 1179648K
  class space    used 14216K, committed 15232K, reserved 1048576K
}
Event: 69.595 GC heap before
{Heap before GC invocations=60 (full 0):
 garbage-first heap   total 561152K, used 462235K [0x0000000680000000, 0x0000000800000000)
  region size 4096K, 60 young (245760K), 1 survivors (4096K)
 Metaspace       used 102612K, committed 104896K, reserved 1179648K
  class space    used 14217K, committed 15232K, reserved 1048576K
}
Event: 69.609 GC heap after
{Heap after GC invocations=61 (full 0):
 garbage-first heap   total 561152K, used 228099K [0x0000000680000000, 0x0000000800000000)
  region size 4096K, 3 young (12288K), 3 survivors (12288K)
 Metaspace       used 102612K, committed 104896K, reserved 1179648K
  class space    used 14217K, committed 15232K, reserved 1048576K
}

