# JRE version: Java(TM) SE Runtime Environment (17.0.10+11) (build 17.0.10+11-LTS-240)
# Java VM: Java HotSpot(TM) 64-Bit Server VM (17.0.10+11-LTS-240, mixed mode, sharing, tiered, compressed oops, compressed class ptrs, g1 gc, windows-amd64)
GC Precious Log:
 CPUs: 8 total, 8 available
 Memory: 11968M
 Large Page Support: Disabled
 NUMA Support: Disabled
 Compressed Oops: Enabled (Zero based)
 Heap Region Size: 2M
 Heap Min Capacity: 8M
 Heap Initial Capacity: 188M
 Heap Max Capacity: 2994M
 Pre-touch: Disabled
 Parallel Workers: 8
 Concurrent Workers: 2
 Concurrent Refinement Workers: 8
 Periodic GC: Disabled
Heap:
 garbage-first heap   total 256000K, used 151017K [0x0000000744e00000, 0x0000000800000000)
  region size 2048K, 4 young (8192K), 4 survivors (8192K)
 Metaspace       used 93492K, committed 95168K, reserved 1179648K
  class space    used 12945K, committed 13696K, reserved 1048576K
GC Heap History (20 events):
Event: 33.553 GC heap after
{Heap after GC invocations=41 (full 0):
 garbage-first heap   total 184320K, used 98301K [0x0000000744e00000, 0x0000000800000000)
  region size 2048K, 4 young (8192K), 4 survivors (8192K)
 Metaspace       used 72437K, committed 73472K, reserved 1114112K
  class space    used 10313K, committed 10816K, reserved 1048576K
}
Event: 34.537 GC heap before
{Heap before GC invocations=41 (full 0):
 garbage-first heap   total 184320K, used 149501K [0x0000000744e00000, 0x0000000800000000)
  region size 2048K, 29 young (59392K), 4 survivors (8192K)
 Metaspace       used 73970K, committed 75072K, reserved 1114112K
  class space    used 10543K, committed 11072K, reserved 1048576K
}
Event: 34.555 GC heap after
{Heap after GC invocations=42 (full 0):
 garbage-first heap   total 184320K, used 104302K [0x0000000744e00000, 0x0000000800000000)
  region size 2048K, 3 young (6144K), 3 survivors (6144K)
 Metaspace       used 73970K, committed 75072K, reserved 1114112K
  class space    used 10543K, committed 11072K, reserved 1048576K
}
Event: 36.366 GC heap before
{Heap before GC invocations=43 (full 0):
 garbage-first heap   total 192512K, used 149358K [0x0000000744e00000, 0x0000000800000000)
  region size 2048K, 25 young (51200K), 3 survivors (6144K)
 Metaspace       used 74914K, committed 76096K, reserved 1114112K
  class space    used 10667K, committed 11264K, reserved 1048576K
}
Event: 36.394 GC heap after
{Heap after GC invocations=44 (full 0):
 garbage-first heap   total 192512K, used 111945K [0x0000000744e00000, 0x0000000800000000)
  region size 2048K, 4 young (8192K), 4 survivors (8192K)
 Metaspace       used 74914K, committed 76096K, reserved 1114112K
  class space    used 10667K, committed 11264K, reserved 1048576K
}
Event: 37.633 GC heap before
{Heap before GC invocations=44 (full 0):
 garbage-first heap   total 192512K, used 152905K [0x0000000744e00000, 0x0000000800000000)
  region size 2048K, 25 young (51200K), 4 survivors (8192K)
 Metaspace       used 76064K, committed 77440K, reserved 1179648K
  class space    used 10842K, committed 11520K, reserved 1048576K
}
Event: 37.653 GC heap after
{Heap after GC invocations=45 (full 0):
 garbage-first heap   total 192512K, used 122211K [0x0000000744e00000, 0x0000000800000000)
  region size 2048K, 4 young (8192K), 4 survivors (8192K)
 Metaspace       used 76064K, committed 77440K, reserved 1179648K
  class space    used 10842K, committed 11520K, reserved 1048576K
}
Event: 38.113 GC heap before
{Heap before GC invocations=46 (full 0):
 garbage-first heap   total 239616K, used 152931K [0x0000000744e00000, 0x0000000800000000)
  region size 2048K, 20 young (40960K), 4 survivors (8192K)
 Metaspace       used 76543K, committed 77952K, reserved 1179648K
  class space    used 10924K, committed 11584K, reserved 1048576K
}
Event: 38.127 GC heap after
{Heap after GC invocations=47 (full 0):
 garbage-first heap   total 239616K, used 125643K [0x0000000744e00000, 0x0000000800000000)
  region size 2048K, 2 young (4096K), 2 survivors (4096K)
 Metaspace       used 76543K, committed 77952K, reserved 1179648K
  class space    used 10924K, committed 11584K, reserved 1048576K
}
Event: 39.348 GC heap before
{Heap before GC invocations=47 (full 0):
 garbage-first heap   total 239616K, used 189131K [0x0000000744e00000, 0x0000000800000000)
  region size 2048K, 33 young (67584K), 2 survivors (4096K)
 Metaspace       used 80666K, committed 82048K, reserved 1179648K
  class space    used 11386K, committed 12032K, reserved 1048576K
}
Event: 39.359 GC heap after
{Heap after GC invocations=48 (full 0):
 garbage-first heap   total 239616K, used 129605K [0x0000000744e00000, 0x0000000800000000)
  region size 2048K, 4 young (8192K), 4 survivors (8192K)
 Metaspace       used 80666K, committed 82048K, reserved 1179648K
  class space    used 11386K, committed 12032K, reserved 1048576K
}
Event: 40.790 GC heap before
{Heap before GC invocations=49 (full 0):
 garbage-first heap   total 253952K, used 191045K [0x0000000744e00000, 0x0000000800000000)
  region size 2048K, 34 young (69632K), 4 survivors (8192K)
 Metaspace       used 86431K, committed 87808K, reserved 1179648K
  class space    used 12045K, committed 12736K, reserved 1048576K
}
Event: 40.803 GC heap after
{Heap after GC invocations=50 (full 0):
 garbage-first heap   total 253952K, used 132648K [0x0000000744e00000, 0x0000000800000000)
  region size 2048K, 4 young (8192K), 4 survivors (8192K)
 Metaspace       used 86431K, committed 87808K, reserved 1179648K
  class space    used 12045K, committed 12736K, reserved 1048576K
}
Event: 42.787 GC heap before
{Heap before GC invocations=50 (full 0):
 garbage-first heap   total 253952K, used 204328K [0x0000000744e00000, 0x0000000800000000)
  region size 2048K, 39 young (79872K), 4 survivors (8192K)
 Metaspace       used 90116K, committed 91584K, reserved 1179648K
  class space    used 12471K, committed 13184K, reserved 1048576K
}
Event: 42.802 GC heap after
{Heap after GC invocations=51 (full 0):
 garbage-first heap   total 253952K, used 138551K [0x0000000744e00000, 0x0000000800000000)
  region size 2048K, 5 young (10240K), 5 survivors (10240K)
 Metaspace       used 90116K, committed 91584K, reserved 1179648K
  class space    used 12471K, committed 13184K, reserved 1048576K
}
Event: 44.548 GC heap before
{Heap before GC invocations=52 (full 0):
 garbage-first heap   total 256000K, used 206135K [0x0000000744e00000, 0x0000000800000000)
  region size 2048K, 38 young (77824K), 5 survivors (10240K)
 Metaspace       used 92051K, committed 93632K, reserved 1179648K
  class space    used 12720K, committed 13440K, reserved 1048576K
}
Event: 44.564 GC heap after
{Heap after GC invocations=53 (full 0):
 garbage-first heap   total 256000K, used 144269K [0x0000000744e00000, 0x0000000800000000)
  region size 2048K, 4 young (8192K), 4 survivors (8192K)
 Metaspace       used 92051K, committed 93632K, reserved 1179648K
  class space    used 12720K, committed 13440K, reserved 1048576K
}
Event: 44.575 GC heap before
{Heap before GC invocations=53 (full 0):
 garbage-first heap   total 256000K, used 148365K [0x0000000744e00000, 0x0000000800000000)
  region size 2048K, 6 young (12288K), 4 survivors (8192K)
 Metaspace       used 92051K, committed 93632K, reserved 1179648K
  class space    used 12720K, committed 13440K, reserved 1048576K
}
Event: 44.585 GC heap after
{Heap after GC invocations=54 (full 0):
 garbage-first heap   total 256000K, used 144254K [0x0000000744e00000, 0x0000000800000000)
  region size 2048K, 1 young (2048K), 1 survivors (2048K)
 Metaspace       used 92051K, committed 93632K, reserved 1179648K
  class space    used 12720K, committed 13440K, reserved 1048576K
}
Event: 45.690 GC heap before
{Heap before GC invocations=54 (full 0):
 garbage-first heap   total 256000K, used 209790K [0x0000000744e00000, 0x0000000800000000)
  region size 2048K, 33 young (67584K), 1 survivors (2048K)
 Metaspace       used 93492K, committed 95168K, reserved 1179648K
  class space    used 12945K, committed 13696K, reserved 1048576K
}

