# JRE version: OpenJDK Runtime Environment Temurin-17.0.12+7 (17.0.12+7) (build 17.0.12+7)
# Java VM: OpenJDK 64-Bit Server VM Temurin-17.0.12+7 (17.0.12+7, mixed mode, emulated-client, tiered, compressed oops, compressed class ptrs, g1 gc, windows-amd64)
GC Precious Log:
 CPUs: 8 total, 8 available
 Memory: 11968M
 Large Page Support: Disabled
 NUMA Support: Disabled
 Compressed Oops: Enabled (32-bit)
 Heap Region Size: 1M
 Heap Min Capacity: 8M
 Heap Initial Capacity: 188M
 Heap Max Capacity: 1G
 Pre-touch: Disabled
 Parallel Workers: 8
 Concurrent Workers: 2
 Concurrent Refinement Workers: 8
 Periodic GC: Disabled
Heap:
 garbage-first heap   total 252928K, used 88236K [0x00000000c0000000, 0x0000000100000000)
  region size 1024K, 1 young (1024K), 0 survivors (0K)
 Metaspace       used 62667K, committed 63168K, reserved 1114112K
  class space    used 7939K, committed 8128K, reserved 1048576K
GC Heap History (20 events):
Event: 178267.485 GC heap after
{Heap after GC invocations=6548 (full 6177):
 garbage-first heap   total 252928K, used 88236K [0x00000000c0000000, 0x0000000100000000)
  region size 1024K, 0 young (0K), 0 survivors (0K)
 Metaspace       used 62667K, committed 63168K, reserved 1114112K
  class space    used 7939K, committed 8128K, reserved 1048576K
}
Event: 178277.788 GC heap before
{Heap before GC invocations=6548 (full 6177):
 garbage-first heap   total 252928K, used 88236K [0x00000000c0000000, 0x0000000100000000)
  region size 1024K, 1 young (1024K), 0 survivors (0K)
 Metaspace       used 62667K, committed 63168K, reserved 1114112K
  class space    used 7939K, committed 8128K, reserved 1048576K
}
Event: 178277.886 GC heap after
{Heap after GC invocations=6549 (full 6178):
 garbage-first heap   total 252928K, used 88236K [0x00000000c0000000, 0x0000000100000000)
  region size 1024K, 0 young (0K), 0 survivors (0K)
 Metaspace       used 62667K, committed 63168K, reserved 1114112K
  class space    used 7939K, committed 8128K, reserved 1048576K
}
Event: 178288.293 GC heap before
{Heap before GC invocations=6549 (full 6178):
 garbage-first heap   total 252928K, used 88236K [0x00000000c0000000, 0x0000000100000000)
  region size 1024K, 1 young (1024K), 0 survivors (0K)
 Metaspace       used 62667K, committed 63168K, reserved 1114112K
  class space    used 7939K, committed 8128K, reserved 1048576K
}
Event: 178288.403 GC heap after
{Heap after GC invocations=6550 (full 6179):
 garbage-first heap   total 252928K, used 88236K [0x00000000c0000000, 0x0000000100000000)
  region size 1024K, 0 young (0K), 0 survivors (0K)
 Metaspace       used 62667K, committed 63168K, reserved 1114112K
  class space    used 7939K, committed 8128K, reserved 1048576K
}
Event: 178298.766 GC heap before
{Heap before GC invocations=6550 (full 6179):
 garbage-first heap   total 252928K, used 88236K [0x00000000c0000000, 0x0000000100000000)
  region size 1024K, 1 young (1024K), 0 survivors (0K)
 Metaspace       used 62667K, committed 63168K, reserved 1114112K
  class space    used 7939K, committed 8128K, reserved 1048576K
}
Event: 178298.866 GC heap after
{Heap after GC invocations=6551 (full 6180):
 garbage-first heap   total 252928K, used 88236K [0x00000000c0000000, 0x0000000100000000)
  region size 1024K, 0 young (0K), 0 survivors (0K)
 Metaspace       used 62667K, committed 63168K, reserved 1114112K
  class space    used 7939K, committed 8128K, reserved 1048576K
}
Event: 178309.197 GC heap before
{Heap before GC invocations=6551 (full 6180):
 garbage-first heap   total 252928K, used 88236K [0x00000000c0000000, 0x0000000100000000)
  region size 1024K, 1 young (1024K), 0 survivors (0K)
 Metaspace       used 62667K, committed 63168K, reserved 1114112K
  class space    used 7939K, committed 8128K, reserved 1048576K
}
Event: 178309.313 GC heap after
{Heap after GC invocations=6552 (full 6181):
 garbage-first heap   total 252928K, used 88236K [0x00000000c0000000, 0x0000000100000000)
  region size 1024K, 0 young (0K), 0 survivors (0K)
 Metaspace       used 62667K, committed 63168K, reserved 1114112K
  class space    used 7939K, committed 8128K, reserved 1048576K
}
Event: 178319.663 GC heap before
{Heap before GC invocations=6552 (full 6181):
 garbage-first heap   total 252928K, used 88236K [0x00000000c0000000, 0x0000000100000000)
  region size 1024K, 1 young (1024K), 0 survivors (0K)
 Metaspace       used 62667K, committed 63168K, reserved 1114112K
  class space    used 7939K, committed 8128K, reserved 1048576K
}
Event: 178319.751 GC heap after
{Heap after GC invocations=6553 (full 6182):
 garbage-first heap   total 252928K, used 88236K [0x00000000c0000000, 0x0000000100000000)
  region size 1024K, 0 young (0K), 0 survivors (0K)
 Metaspace       used 62667K, committed 63168K, reserved 1114112K
  class space    used 7939K, committed 8128K, reserved 1048576K
}
Event: 178330.109 GC heap before
{Heap before GC invocations=6553 (full 6182):
 garbage-first heap   total 252928K, used 88236K [0x00000000c0000000, 0x0000000100000000)
  region size 1024K, 1 young (1024K), 0 survivors (0K)
 Metaspace       used 62667K, committed 63168K, reserved 1114112K
  class space    used 7939K, committed 8128K, reserved 1048576K
}
Event: 178330.198 GC heap after
{Heap after GC invocations=6554 (full 6183):
 garbage-first heap   total 252928K, used 88236K [0x00000000c0000000, 0x0000000100000000)
  region size 1024K, 0 young (0K), 0 survivors (0K)
 Metaspace       used 62667K, committed 63168K, reserved 1114112K
  class space    used 7939K, committed 8128K, reserved 1048576K
}
Event: 178340.531 GC heap before
{Heap before GC invocations=6554 (full 6183):
 garbage-first heap   total 252928K, used 88236K [0x00000000c0000000, 0x0000000100000000)
  region size 1024K, 1 young (1024K), 0 survivors (0K)
 Metaspace       used 62667K, committed 63168K, reserved 1114112K
  class space    used 7939K, committed 8128K, reserved 1048576K
}
Event: 178340.629 GC heap after
{Heap after GC invocations=6555 (full 6184):
 garbage-first heap   total 252928K, used 88236K [0x00000000c0000000, 0x0000000100000000)
  region size 1024K, 0 young (0K), 0 survivors (0K)
 Metaspace       used 62667K, committed 63168K, reserved 1114112K
  class space    used 7939K, committed 8128K, reserved 1048576K
}
Event: 178351.018 GC heap before
{Heap before GC invocations=6555 (full 6184):
 garbage-first heap   total 252928K, used 88236K [0x00000000c0000000, 0x0000000100000000)
  region size 1024K, 1 young (1024K), 0 survivors (0K)
 Metaspace       used 62667K, committed 63168K, reserved 1114112K
  class space    used 7939K, committed 8128K, reserved 1048576K
}
Event: 178351.115 GC heap after
{Heap after GC invocations=6556 (full 6185):
 garbage-first heap   total 252928K, used 88236K [0x00000000c0000000, 0x0000000100000000)
  region size 1024K, 0 young (0K), 0 survivors (0K)
 Metaspace       used 62667K, committed 63168K, reserved 1114112K
  class space    used 7939K, committed 8128K, reserved 1048576K
}
Event: 178361.521 GC heap before
{Heap before GC invocations=6556 (full 6185):
 garbage-first heap   total 252928K, used 88236K [0x00000000c0000000, 0x0000000100000000)
  region size 1024K, 1 young (1024K), 0 survivors (0K)
 Metaspace       used 62667K, committed 63168K, reserved 1114112K
  class space    used 7939K, committed 8128K, reserved 1048576K
}
Event: 178361.626 GC heap after
{Heap after GC invocations=6557 (full 6186):
 garbage-first heap   total 252928K, used 88236K [0x00000000c0000000, 0x0000000100000000)
  region size 1024K, 0 young (0K), 0 survivors (0K)
 Metaspace       used 62667K, committed 63168K, reserved 1114112K
  class space    used 7939K, committed 8128K, reserved 1048576K
}
Event: 178371.985 GC heap before
{Heap before GC invocations=6557 (full 6186):
 garbage-first heap   total 252928K, used 88236K [0x00000000c0000000, 0x0000000100000000)
  region size 1024K, 1 young (1024K), 0 survivors (0K)
 Metaspace       used 62667K, committed 63168K, reserved 1114112K
  class space    used 7939K, committed 8128K, reserved 1048576K
}

