# JRE version: OpenJDK Runtime Environment Temurin-17.0.11+9 (17.0.11+9) (build 17.0.11+9)
# Java VM: OpenJDK 64-Bit Server VM Temurin-17.0.11+9 (17.0.11+9, mixed mode, tiered, compressed oops, compressed class ptrs, g1 gc, windows-amd64)
GC Precious Log:
 CPUs: 8 total, 8 available
 Memory: 11968M
 Large Page Support: Disabled
 NUMA Support: Disabled
 Compressed Oops: Enabled (Zero based)
 Heap Region Size: 2M
 Heap Min Capacity: 8M
 Heap Initial Capacity: 188M
 Heap Max Capacity: 2994M
 Pre-touch: Disabled
 Parallel Workers: 8
 Concurrent Workers: 2
 Concurrent Refinement Workers: 8
 Periodic GC: Disabled
Heap:
 garbage-first heap   total 192512K, used 83352K [0x0000000744e00000, 0x0000000800000000)
  region size 2048K, 2 young (4096K), 2 survivors (4096K)
 Metaspace       used 25365K, committed 25728K, reserved 1114112K
  class space    used 3202K, committed 3392K, reserved 1048576K
GC Heap History (20 events):
Event: 20.758 GC heap after
{Heap after GC invocations=4 (full 0):
 garbage-first heap   total 192512K, used 19557K [0x0000000744e00000, 0x0000000800000000)
  region size 2048K, 4 young (8192K), 4 survivors (8192K)
 Metaspace       used 21337K, committed 21504K, reserved 1114112K
  class space    used 2668K, committed 2752K, reserved 1048576K
}
Event: 126.818 GC heap before
{Heap before GC invocations=5 (full 0):
 garbage-first heap   total 81920K, used 60517K [0x0000000744e00000, 0x0000000800000000)
  region size 2048K, 24 young (49152K), 4 survivors (8192K)
 Metaspace       used 24748K, committed 25024K, reserved 1114112K
  class space    used 3130K, committed 3264K, reserved 1048576K
}
Event: 126.823 GC heap after
{Heap after GC invocations=6 (full 0):
 garbage-first heap   total 81920K, used 26104K [0x0000000744e00000, 0x0000000800000000)
  region size 2048K, 2 young (4096K), 2 survivors (4096K)
 Metaspace       used 24748K, committed 25024K, reserved 1114112K
  class space    used 3130K, committed 3264K, reserved 1048576K
}
Event: 126.957 GC heap before
{Heap before GC invocations=6 (full 0):
 garbage-first heap   total 81920K, used 38392K [0x0000000744e00000, 0x0000000800000000)
  region size 2048K, 3 young (6144K), 2 survivors (4096K)
 Metaspace       used 24823K, committed 25088K, reserved 1114112K
  class space    used 3143K, committed 3264K, reserved 1048576K
}
Event: 126.960 GC heap after
{Heap after GC invocations=7 (full 0):
 garbage-first heap   total 81920K, used 37004K [0x0000000744e00000, 0x0000000800000000)
  region size 2048K, 1 young (2048K), 1 survivors (2048K)
 Metaspace       used 24823K, committed 25088K, reserved 1114112K
  class space    used 3143K, committed 3264K, reserved 1048576K
}
Event: 127.090 GC heap before
{Heap before GC invocations=7 (full 0):
 garbage-first heap   total 81920K, used 57484K [0x0000000744e00000, 0x0000000800000000)
  region size 2048K, 12 young (24576K), 1 survivors (2048K)
 Metaspace       used 25040K, committed 25344K, reserved 1114112K
  class space    used 3164K, committed 3328K, reserved 1048576K
}
Event: 127.096 GC heap after
{Heap after GC invocations=8 (full 0):
 garbage-first heap   total 81920K, used 45603K [0x0000000744e00000, 0x0000000800000000)
  region size 2048K, 2 young (4096K), 2 survivors (4096K)
 Metaspace       used 25040K, committed 25344K, reserved 1114112K
  class space    used 3164K, committed 3328K, reserved 1048576K
}
Event: 127.160 GC heap before
{Heap before GC invocations=8 (full 0):
 garbage-first heap   total 81920K, used 59939K [0x0000000744e00000, 0x0000000800000000)
  region size 2048K, 9 young (18432K), 2 survivors (4096K)
 Metaspace       used 25044K, committed 25344K, reserved 1114112K
  class space    used 3164K, committed 3328K, reserved 1048576K
}
Event: 127.166 GC heap after
{Heap after GC invocations=9 (full 0):
 garbage-first heap   total 81920K, used 51412K [0x0000000744e00000, 0x0000000800000000)
  region size 2048K, 2 young (4096K), 2 survivors (4096K)
 Metaspace       used 25044K, committed 25344K, reserved 1114112K
  class space    used 3164K, committed 3328K, reserved 1048576K
}
Event: 127.209 GC heap before
{Heap before GC invocations=10 (full 0):
 garbage-first heap   total 96256K, used 59604K [0x0000000744e00000, 0x0000000800000000)
  region size 2048K, 7 young (14336K), 2 survivors (4096K)
 Metaspace       used 25044K, committed 25344K, reserved 1114112K
  class space    used 3164K, committed 3328K, reserved 1048576K
}
Event: 127.213 GC heap after
{Heap after GC invocations=11 (full 0):
 garbage-first heap   total 116736K, used 57255K [0x0000000744e00000, 0x0000000800000000)
  region size 2048K, 1 young (2048K), 1 survivors (2048K)
 Metaspace       used 25044K, committed 25344K, reserved 1114112K
  class space    used 3164K, committed 3328K, reserved 1048576K
}
Event: 127.288 GC heap before
{Heap before GC invocations=11 (full 0):
 garbage-first heap   total 116736K, used 79783K [0x0000000744e00000, 0x0000000800000000)
  region size 2048K, 12 young (24576K), 1 survivors (2048K)
 Metaspace       used 25045K, committed 25344K, reserved 1114112K
  class space    used 3164K, committed 3328K, reserved 1048576K
}
Event: 127.295 GC heap after
{Heap after GC invocations=12 (full 0):
 garbage-first heap   total 116736K, used 65814K [0x0000000744e00000, 0x0000000800000000)
  region size 2048K, 2 young (4096K), 2 survivors (4096K)
 Metaspace       used 25045K, committed 25344K, reserved 1114112K
  class space    used 3164K, committed 3328K, reserved 1048576K
}
Event: 127.416 GC heap before
{Heap before GC invocations=13 (full 0):
 garbage-first heap   total 122880K, used 84246K [0x0000000744e00000, 0x0000000800000000)
  region size 2048K, 11 young (22528K), 2 survivors (4096K)
 Metaspace       used 25291K, committed 25536K, reserved 1114112K
  class space    used 3187K, committed 3328K, reserved 1048576K
}
Event: 127.425 GC heap after
{Heap after GC invocations=14 (full 0):
 garbage-first heap   total 122880K, used 74025K [0x0000000744e00000, 0x0000000800000000)
  region size 2048K, 2 young (4096K), 2 survivors (4096K)
 Metaspace       used 25291K, committed 25536K, reserved 1114112K
  class space    used 3187K, committed 3328K, reserved 1048576K
}
Event: 127.516 GC heap before
{Heap before GC invocations=14 (full 0):
 garbage-first heap   total 122880K, used 90409K [0x0000000744e00000, 0x0000000800000000)
  region size 2048K, 10 young (20480K), 2 survivors (4096K)
 Metaspace       used 25364K, committed 25728K, reserved 1114112K
  class space    used 3202K, committed 3392K, reserved 1048576K
}
Event: 127.528 GC heap after
{Heap after GC invocations=15 (full 0):
 garbage-first heap   total 122880K, used 81625K [0x0000000744e00000, 0x0000000800000000)
  region size 2048K, 2 young (4096K), 2 survivors (4096K)
 Metaspace       used 25364K, committed 25728K, reserved 1114112K
  class space    used 3202K, committed 3392K, reserved 1048576K
}
Event: 127.576 GC heap before
{Heap before GC invocations=15 (full 0):
 garbage-first heap   total 131072K, used 79577K [0x0000000744e00000, 0x0000000800000000)
  region size 2048K, 8 young (16384K), 2 survivors (4096K)
 Metaspace       used 25365K, committed 25728K, reserved 1114112K
  class space    used 3202K, committed 3392K, reserved 1048576K
}
Event: 127.585 GC heap after
{Heap after GC invocations=16 (full 0):
 garbage-first heap   total 131072K, used 73728K [0x0000000744e00000, 0x0000000800000000)
  region size 2048K, 1 young (2048K), 1 survivors (2048K)
 Metaspace       used 25365K, committed 25728K, reserved 1114112K
  class space    used 3202K, committed 3392K, reserved 1048576K
}
Event: 127.650 GC heap before
{Heap before GC invocations=17 (full 0):
 garbage-first heap   total 131072K, used 94208K [0x0000000744e00000, 0x0000000800000000)
  region size 2048K, 11 young (22528K), 1 survivors (2048K)
 Metaspace       used 25365K, committed 25728K, reserved 1114112K
  class space    used 3202K, committed 3392K, reserved 1048576K
}

