# JRE version: Java(TM) SE Runtime Environment (17.0.10+11) (build 17.0.10+11-LTS-240)
# Java VM: Java HotSpot(TM) 64-Bit Server VM (17.0.10+11-LTS-240, mixed mode, sharing, tiered, compressed oops, compressed class ptrs, g1 gc, windows-amd64)
GC Precious Log:
 CPUs: 8 total, 8 available
 Memory: 11968M
 Large Page Support: Disabled
 NUMA Support: Disabled
 Compressed Oops: Enabled (Zero based)
 Heap Region Size: 2M
 Heap Min Capacity: 8M
 Heap Initial Capacity: 188M
 Heap Max Capacity: 2994M
 Pre-touch: Disabled
 Parallel Workers: 8
 Concurrent Workers: 2
 Concurrent Refinement Workers: 8
 Periodic GC: Disabled
Heap:
 garbage-first heap   total 192512K, used 78453K [0x0000000744e00000, 0x0000000800000000)
  region size 2048K, 2 young (4096K), 2 survivors (4096K)
 Metaspace       used 65013K, committed 65856K, reserved 1114112K
  class space    used 9253K, committed 9664K, reserved 1048576K
GC Heap History (20 events):
Event: 12.649 GC heap after
{Heap after GC invocations=15 (full 0):
 garbage-first heap   total 122880K, used 43636K [0x0000000744e00000, 0x0000000800000000)
  region size 2048K, 3 young (6144K), 3 survivors (6144K)
 Metaspace       used 53691K, committed 54336K, reserved 1114112K
  class space    used 7836K, committed 8128K, reserved 1048576K
}
Event: 13.859 GC heap before
{Heap before GC invocations=15 (full 0):
 garbage-first heap   total 122880K, used 92788K [0x0000000744e00000, 0x0000000800000000)
  region size 2048K, 27 young (55296K), 3 survivors (6144K)
 Metaspace       used 56925K, committed 57600K, reserved 1114112K
  class space    used 8370K, committed 8704K, reserved 1048576K
}
Event: 13.872 GC heap after
{Heap after GC invocations=16 (full 0):
 garbage-first heap   total 122880K, used 47955K [0x0000000744e00000, 0x0000000800000000)
  region size 2048K, 4 young (8192K), 4 survivors (8192K)
 Metaspace       used 56925K, committed 57600K, reserved 1114112K
  class space    used 8370K, committed 8704K, reserved 1048576K
}
Event: 14.623 GC heap before
{Heap before GC invocations=16 (full 0):
 garbage-first heap   total 122880K, used 76627K [0x0000000744e00000, 0x0000000800000000)
  region size 2048K, 19 young (38912K), 4 survivors (8192K)
 Metaspace       used 59648K, committed 60288K, reserved 1114112K
  class space    used 8774K, committed 9088K, reserved 1048576K
}
Event: 14.639 GC heap after
{Heap after GC invocations=17 (full 0):
 garbage-first heap   total 122880K, used 50457K [0x0000000744e00000, 0x0000000800000000)
  region size 2048K, 2 young (4096K), 2 survivors (4096K)
 Metaspace       used 59648K, committed 60288K, reserved 1114112K
  class space    used 8774K, committed 9088K, reserved 1048576K
}
Event: 16.153 GC heap before
{Heap before GC invocations=18 (full 0):
 garbage-first heap   total 122880K, used 93465K [0x0000000744e00000, 0x0000000800000000)
  region size 2048K, 24 young (49152K), 2 survivors (4096K)
 Metaspace       used 60674K, committed 61312K, reserved 1114112K
  class space    used 8838K, committed 9152K, reserved 1048576K
}
Event: 16.161 GC heap after
{Heap after GC invocations=19 (full 0):
 garbage-first heap   total 122880K, used 52880K [0x0000000744e00000, 0x0000000800000000)
  region size 2048K, 3 young (6144K), 3 survivors (6144K)
 Metaspace       used 60674K, committed 61312K, reserved 1114112K
  class space    used 8838K, committed 9152K, reserved 1048576K
}
Event: 17.064 GC heap before
{Heap before GC invocations=19 (full 0):
 garbage-first heap   total 122880K, used 95888K [0x0000000744e00000, 0x0000000800000000)
  region size 2048K, 24 young (49152K), 3 survivors (6144K)
 Metaspace       used 61153K, committed 61888K, reserved 1114112K
  class space    used 8850K, committed 9216K, reserved 1048576K
}
Event: 17.072 GC heap after
{Heap after GC invocations=20 (full 0):
 garbage-first heap   total 122880K, used 54163K [0x0000000744e00000, 0x0000000800000000)
  region size 2048K, 2 young (4096K), 2 survivors (4096K)
 Metaspace       used 61153K, committed 61888K, reserved 1114112K
  class space    used 8850K, committed 9216K, reserved 1048576K
}
Event: 18.316 GC heap before
{Heap before GC invocations=20 (full 0):
 garbage-first heap   total 122880K, used 97171K [0x0000000744e00000, 0x0000000800000000)
  region size 2048K, 24 young (49152K), 2 survivors (4096K)
 Metaspace       used 62237K, committed 63040K, reserved 1114112K
  class space    used 8976K, committed 9344K, reserved 1048576K
}
Event: 18.328 GC heap after
{Heap after GC invocations=21 (full 0):
 garbage-first heap   total 122880K, used 60411K [0x0000000744e00000, 0x0000000800000000)
  region size 2048K, 3 young (6144K), 3 survivors (6144K)
 Metaspace       used 62237K, committed 63040K, reserved 1114112K
  class space    used 8976K, committed 9344K, reserved 1048576K
}
Event: 19.175 GC heap before
{Heap before GC invocations=21 (full 0):
 garbage-first heap   total 122880K, used 95227K [0x0000000744e00000, 0x0000000800000000)
  region size 2048K, 21 young (43008K), 3 survivors (6144K)
 Metaspace       used 62673K, committed 63424K, reserved 1114112K
  class space    used 8978K, committed 9344K, reserved 1048576K
}
Event: 19.188 GC heap after
{Heap after GC invocations=22 (full 0):
 garbage-first heap   total 122880K, used 65824K [0x0000000744e00000, 0x0000000800000000)
  region size 2048K, 3 young (6144K), 3 survivors (6144K)
 Metaspace       used 62673K, committed 63424K, reserved 1114112K
  class space    used 8978K, committed 9344K, reserved 1048576K
}
Event: 19.693 GC heap before
{Heap before GC invocations=22 (full 0):
 garbage-first heap   total 122880K, used 94496K [0x0000000744e00000, 0x0000000800000000)
  region size 2048K, 18 young (36864K), 3 survivors (6144K)
 Metaspace       used 63249K, committed 64064K, reserved 1114112K
  class space    used 9026K, committed 9408K, reserved 1048576K
}
Event: 19.703 GC heap after
{Heap after GC invocations=23 (full 0):
 garbage-first heap   total 122880K, used 72283K [0x0000000744e00000, 0x0000000800000000)
  region size 2048K, 3 young (6144K), 3 survivors (6144K)
 Metaspace       used 63249K, committed 64064K, reserved 1114112K
  class space    used 9026K, committed 9408K, reserved 1048576K
}
Event: 20.247 GC heap before
{Heap before GC invocations=24 (full 0):
 garbage-first heap   total 131072K, used 92763K [0x0000000744e00000, 0x0000000800000000)
  region size 2048K, 14 young (28672K), 3 survivors (6144K)
 Metaspace       used 64278K, committed 65088K, reserved 1114112K
  class space    used 9151K, committed 9536K, reserved 1048576K
}
Event: 20.253 GC heap after
{Heap after GC invocations=25 (full 0):
 garbage-first heap   total 131072K, used 76502K [0x0000000744e00000, 0x0000000800000000)
  region size 2048K, 2 young (4096K), 2 survivors (4096K)
 Metaspace       used 64278K, committed 65088K, reserved 1114112K
  class space    used 9151K, committed 9536K, reserved 1048576K
}
Event: 20.286 GC heap before
{Heap before GC invocations=25 (full 0):
 garbage-first heap   total 131072K, used 78550K [0x0000000744e00000, 0x0000000800000000)
  region size 2048K, 3 young (6144K), 2 survivors (4096K)
 Metaspace       used 64339K, committed 65088K, reserved 1114112K
  class space    used 9156K, committed 9536K, reserved 1048576K
}
Event: 20.297 GC heap after
{Heap after GC invocations=26 (full 0):
 garbage-first heap   total 131072K, used 76826K [0x0000000744e00000, 0x0000000800000000)
  region size 2048K, 1 young (2048K), 1 survivors (2048K)
 Metaspace       used 64339K, committed 65088K, reserved 1114112K
  class space    used 9156K, committed 9536K, reserved 1048576K
}
Event: 20.635 GC heap before
{Heap before GC invocations=26 (full 0):
 garbage-first heap   total 131072K, used 99354K [0x0000000744e00000, 0x0000000800000000)
  region size 2048K, 12 young (24576K), 1 survivors (2048K)
 Metaspace       used 65013K, committed 65856K, reserved 1114112K
  class space    used 9253K, committed 9664K, reserved 1048576K
}

