# JRE version: Java(TM) SE Runtime Environment (17.0.10+11) (build 17.0.10+11-LTS-240)
# Java VM: Java HotSpot(TM) 64-Bit Server VM (17.0.10+11-LTS-240, mixed mode, sharing, tiered, compressed oops, compressed class ptrs, g1 gc, windows-amd64)
GC Precious Log:
 CPUs: 8 total, 8 available
 Memory: 11968M
 Large Page Support: Disabled
 NUMA Support: Disabled
 Compressed Oops: Enabled (Zero based)
 Heap Region Size: 2M
 Heap Min Capacity: 8M
 Heap Initial Capacity: 188M
 Heap Max Capacity: 2994M
 Pre-touch: Disabled
 Parallel Workers: 8
 Concurrent Workers: 2
 Concurrent Refinement Workers: 8
 Periodic GC: Disabled
Heap:
 garbage-first heap   total 192512K, used 108178K [0x0000000744e00000, 0x0000000800000000)
  region size 2048K, 4 young (8192K), 4 survivors (8192K)
 Metaspace       used 74509K, committed 75584K, reserved 1114112K
  class space    used 10611K, committed 11136K, reserved 1048576K
GC Heap History (20 events):
Event: 21.864 GC heap after
{Heap after GC invocations=28 (full 0):
 garbage-first heap   total 141312K, used 68445K [0x0000000744e00000, 0x0000000800000000)
  region size 2048K, 1 young (2048K), 1 survivors (2048K)
 Metaspace       used 63780K, committed 64576K, reserved 1114112K
  class space    used 9104K, committed 9472K, reserved 1048576K
}
Event: 23.181 GC heap before
{Heap before GC invocations=29 (full 0):
 garbage-first heap   total 141312K, used 107357K [0x0000000744e00000, 0x0000000800000000)
  region size 2048K, 21 young (43008K), 1 survivors (2048K)
 Metaspace       used 65281K, committed 66112K, reserved 1114112K
  class space    used 9269K, committed 9664K, reserved 1048576K
}
Event: 23.189 GC heap after
{Heap after GC invocations=30 (full 0):
 garbage-first heap   total 141312K, used 77814K [0x0000000744e00000, 0x0000000800000000)
  region size 2048K, 3 young (6144K), 3 survivors (6144K)
 Metaspace       used 65281K, committed 66112K, reserved 1114112K
  class space    used 9269K, committed 9664K, reserved 1048576K
}
Event: 23.743 GC heap before
{Heap before GC invocations=30 (full 0):
 garbage-first heap   total 141312K, used 108534K [0x0000000744e00000, 0x0000000800000000)
  region size 2048K, 18 young (36864K), 3 survivors (6144K)
 Metaspace       used 66191K, committed 67008K, reserved 1114112K
  class space    used 9392K, committed 9792K, reserved 1048576K
}
Event: 23.750 GC heap after
{Heap after GC invocations=31 (full 0):
 garbage-first heap   total 141312K, used 81115K [0x0000000744e00000, 0x0000000800000000)
  region size 2048K, 2 young (4096K), 2 survivors (4096K)
 Metaspace       used 66191K, committed 67008K, reserved 1114112K
  class space    used 9392K, committed 9792K, reserved 1048576K
}
Event: 24.803 GC heap before
{Heap before GC invocations=32 (full 0):
 garbage-first heap   total 157696K, used 107739K [0x0000000744e00000, 0x0000000800000000)
  region size 2048K, 16 young (32768K), 2 survivors (4096K)
 Metaspace       used 67936K, committed 68736K, reserved 1114112K
  class space    used 9612K, committed 9984K, reserved 1048576K
}
Event: 24.809 GC heap after
{Heap after GC invocations=33 (full 0):
 garbage-first heap   total 157696K, used 86335K [0x0000000744e00000, 0x0000000800000000)
  region size 2048K, 2 young (4096K), 2 survivors (4096K)
 Metaspace       used 67936K, committed 68736K, reserved 1114112K
  class space    used 9612K, committed 9984K, reserved 1048576K
}
Event: 24.818 GC heap before
{Heap before GC invocations=33 (full 0):
 garbage-first heap   total 157696K, used 88383K [0x0000000744e00000, 0x0000000800000000)
  region size 2048K, 3 young (6144K), 2 survivors (4096K)
 Metaspace       used 67936K, committed 68736K, reserved 1114112K
  class space    used 9612K, committed 9984K, reserved 1048576K
}
Event: 24.822 GC heap after
{Heap after GC invocations=34 (full 0):
 garbage-first heap   total 157696K, used 87837K [0x0000000744e00000, 0x0000000800000000)
  region size 2048K, 1 young (2048K), 1 survivors (2048K)
 Metaspace       used 67936K, committed 68736K, reserved 1114112K
  class space    used 9612K, committed 9984K, reserved 1048576K
}
Event: 25.637 GC heap before
{Heap before GC invocations=34 (full 0):
 garbage-first heap   total 157696K, used 120605K [0x0000000744e00000, 0x0000000800000000)
  region size 2048K, 17 young (34816K), 1 survivors (2048K)
 Metaspace       used 69161K, committed 70016K, reserved 1114112K
  class space    used 9816K, committed 10240K, reserved 1048576K
}
Event: 25.643 GC heap after
{Heap after GC invocations=35 (full 0):
 garbage-first heap   total 157696K, used 90849K [0x0000000744e00000, 0x0000000800000000)
  region size 2048K, 3 young (6144K), 3 survivors (6144K)
 Metaspace       used 69161K, committed 70016K, reserved 1114112K
  class space    used 9816K, committed 10240K, reserved 1048576K
}
Event: 26.900 GC heap before
{Heap before GC invocations=36 (full 0):
 garbage-first heap   total 172032K, used 121569K [0x0000000744e00000, 0x0000000800000000)
  region size 2048K, 18 young (36864K), 3 survivors (6144K)
 Metaspace       used 70640K, committed 71744K, reserved 1114112K
  class space    used 10025K, committed 10560K, reserved 1048576K
}
Event: 26.912 GC heap after
{Heap after GC invocations=37 (full 0):
 garbage-first heap   total 172032K, used 94829K [0x0000000744e00000, 0x0000000800000000)
  region size 2048K, 3 young (6144K), 3 survivors (6144K)
 Metaspace       used 70640K, committed 71744K, reserved 1114112K
  class space    used 10025K, committed 10560K, reserved 1048576K
}
Event: 26.996 GC heap before
{Heap before GC invocations=37 (full 0):
 garbage-first heap   total 172032K, used 96877K [0x0000000744e00000, 0x0000000800000000)
  region size 2048K, 4 young (8192K), 3 survivors (6144K)
 Metaspace       used 70663K, committed 71744K, reserved 1114112K
  class space    used 10025K, committed 10560K, reserved 1048576K
}
Event: 27.006 GC heap after
{Heap after GC invocations=38 (full 0):
 garbage-first heap   total 172032K, used 95235K [0x0000000744e00000, 0x0000000800000000)
  region size 2048K, 1 young (2048K), 1 survivors (2048K)
 Metaspace       used 70663K, committed 71744K, reserved 1114112K
  class space    used 10025K, committed 10560K, reserved 1048576K
}
Event: 28.117 GC heap before
{Heap before GC invocations=38 (full 0):
 garbage-first heap   total 172032K, used 136195K [0x0000000744e00000, 0x0000000800000000)
  region size 2048K, 21 young (43008K), 1 survivors (2048K)
 Metaspace       used 72352K, committed 73408K, reserved 1114112K
  class space    used 10282K, committed 10816K, reserved 1048576K
}
Event: 28.125 GC heap after
{Heap after GC invocations=39 (full 0):
 garbage-first heap   total 172032K, used 97989K [0x0000000744e00000, 0x0000000800000000)
  region size 2048K, 2 young (4096K), 2 survivors (4096K)
 Metaspace       used 72352K, committed 73408K, reserved 1114112K
  class space    used 10282K, committed 10816K, reserved 1048576K
}
Event: 28.997 GC heap before
{Heap before GC invocations=40 (full 0):
 garbage-first heap   total 188416K, used 136901K [0x0000000744e00000, 0x0000000800000000)
  region size 2048K, 21 young (43008K), 2 survivors (4096K)
 Metaspace       used 73419K, committed 74496K, reserved 1114112K
  class space    used 10447K, committed 10944K, reserved 1048576K
}
Event: 29.011 GC heap after
{Heap after GC invocations=41 (full 0):
 garbage-first heap   total 188416K, used 102397K [0x0000000744e00000, 0x0000000800000000)
  region size 2048K, 3 young (6144K), 3 survivors (6144K)
 Metaspace       used 73419K, committed 74496K, reserved 1114112K
  class space    used 10447K, committed 10944K, reserved 1048576K
}
Event: 30.136 GC heap before
{Heap before GC invocations=41 (full 0):
 garbage-first heap   total 188416K, used 149501K [0x0000000744e00000, 0x0000000800000000)
  region size 2048K, 26 young (53248K), 3 survivors (6144K)
 Metaspace       used 74509K, committed 75584K, reserved 1114112K
  class space    used 10611K, committed 11136K, reserved 1048576K
}

