# JRE version: OpenJDK Runtime Environment Temurin-17.0.11+9 (17.0.11+9) (build 17.0.11+9)
# Java VM: OpenJDK 64-Bit Server VM Temurin-17.0.11+9 (17.0.11+9, mixed mode, tiered, compressed oops, compressed class ptrs, g1 gc, windows-amd64)
GC Precious Log:
 CPUs: 8 total, 8 available
 Memory: 11968M
 Large Page Support: Disabled
 NUMA Support: Disabled
 Compressed Oops: Enabled (Zero based)
 Heap Region Size: 2M
 Heap Min Capacity: 8M
 Heap Initial Capacity: 188M
 Heap Max Capacity: 2994M
 Pre-touch: Disabled
 Parallel Workers: 8
 Concurrent Workers: 2
 Concurrent Refinement Workers: 8
 Periodic GC: Disabled
Heap:
 garbage-first heap   total 192512K, used 28605K [0x0000000744e00000, 0x0000000800000000)
  region size 2048K, 9 young (18432K), 3 survivors (6144K)
 Metaspace       used 18988K, committed 19264K, reserved 1114112K
  class space    used 2315K, committed 2432K, reserved 1048576K
GC Heap History (6 events):
Event: 13.237 GC heap before
{Heap before GC invocations=0 (full 0):
 garbage-first heap   total 192512K, used 20480K [0x0000000744e00000, 0x0000000800000000)
  region size 2048K, 11 young (22528K), 0 survivors (0K)
 Metaspace       used 14247K, committed 14400K, reserved 1114112K
  class space    used 1556K, committed 1600K, reserved 1048576K
}
Event: 13.250 GC heap after
{Heap after GC invocations=1 (full 0):
 garbage-first heap   total 192512K, used 6692K [0x0000000744e00000, 0x0000000800000000)
  region size 2048K, 2 young (4096K), 2 survivors (4096K)
 Metaspace       used 14247K, committed 14400K, reserved 1114112K
  class space    used 1556K, committed 1600K, reserved 1048576K
}
Event: 21.327 GC heap before
{Heap before GC invocations=1 (full 0):
 garbage-first heap   total 192512K, used 31268K [0x0000000744e00000, 0x0000000800000000)
  region size 2048K, 12 young (24576K), 2 survivors (4096K)
 Metaspace       used 16515K, committed 16704K, reserved 1114112K
  class space    used 1918K, committed 2048K, reserved 1048576K
}
Event: 21.336 GC heap after
{Heap after GC invocations=2 (full 0):
 garbage-first heap   total 192512K, used 13993K [0x0000000744e00000, 0x0000000800000000)
  region size 2048K, 2 young (4096K), 2 survivors (4096K)
 Metaspace       used 16515K, committed 16704K, reserved 1114112K
  class space    used 1918K, committed 2048K, reserved 1048576K
}
Event: 40.734 GC heap before
{Heap before GC invocations=2 (full 0):
 garbage-first heap   total 192512K, used 46761K [0x0000000744e00000, 0x0000000800000000)
  region size 2048K, 19 young (38912K), 2 survivors (4096K)
 Metaspace       used 16807K, committed 17024K, reserved 1114112K
  class space    used 1941K, committed 2048K, reserved 1048576K
}
Event: 40.741 GC heap after
{Heap after GC invocations=3 (full 0):
 garbage-first heap   total 192512K, used 18365K [0x0000000744e00000, 0x0000000800000000)
  region size 2048K, 3 young (6144K), 3 survivors (6144K)
 Metaspace       used 16807K, committed 17024K, reserved 1114112K
  class space    used 1941K, committed 2048K, reserved 1048576K
}

