# JRE version: OpenJDK Runtime Environment Temurin-17.0.11+9 (17.0.11+9) (build 17.0.11+9)
# Java VM: OpenJDK 64-Bit Server VM Temurin-17.0.11+9 (17.0.11+9, mixed mode, tiered, compressed oops, compressed class ptrs, parallel gc, windows-amd64)
GC Precious Log:
 CPUs: 8 total, 8 available
 Memory: 11968M
 Large Page Support: Disabled
 NUMA Support: Disabled
 Compressed Oops: Enabled (32-bit)
 Alignments: Space 512K, Generation 512K, Heap 2M
 Heap Min Capacity: 100M
 Heap Initial Capacity: 100M
 Heap Max Capacity: 1G
 Pre-touch: Disabled
 Parallel Workers: 8
Heap:
 PSYoungGen      total 5632K, used 3162K [0x00000000eab00000, 0x00000000eb700000, 0x0000000100000000)
  eden space 5120K, 56% used [0x00000000eab00000,0x00000000eadce8d0,0x00000000eb000000)
  from space 512K, 56% used [0x00000000eb680000,0x00000000eb6c8000,0x00000000eb700000)
  to   space 512K, 0% used [0x00000000eb600000,0x00000000eb600000,0x00000000eb680000)
 ParOldGen       total 99328K, used 74336K [0x00000000c0000000, 0x00000000c6100000, 0x00000000eab00000)
  object space 99328K, 74% used [0x00000000c0000000,0x00000000c4898060,0x00000000c6100000)
 Metaspace       used 62959K, committed 64000K, reserved 1114112K
  class space    used 7213K, committed 7616K, reserved 1048576K
GC Heap History (20 events):
Event: 79.999 GC heap before
{Heap before GC invocations=55 (full 3):
 PSYoungGen      total 5632K, used 5431K [0x00000000eab00000, 0x00000000eb980000, 0x0000000100000000)
  eden space 5120K, 99% used [0x00000000eab00000,0x00000000eaffdca8,0x00000000eb000000)
  from space 512K, 62% used [0x00000000eb900000,0x00000000eb950000,0x00000000eb980000)
  to   space 512K, 0% used [0x00000000eb880000,0x00000000eb880000,0x00000000eb900000)
 ParOldGen       total 99328K, used 69284K [0x00000000c0000000, 0x00000000c6100000, 0x00000000eab00000)
  object space 99328K, 69% used [0x00000000c0000000,0x00000000c43a93f8,0x00000000c6100000)
 Metaspace       used 60348K, committed 61376K, reserved 1114112K
  class space    used 6763K, committed 7168K, reserved 1048576K
}
Event: 80.000 GC heap after
{Heap after GC invocations=55 (full 3):
 PSYoungGen      total 5632K, used 416K [0x00000000eab00000, 0x00000000eb980000, 0x0000000100000000)
  eden space 5120K, 0% used [0x00000000eab00000,0x00000000eab00000,0x00000000eb000000)
  from space 512K, 81% used [0x00000000eb880000,0x00000000eb8e8000,0x00000000eb900000)
  to   space 512K, 0% used [0x00000000eb900000,0x00000000eb900000,0x00000000eb980000)
 ParOldGen       total 99328K, used 69284K [0x00000000c0000000, 0x00000000c6100000, 0x00000000eab00000)
  object space 99328K, 69% used [0x00000000c0000000,0x00000000c43a93f8,0x00000000c6100000)
 Metaspace       used 60348K, committed 61376K, reserved 1114112K
  class space    used 6763K, committed 7168K, reserved 1048576K
}
Event: 84.218 GC heap before
{Heap before GC invocations=56 (full 3):
 PSYoungGen      total 5632K, used 5536K [0x00000000eab00000, 0x00000000eb980000, 0x0000000100000000)
  eden space 5120K, 100% used [0x00000000eab00000,0x00000000eb000000,0x00000000eb000000)
  from space 512K, 81% used [0x00000000eb880000,0x00000000eb8e8000,0x00000000eb900000)
  to   space 512K, 0% used [0x00000000eb900000,0x00000000eb900000,0x00000000eb980000)
 ParOldGen       total 99328K, used 69284K [0x00000000c0000000, 0x00000000c6100000, 0x00000000eab00000)
  object space 99328K, 69% used [0x00000000c0000000,0x00000000c43a93f8,0x00000000c6100000)
 Metaspace       used 60353K, committed 61376K, reserved 1114112K
  class space    used 6763K, committed 7168K, reserved 1048576K
}
Event: 84.219 GC heap after
{Heap after GC invocations=56 (full 3):
 PSYoungGen      total 5632K, used 512K [0x00000000eab00000, 0x00000000eb980000, 0x0000000100000000)
  eden space 5120K, 0% used [0x00000000eab00000,0x00000000eab00000,0x00000000eb000000)
  from space 512K, 100% used [0x00000000eb900000,0x00000000eb980000,0x00000000eb980000)
  to   space 1024K, 0% used [0x00000000eb780000,0x00000000eb780000,0x00000000eb880000)
 ParOldGen       total 99328K, used 69292K [0x00000000c0000000, 0x00000000c6100000, 0x00000000eab00000)
  object space 99328K, 69% used [0x00000000c0000000,0x00000000c43ab3f8,0x00000000c6100000)
 Metaspace       used 60353K, committed 61376K, reserved 1114112K
  class space    used 6763K, committed 7168K, reserved 1048576K
}
Event: 89.207 GC heap before
{Heap before GC invocations=57 (full 3):
 PSYoungGen      total 5632K, used 5605K [0x00000000eab00000, 0x00000000eb980000, 0x0000000100000000)
  eden space 5120K, 99% used [0x00000000eab00000,0x00000000eaff95b8,0x00000000eb000000)
  from space 512K, 100% used [0x00000000eb900000,0x00000000eb980000,0x00000000eb980000)
  to   space 1024K, 0% used [0x00000000eb780000,0x00000000eb780000,0x00000000eb880000)
 ParOldGen       total 99328K, used 69292K [0x00000000c0000000, 0x00000000c6100000, 0x00000000eab00000)
  object space 99328K, 69% used [0x00000000c0000000,0x00000000c43ab3f8,0x00000000c6100000)
 Metaspace       used 60354K, committed 61376K, reserved 1114112K
  class space    used 6763K, committed 7168K, reserved 1048576K
}
Event: 89.209 GC heap after
{Heap after GC invocations=57 (full 3):
 PSYoungGen      total 6144K, used 1009K [0x00000000eab00000, 0x00000000eb980000, 0x0000000100000000)
  eden space 5120K, 0% used [0x00000000eab00000,0x00000000eab00000,0x00000000eb000000)
  from space 1024K, 98% used [0x00000000eb780000,0x00000000eb87c640,0x00000000eb880000)
  to   space 1024K, 0% used [0x00000000eb880000,0x00000000eb880000,0x00000000eb980000)
 ParOldGen       total 99328K, used 69580K [0x00000000c0000000, 0x00000000c6100000, 0x00000000eab00000)
  object space 99328K, 70% used [0x00000000c0000000,0x00000000c43f33f8,0x00000000c6100000)
 Metaspace       used 60354K, committed 61376K, reserved 1114112K
  class space    used 6763K, committed 7168K, reserved 1048576K
}
Event: 92.865 GC heap before
{Heap before GC invocations=58 (full 3):
 PSYoungGen      total 6144K, used 6129K [0x00000000eab00000, 0x00000000eb980000, 0x0000000100000000)
  eden space 5120K, 99% used [0x00000000eab00000,0x00000000eaffffd0,0x00000000eb000000)
  from space 1024K, 98% used [0x00000000eb780000,0x00000000eb87c640,0x00000000eb880000)
  to   space 1024K, 0% used [0x00000000eb880000,0x00000000eb880000,0x00000000eb980000)
 ParOldGen       total 99328K, used 69580K [0x00000000c0000000, 0x00000000c6100000, 0x00000000eab00000)
  object space 99328K, 70% used [0x00000000c0000000,0x00000000c43f33f8,0x00000000c6100000)
 Metaspace       used 60368K, committed 61376K, reserved 1114112K
  class space    used 6763K, committed 7168K, reserved 1048576K
}
Event: 92.868 GC heap after
{Heap after GC invocations=58 (full 3):
 PSYoungGen      total 6144K, used 1022K [0x00000000eab00000, 0x00000000eb980000, 0x0000000100000000)
  eden space 5120K, 0% used [0x00000000eab00000,0x00000000eab00000,0x00000000eb000000)
  from space 1024K, 99% used [0x00000000eb880000,0x00000000eb97f908,0x00000000eb980000)
  to   space 4096K, 0% used [0x00000000eb180000,0x00000000eb180000,0x00000000eb580000)
 ParOldGen       total 99328K, used 71871K [0x00000000c0000000, 0x00000000c6100000, 0x00000000eab00000)
  object space 99328K, 72% used [0x00000000c0000000,0x00000000c462fe20,0x00000000c6100000)
 Metaspace       used 60368K, committed 61376K, reserved 1114112K
  class space    used 6763K, committed 7168K, reserved 1048576K
}
Event: 93.252 GC heap before
{Heap before GC invocations=59 (full 3):
 PSYoungGen      total 6144K, used 6142K [0x00000000eab00000, 0x00000000eb980000, 0x0000000100000000)
  eden space 5120K, 100% used [0x00000000eab00000,0x00000000eb000000,0x00000000eb000000)
  from space 1024K, 99% used [0x00000000eb880000,0x00000000eb97f908,0x00000000eb980000)
  to   space 4096K, 0% used [0x00000000eb180000,0x00000000eb180000,0x00000000eb580000)
 ParOldGen       total 99328K, used 71871K [0x00000000c0000000, 0x00000000c6100000, 0x00000000eab00000)
  object space 99328K, 72% used [0x00000000c0000000,0x00000000c462fe20,0x00000000c6100000)
 Metaspace       used 60374K, committed 61376K, reserved 1114112K
  class space    used 6764K, committed 7168K, reserved 1048576K
}
Event: 93.254 GC heap after
{Heap after GC invocations=59 (full 3):
 PSYoungGen      total 9216K, used 968K [0x00000000eab00000, 0x00000000eb900000, 0x0000000100000000)
  eden space 5120K, 0% used [0x00000000eab00000,0x00000000eab00000,0x00000000eb000000)
  from space 4096K, 23% used [0x00000000eb180000,0x00000000eb272028,0x00000000eb580000)
  to   space 2048K, 0% used [0x00000000eb700000,0x00000000eb700000,0x00000000eb900000)
 ParOldGen       total 99328K, used 72882K [0x00000000c0000000, 0x00000000c6100000, 0x00000000eab00000)
  object space 99328K, 73% used [0x00000000c0000000,0x00000000c472cb58,0x00000000c6100000)
 Metaspace       used 60374K, committed 61376K, reserved 1114112K
  class space    used 6764K, committed 7168K, reserved 1048576K
}
Event: 93.481 GC heap before
{Heap before GC invocations=60 (full 3):
 PSYoungGen      total 9216K, used 6088K [0x00000000eab00000, 0x00000000eb900000, 0x0000000100000000)
  eden space 5120K, 100% used [0x00000000eab00000,0x00000000eb000000,0x00000000eb000000)
  from space 4096K, 23% used [0x00000000eb180000,0x00000000eb272028,0x00000000eb580000)
  to   space 2048K, 0% used [0x00000000eb700000,0x00000000eb700000,0x00000000eb900000)
 ParOldGen       total 99328K, used 72882K [0x00000000c0000000, 0x00000000c6100000, 0x00000000eab00000)
  object space 99328K, 73% used [0x00000000c0000000,0x00000000c472cb58,0x00000000c6100000)
 Metaspace       used 60581K, committed 61632K, reserved 1114112K
  class space    used 6812K, committed 7232K, reserved 1048576K
}
Event: 93.483 GC heap after
{Heap after GC invocations=60 (full 3):
 PSYoungGen      total 6656K, used 1128K [0x00000000eab00000, 0x00000000eb880000, 0x0000000100000000)
  eden space 5120K, 0% used [0x00000000eab00000,0x00000000eab00000,0x00000000eb000000)
  from space 1536K, 73% used [0x00000000eb700000,0x00000000eb81a028,0x00000000eb880000)
  to   space 1536K, 0% used [0x00000000eb580000,0x00000000eb580000,0x00000000eb700000)
 ParOldGen       total 99328K, used 72882K [0x00000000c0000000, 0x00000000c6100000, 0x00000000eab00000)
  object space 99328K, 73% used [0x00000000c0000000,0x00000000c472cb58,0x00000000c6100000)
 Metaspace       used 60581K, committed 61632K, reserved 1114112K
  class space    used 6812K, committed 7232K, reserved 1048576K
}
Event: 93.655 GC heap before
{Heap before GC invocations=61 (full 3):
 PSYoungGen      total 6656K, used 6248K [0x00000000eab00000, 0x00000000eb880000, 0x0000000100000000)
  eden space 5120K, 100% used [0x00000000eab00000,0x00000000eb000000,0x00000000eb000000)
  from space 1536K, 73% used [0x00000000eb700000,0x00000000eb81a028,0x00000000eb880000)
  to   space 1536K, 0% used [0x00000000eb580000,0x00000000eb580000,0x00000000eb700000)
 ParOldGen       total 99328K, used 72882K [0x00000000c0000000, 0x00000000c6100000, 0x00000000eab00000)
  object space 99328K, 73% used [0x00000000c0000000,0x00000000c472cb58,0x00000000c6100000)
 Metaspace       used 60892K, committed 61952K, reserved 1114112K
  class space    used 6889K, committed 7360K, reserved 1048576K
}
Event: 93.657 GC heap after
{Heap after GC invocations=61 (full 3):
 PSYoungGen      total 6656K, used 1288K [0x00000000eab00000, 0x00000000eb780000, 0x0000000100000000)
  eden space 5120K, 0% used [0x00000000eab00000,0x00000000eab00000,0x00000000eb000000)
  from space 1536K, 83% used [0x00000000eb580000,0x00000000eb6c2028,0x00000000eb700000)
  to   space 512K, 0% used [0x00000000eb700000,0x00000000eb700000,0x00000000eb780000)
 ParOldGen       total 99328K, used 72890K [0x00000000c0000000, 0x00000000c6100000, 0x00000000eab00000)
  object space 99328K, 73% used [0x00000000c0000000,0x00000000c472eb58,0x00000000c6100000)
 Metaspace       used 60892K, committed 61952K, reserved 1114112K
  class space    used 6889K, committed 7360K, reserved 1048576K
}
Event: 93.846 GC heap before
{Heap before GC invocations=62 (full 3):
 PSYoungGen      total 6656K, used 6408K [0x00000000eab00000, 0x00000000eb780000, 0x0000000100000000)
  eden space 5120K, 100% used [0x00000000eab00000,0x00000000eb000000,0x00000000eb000000)
  from space 1536K, 83% used [0x00000000eb580000,0x00000000eb6c2028,0x00000000eb700000)
  to   space 512K, 0% used [0x00000000eb700000,0x00000000eb700000,0x00000000eb780000)
 ParOldGen       total 99328K, used 72890K [0x00000000c0000000, 0x00000000c6100000, 0x00000000eab00000)
  object space 99328K, 73% used [0x00000000c0000000,0x00000000c472eb58,0x00000000c6100000)
 Metaspace       used 61393K, committed 62464K, reserved 1114112K
  class space    used 6972K, committed 7424K, reserved 1048576K
}
Event: 93.849 GC heap after
{Heap after GC invocations=62 (full 3):
 PSYoungGen      total 5632K, used 511K [0x00000000eab00000, 0x00000000eb780000, 0x0000000100000000)
  eden space 5120K, 0% used [0x00000000eab00000,0x00000000eab00000,0x00000000eb000000)
  from space 512K, 99% used [0x00000000eb700000,0x00000000eb77fef8,0x00000000eb780000)
  to   space 1536K, 0% used [0x00000000eb480000,0x00000000eb480000,0x00000000eb600000)
 ParOldGen       total 99328K, used 73796K [0x00000000c0000000, 0x00000000c6100000, 0x00000000eab00000)
  object space 99328K, 74% used [0x00000000c0000000,0x00000000c4811278,0x00000000c6100000)
 Metaspace       used 61393K, committed 62464K, reserved 1114112K
  class space    used 6972K, committed 7424K, reserved 1048576K
}
Event: 94.021 GC heap before
{Heap before GC invocations=63 (full 3):
 PSYoungGen      total 5632K, used 5631K [0x00000000eab00000, 0x00000000eb780000, 0x0000000100000000)
  eden space 5120K, 100% used [0x00000000eab00000,0x00000000eb000000,0x00000000eb000000)
  from space 512K, 99% used [0x00000000eb700000,0x00000000eb77fef8,0x00000000eb780000)
  to   space 1536K, 0% used [0x00000000eb480000,0x00000000eb480000,0x00000000eb600000)
 ParOldGen       total 99328K, used 73796K [0x00000000c0000000, 0x00000000c6100000, 0x00000000eab00000)
  object space 99328K, 74% used [0x00000000c0000000,0x00000000c4811278,0x00000000c6100000)
 Metaspace       used 61975K, committed 63040K, reserved 1114112K
  class space    used 7063K, committed 7488K, reserved 1048576K
}
Event: 94.023 GC heap after
{Heap after GC invocations=63 (full 3):
 PSYoungGen      total 6656K, used 473K [0x00000000eab00000, 0x00000000eb780000, 0x0000000100000000)
  eden space 5120K, 0% used [0x00000000eab00000,0x00000000eab00000,0x00000000eb000000)
  from space 1536K, 30% used [0x00000000eb480000,0x00000000eb4f64e0,0x00000000eb600000)
  to   space 1024K, 0% used [0x00000000eb680000,0x00000000eb680000,0x00000000eb780000)
 ParOldGen       total 99328K, used 74040K [0x00000000c0000000, 0x00000000c6100000, 0x00000000eab00000)
  object space 99328K, 74% used [0x00000000c0000000,0x00000000c484e010,0x00000000c6100000)
 Metaspace       used 61975K, committed 63040K, reserved 1114112K
  class space    used 7063K, committed 7488K, reserved 1048576K
}
Event: 94.247 GC heap before
{Heap before GC invocations=64 (full 3):
 PSYoungGen      total 6656K, used 5593K [0x00000000eab00000, 0x00000000eb780000, 0x0000000100000000)
  eden space 5120K, 100% used [0x00000000eab00000,0x00000000eb000000,0x00000000eb000000)
  from space 1536K, 30% used [0x00000000eb480000,0x00000000eb4f64e0,0x00000000eb600000)
  to   space 1024K, 0% used [0x00000000eb680000,0x00000000eb680000,0x00000000eb780000)
 ParOldGen       total 99328K, used 74040K [0x00000000c0000000, 0x00000000c6100000, 0x00000000eab00000)
  object space 99328K, 74% used [0x00000000c0000000,0x00000000c484e010,0x00000000c6100000)
 Metaspace       used 62685K, committed 63744K, reserved 1114112K
  class space    used 7167K, committed 7552K, reserved 1048576K
}
Event: 94.249 GC heap after
{Heap after GC invocations=64 (full 3):
 PSYoungGen      total 5632K, used 288K [0x00000000eab00000, 0x00000000eb700000, 0x0000000100000000)
  eden space 5120K, 0% used [0x00000000eab00000,0x00000000eab00000,0x00000000eb000000)
  from space 512K, 56% used [0x00000000eb680000,0x00000000eb6c8000,0x00000000eb700000)
  to   space 512K, 0% used [0x00000000eb600000,0x00000000eb600000,0x00000000eb680000)
 ParOldGen       total 99328K, used 74336K [0x00000000c0000000, 0x00000000c6100000, 0x00000000eab00000)
  object space 99328K, 74% used [0x00000000c0000000,0x00000000c4898060,0x00000000c6100000)
 Metaspace       used 62685K, committed 63744K, reserved 1114112K
  class space    used 7167K, committed 7552K, reserved 1048576K
}

