# JRE version: OpenJDK Runtime Environment Temurin-17.0.12+7 (17.0.12+7) (build 17.0.12+7)
# Java VM: OpenJDK 64-Bit Server VM Temurin-17.0.12+7 (17.0.12+7, mixed mode, emulated-client, tiered, compressed oops, compressed class ptrs, g1 gc, windows-amd64)
GC Precious Log:
 CPUs: 8 total, 8 available
 Memory: 11968M
 Large Page Support: Disabled
 NUMA Support: Disabled
 Compressed Oops: Enabled (32-bit)
 Heap Region Size: 1M
 Heap Min Capacity: 8M
 Heap Initial Capacity: 188M
 Heap Max Capacity: 1G
 Pre-touch: Disabled
 Parallel Workers: 8
 Concurrent Workers: 2
 Concurrent Refinement Workers: 8
 Periodic GC: Disabled
Heap:
 garbage-first heap   total 219136K, used 81042K [0x00000000c0000000, 0x0000000100000000)
  region size 1024K, 1 young (1024K), 0 survivors (0K)
 Metaspace       used 63470K, committed 63872K, reserved 1114112K
  class space    used 8148K, committed 8320K, reserved 1048576K
GC Heap History (20 events):
Event: 59790.173 GC heap after
{Heap after GC invocations=3649 (full 3095):
 garbage-first heap   total 219136K, used 81042K [0x00000000c0000000, 0x0000000100000000)
  region size 1024K, 0 young (0K), 0 survivors (0K)
 Metaspace       used 63470K, committed 63872K, reserved 1114112K
  class space    used 8148K, committed 8320K, reserved 1048576K
}
Event: 59800.456 GC heap before
{Heap before GC invocations=3649 (full 3095):
 garbage-first heap   total 219136K, used 81042K [0x00000000c0000000, 0x0000000100000000)
  region size 1024K, 1 young (1024K), 0 survivors (0K)
 Metaspace       used 63470K, committed 63872K, reserved 1114112K
  class space    used 8148K, committed 8320K, reserved 1048576K
}
Event: 59800.504 GC heap after
{Heap after GC invocations=3650 (full 3096):
 garbage-first heap   total 219136K, used 81042K [0x00000000c0000000, 0x0000000100000000)
  region size 1024K, 0 young (0K), 0 survivors (0K)
 Metaspace       used 63470K, committed 63872K, reserved 1114112K
  class space    used 8148K, committed 8320K, reserved 1048576K
}
Event: 59810.683 GC heap before
{Heap before GC invocations=3650 (full 3096):
 garbage-first heap   total 219136K, used 81042K [0x00000000c0000000, 0x0000000100000000)
  region size 1024K, 1 young (1024K), 0 survivors (0K)
 Metaspace       used 63470K, committed 63872K, reserved 1114112K
  class space    used 8148K, committed 8320K, reserved 1048576K
}
Event: 59810.729 GC heap after
{Heap after GC invocations=3651 (full 3097):
 garbage-first heap   total 219136K, used 81042K [0x00000000c0000000, 0x0000000100000000)
  region size 1024K, 0 young (0K), 0 survivors (0K)
 Metaspace       used 63470K, committed 63872K, reserved 1114112K
  class space    used 8148K, committed 8320K, reserved 1048576K
}
Event: 59820.926 GC heap before
{Heap before GC invocations=3651 (full 3097):
 garbage-first heap   total 219136K, used 81042K [0x00000000c0000000, 0x0000000100000000)
  region size 1024K, 1 young (1024K), 0 survivors (0K)
 Metaspace       used 63470K, committed 63872K, reserved 1114112K
  class space    used 8148K, committed 8320K, reserved 1048576K
}
Event: 59820.973 GC heap after
{Heap after GC invocations=3652 (full 3098):
 garbage-first heap   total 219136K, used 81042K [0x00000000c0000000, 0x0000000100000000)
  region size 1024K, 0 young (0K), 0 survivors (0K)
 Metaspace       used 63470K, committed 63872K, reserved 1114112K
  class space    used 8148K, committed 8320K, reserved 1048576K
}
Event: 59831.154 GC heap before
{Heap before GC invocations=3652 (full 3098):
 garbage-first heap   total 219136K, used 81042K [0x00000000c0000000, 0x0000000100000000)
  region size 1024K, 1 young (1024K), 0 survivors (0K)
 Metaspace       used 63470K, committed 63872K, reserved 1114112K
  class space    used 8148K, committed 8320K, reserved 1048576K
}
Event: 59831.198 GC heap after
{Heap after GC invocations=3653 (full 3099):
 garbage-first heap   total 219136K, used 81042K [0x00000000c0000000, 0x0000000100000000)
  region size 1024K, 0 young (0K), 0 survivors (0K)
 Metaspace       used 63470K, committed 63872K, reserved 1114112K
  class space    used 8148K, committed 8320K, reserved 1048576K
}
Event: 59841.367 GC heap before
{Heap before GC invocations=3653 (full 3099):
 garbage-first heap   total 219136K, used 81042K [0x00000000c0000000, 0x0000000100000000)
  region size 1024K, 1 young (1024K), 0 survivors (0K)
 Metaspace       used 63470K, committed 63872K, reserved 1114112K
  class space    used 8148K, committed 8320K, reserved 1048576K
}
Event: 59841.406 GC heap after
{Heap after GC invocations=3654 (full 3100):
 garbage-first heap   total 219136K, used 81042K [0x00000000c0000000, 0x0000000100000000)
  region size 1024K, 0 young (0K), 0 survivors (0K)
 Metaspace       used 63470K, committed 63872K, reserved 1114112K
  class space    used 8148K, committed 8320K, reserved 1048576K
}
Event: 59851.576 GC heap before
{Heap before GC invocations=3654 (full 3100):
 garbage-first heap   total 219136K, used 81042K [0x00000000c0000000, 0x0000000100000000)
  region size 1024K, 1 young (1024K), 0 survivors (0K)
 Metaspace       used 63470K, committed 63872K, reserved 1114112K
  class space    used 8148K, committed 8320K, reserved 1048576K
}
Event: 59851.619 GC heap after
{Heap after GC invocations=3655 (full 3101):
 garbage-first heap   total 219136K, used 81042K [0x00000000c0000000, 0x0000000100000000)
  region size 1024K, 0 young (0K), 0 survivors (0K)
 Metaspace       used 63470K, committed 63872K, reserved 1114112K
  class space    used 8148K, committed 8320K, reserved 1048576K
}
Event: 59861.807 GC heap before
{Heap before GC invocations=3655 (full 3101):
 garbage-first heap   total 219136K, used 81042K [0x00000000c0000000, 0x0000000100000000)
  region size 1024K, 1 young (1024K), 0 survivors (0K)
 Metaspace       used 63470K, committed 63872K, reserved 1114112K
  class space    used 8148K, committed 8320K, reserved 1048576K
}
Event: 59861.848 GC heap after
{Heap after GC invocations=3656 (full 3102):
 garbage-first heap   total 219136K, used 81042K [0x00000000c0000000, 0x0000000100000000)
  region size 1024K, 0 young (0K), 0 survivors (0K)
 Metaspace       used 63470K, committed 63872K, reserved 1114112K
  class space    used 8148K, committed 8320K, reserved 1048576K
}
Event: 59872.036 GC heap before
{Heap before GC invocations=3656 (full 3102):
 garbage-first heap   total 219136K, used 81042K [0x00000000c0000000, 0x0000000100000000)
  region size 1024K, 1 young (1024K), 0 survivors (0K)
 Metaspace       used 63470K, committed 63872K, reserved 1114112K
  class space    used 8148K, committed 8320K, reserved 1048576K
}
Event: 59872.086 GC heap after
{Heap after GC invocations=3657 (full 3103):
 garbage-first heap   total 219136K, used 81042K [0x00000000c0000000, 0x0000000100000000)
  region size 1024K, 0 young (0K), 0 survivors (0K)
 Metaspace       used 63470K, committed 63872K, reserved 1114112K
  class space    used 8148K, committed 8320K, reserved 1048576K
}
Event: 59882.307 GC heap before
{Heap before GC invocations=3657 (full 3103):
 garbage-first heap   total 219136K, used 81042K [0x00000000c0000000, 0x0000000100000000)
  region size 1024K, 1 young (1024K), 0 survivors (0K)
 Metaspace       used 63470K, committed 63872K, reserved 1114112K
  class space    used 8148K, committed 8320K, reserved 1048576K
}
Event: 59882.346 GC heap after
{Heap after GC invocations=3658 (full 3104):
 garbage-first heap   total 219136K, used 81042K [0x00000000c0000000, 0x0000000100000000)
  region size 1024K, 0 young (0K), 0 survivors (0K)
 Metaspace       used 63470K, committed 63872K, reserved 1114112K
  class space    used 8148K, committed 8320K, reserved 1048576K
}
Event: 59893.248 GC heap before
{Heap before GC invocations=3658 (full 3104):
 garbage-first heap   total 219136K, used 81042K [0x00000000c0000000, 0x0000000100000000)
  region size 1024K, 1 young (1024K), 0 survivors (0K)
 Metaspace       used 63470K, committed 63872K, reserved 1114112K
  class space    used 8148K, committed 8320K, reserved 1048576K
}

