# JRE version: OpenJDK Runtime Environment Temurin-17.0.12+7 (17.0.12+7) (build 17.0.12+7)
# Java VM: OpenJDK 64-Bit Server VM Temurin-17.0.12+7 (17.0.12+7, mixed mode, emulated-client, tiered, compressed oops, compressed class ptrs, g1 gc, windows-amd64)
GC Precious Log:
 CPUs: 8 total, 8 available
 Memory: 11968M
 Large Page Support: Disabled
 NUMA Support: Disabled
 Compressed Oops: Enabled (32-bit)
 Heap Region Size: 1M
 Heap Min Capacity: 8M
 Heap Initial Capacity: 188M
 Heap Max Capacity: 1G
 Pre-touch: Disabled
 Parallel Workers: 8
 Concurrent Workers: 2
 Concurrent Refinement Workers: 8
 Periodic GC: Disabled
Heap:
 garbage-first heap   total 304128K, used 97444K [0x00000000c0000000, 0x0000000100000000)
  region size 1024K, 1 young (1024K), 0 survivors (0K)
 Metaspace       used 63898K, committed 64448K, reserved 1114112K
  class space    used 8108K, committed 8320K, reserved 1048576K
GC Heap History (20 events):
Event: 22145.184 GC heap after
{Heap after GC invocations=2635 (full 740):
 garbage-first heap   total 304128K, used 97444K [0x00000000c0000000, 0x0000000100000000)
  region size 1024K, 0 young (0K), 0 survivors (0K)
 Metaspace       used 63898K, committed 64448K, reserved 1114112K
  class space    used 8108K, committed 8320K, reserved 1048576K
}
Event: 22155.351 GC heap before
{Heap before GC invocations=2635 (full 740):
 garbage-first heap   total 304128K, used 97444K [0x00000000c0000000, 0x0000000100000000)
  region size 1024K, 1 young (1024K), 0 survivors (0K)
 Metaspace       used 63898K, committed 64448K, reserved 1114112K
  class space    used 8108K, committed 8320K, reserved 1048576K
}
Event: 22155.403 GC heap after
{Heap after GC invocations=2636 (full 741):
 garbage-first heap   total 304128K, used 97444K [0x00000000c0000000, 0x0000000100000000)
  region size 1024K, 0 young (0K), 0 survivors (0K)
 Metaspace       used 63898K, committed 64448K, reserved 1114112K
  class space    used 8108K, committed 8320K, reserved 1048576K
}
Event: 22165.558 GC heap before
{Heap before GC invocations=2636 (full 741):
 garbage-first heap   total 304128K, used 97444K [0x00000000c0000000, 0x0000000100000000)
  region size 1024K, 1 young (1024K), 0 survivors (0K)
 Metaspace       used 63898K, committed 64448K, reserved 1114112K
  class space    used 8108K, committed 8320K, reserved 1048576K
}
Event: 22165.600 GC heap after
{Heap after GC invocations=2637 (full 742):
 garbage-first heap   total 304128K, used 97444K [0x00000000c0000000, 0x0000000100000000)
  region size 1024K, 0 young (0K), 0 survivors (0K)
 Metaspace       used 63898K, committed 64448K, reserved 1114112K
  class space    used 8108K, committed 8320K, reserved 1048576K
}
Event: 22175.774 GC heap before
{Heap before GC invocations=2637 (full 742):
 garbage-first heap   total 304128K, used 97444K [0x00000000c0000000, 0x0000000100000000)
  region size 1024K, 1 young (1024K), 0 survivors (0K)
 Metaspace       used 63898K, committed 64448K, reserved 1114112K
  class space    used 8108K, committed 8320K, reserved 1048576K
}
Event: 22175.817 GC heap after
{Heap after GC invocations=2638 (full 743):
 garbage-first heap   total 304128K, used 97444K [0x00000000c0000000, 0x0000000100000000)
  region size 1024K, 0 young (0K), 0 survivors (0K)
 Metaspace       used 63898K, committed 64448K, reserved 1114112K
  class space    used 8108K, committed 8320K, reserved 1048576K
}
Event: 22185.990 GC heap before
{Heap before GC invocations=2638 (full 743):
 garbage-first heap   total 304128K, used 97444K [0x00000000c0000000, 0x0000000100000000)
  region size 1024K, 1 young (1024K), 0 survivors (0K)
 Metaspace       used 63898K, committed 64448K, reserved 1114112K
  class space    used 8108K, committed 8320K, reserved 1048576K
}
Event: 22186.044 GC heap after
{Heap after GC invocations=2639 (full 744):
 garbage-first heap   total 304128K, used 97444K [0x00000000c0000000, 0x0000000100000000)
  region size 1024K, 0 young (0K), 0 survivors (0K)
 Metaspace       used 63898K, committed 64448K, reserved 1114112K
  class space    used 8108K, committed 8320K, reserved 1048576K
}
Event: 22196.337 GC heap before
{Heap before GC invocations=2639 (full 744):
 garbage-first heap   total 304128K, used 97444K [0x00000000c0000000, 0x0000000100000000)
  region size 1024K, 1 young (1024K), 0 survivors (0K)
 Metaspace       used 63898K, committed 64448K, reserved 1114112K
  class space    used 8108K, committed 8320K, reserved 1048576K
}
Event: 22196.378 GC heap after
{Heap after GC invocations=2640 (full 745):
 garbage-first heap   total 304128K, used 97444K [0x00000000c0000000, 0x0000000100000000)
  region size 1024K, 0 young (0K), 0 survivors (0K)
 Metaspace       used 63898K, committed 64448K, reserved 1114112K
  class space    used 8108K, committed 8320K, reserved 1048576K
}
Event: 22206.537 GC heap before
{Heap before GC invocations=2640 (full 745):
 garbage-first heap   total 304128K, used 97444K [0x00000000c0000000, 0x0000000100000000)
  region size 1024K, 1 young (1024K), 0 survivors (0K)
 Metaspace       used 63898K, committed 64448K, reserved 1114112K
  class space    used 8108K, committed 8320K, reserved 1048576K
}
Event: 22206.587 GC heap after
{Heap after GC invocations=2641 (full 746):
 garbage-first heap   total 304128K, used 97444K [0x00000000c0000000, 0x0000000100000000)
  region size 1024K, 0 young (0K), 0 survivors (0K)
 Metaspace       used 63898K, committed 64448K, reserved 1114112K
  class space    used 8108K, committed 8320K, reserved 1048576K
}
Event: 22216.745 GC heap before
{Heap before GC invocations=2641 (full 746):
 garbage-first heap   total 304128K, used 97444K [0x00000000c0000000, 0x0000000100000000)
  region size 1024K, 1 young (1024K), 0 survivors (0K)
 Metaspace       used 63898K, committed 64448K, reserved 1114112K
  class space    used 8108K, committed 8320K, reserved 1048576K
}
Event: 22216.794 GC heap after
{Heap after GC invocations=2642 (full 747):
 garbage-first heap   total 304128K, used 97444K [0x00000000c0000000, 0x0000000100000000)
  region size 1024K, 0 young (0K), 0 survivors (0K)
 Metaspace       used 63898K, committed 64448K, reserved 1114112K
  class space    used 8108K, committed 8320K, reserved 1048576K
}
Event: 22226.958 GC heap before
{Heap before GC invocations=2642 (full 747):
 garbage-first heap   total 304128K, used 97444K [0x00000000c0000000, 0x0000000100000000)
  region size 1024K, 1 young (1024K), 0 survivors (0K)
 Metaspace       used 63898K, committed 64448K, reserved 1114112K
  class space    used 8108K, committed 8320K, reserved 1048576K
}
Event: 22227.001 GC heap after
{Heap after GC invocations=2643 (full 748):
 garbage-first heap   total 304128K, used 97444K [0x00000000c0000000, 0x0000000100000000)
  region size 1024K, 0 young (0K), 0 survivors (0K)
 Metaspace       used 63898K, committed 64448K, reserved 1114112K
  class space    used 8108K, committed 8320K, reserved 1048576K
}
Event: 22237.171 GC heap before
{Heap before GC invocations=2643 (full 748):
 garbage-first heap   total 304128K, used 97444K [0x00000000c0000000, 0x0000000100000000)
  region size 1024K, 1 young (1024K), 0 survivors (0K)
 Metaspace       used 63898K, committed 64448K, reserved 1114112K
  class space    used 8108K, committed 8320K, reserved 1048576K
}
Event: 22237.210 GC heap after
{Heap after GC invocations=2644 (full 749):
 garbage-first heap   total 304128K, used 97444K [0x00000000c0000000, 0x0000000100000000)
  region size 1024K, 0 young (0K), 0 survivors (0K)
 Metaspace       used 63898K, committed 64448K, reserved 1114112K
  class space    used 8108K, committed 8320K, reserved 1048576K
}
Event: 22247.384 GC heap before
{Heap before GC invocations=2644 (full 749):
 garbage-first heap   total 304128K, used 97444K [0x00000000c0000000, 0x0000000100000000)
  region size 1024K, 1 young (1024K), 0 survivors (0K)
 Metaspace       used 63898K, committed 64448K, reserved 1114112K
  class space    used 8108K, committed 8320K, reserved 1048576K
}

