# JRE version: OpenJDK Runtime Environment Temurin-17.0.11+9 (17.0.11+9) (build 17.0.11+9)
# Java VM: OpenJDK 64-Bit Server VM Temurin-17.0.11+9 (17.0.11+9, mixed mode, tiered, compressed oops, compressed class ptrs, g1 gc, windows-amd64)
GC Precious Log:
 CPUs: 8 total, 8 available
 Memory: 11968M
 Large Page Support: Disabled
 NUMA Support: Disabled
 Compressed Oops: Enabled (Zero based)
 Heap Region Size: 2M
 Heap Min Capacity: 8M
 Heap Initial Capacity: 188M
 Heap Max Capacity: 2994M
 Pre-touch: Disabled
 Parallel Workers: 8
 Concurrent Workers: 2
 Concurrent Refinement Workers: 8
 Periodic GC: Disabled
Heap:
 garbage-first heap   total 69632K, used 48299K [0x0000000744e00000, 0x0000000800000000)
  region size 2048K, 20 young (40960K), 4 survivors (8192K)
 Metaspace       used 24817K, committed 25088K, reserved 1114112K
  class space    used 3131K, committed 3264K, reserved 1048576K
GC Heap History (8 events):
Event: 21.394 GC heap before
{Heap before GC invocations=0 (full 0):
 garbage-first heap   total 192512K, used 22528K [0x0000000744e00000, 0x0000000800000000)
  region size 2048K, 11 young (22528K), 0 survivors (0K)
 Metaspace       used 14260K, committed 14400K, reserved 1114112K
  class space    used 1557K, committed 1600K, reserved 1048576K
}
Event: 21.419 GC heap after
{Heap after GC invocations=1 (full 0):
 garbage-first heap   total 192512K, used 6969K [0x0000000744e00000, 0x0000000800000000)
  region size 2048K, 2 young (4096K), 2 survivors (4096K)
 Metaspace       used 14260K, committed 14400K, reserved 1114112K
  class space    used 1557K, committed 1600K, reserved 1048576K
}
Event: 33.514 GC heap before
{Heap before GC invocations=1 (full 0):
 garbage-first heap   total 192512K, used 31545K [0x0000000744e00000, 0x0000000800000000)
  region size 2048K, 12 young (24576K), 2 survivors (4096K)
 Metaspace       used 16531K, committed 16768K, reserved 1114112K
  class space    used 1919K, committed 2048K, reserved 1048576K
}
Event: 33.526 GC heap after
{Heap after GC invocations=2 (full 0):
 garbage-first heap   total 192512K, used 13834K [0x0000000744e00000, 0x0000000800000000)
  region size 2048K, 2 young (4096K), 2 survivors (4096K)
 Metaspace       used 16531K, committed 16768K, reserved 1114112K
  class space    used 1919K, committed 2048K, reserved 1048576K
}
Event: 52.576 GC heap before
{Heap before GC invocations=2 (full 0):
 garbage-first heap   total 192512K, used 48650K [0x0000000744e00000, 0x0000000800000000)
  region size 2048K, 19 young (38912K), 2 survivors (4096K)
 Metaspace       used 16821K, committed 17024K, reserved 1114112K
  class space    used 1944K, committed 2048K, reserved 1048576K
}
Event: 52.583 GC heap after
{Heap after GC invocations=3 (full 0):
 garbage-first heap   total 192512K, used 18353K [0x0000000744e00000, 0x0000000800000000)
  region size 2048K, 3 young (6144K), 3 survivors (6144K)
 Metaspace       used 16821K, committed 17024K, reserved 1114112K
  class space    used 1944K, committed 2048K, reserved 1048576K
}
Event: 54.534 GC heap before
{Heap before GC invocations=3 (full 0):
 garbage-first heap   total 192512K, used 38833K [0x0000000744e00000, 0x0000000800000000)
  region size 2048K, 14 young (28672K), 3 survivors (6144K)
 Metaspace       used 21331K, committed 21504K, reserved 1114112K
  class space    used 2668K, committed 2752K, reserved 1048576K
}
Event: 54.543 GC heap after
{Heap after GC invocations=4 (full 0):
 garbage-first heap   total 192512K, used 19627K [0x0000000744e00000, 0x0000000800000000)
  region size 2048K, 4 young (8192K), 4 survivors (8192K)
 Metaspace       used 21331K, committed 21504K, reserved 1114112K
  class space    used 2668K, committed 2752K, reserved 1048576K
}

