# JRE version: Java(TM) SE Runtime Environment (17.0.10+11) (build 17.0.10+11-LTS-240)
# Java VM: Java HotSpot(TM) 64-Bit Server VM (17.0.10+11-LTS-240, mixed mode, sharing, tiered, compressed oops, compressed class ptrs, g1 gc, windows-amd64)
GC Precious Log:
 CPUs: 8 total, 8 available
 Memory: 11968M
 Large Page Support: Disabled
 NUMA Support: Disabled
 Compressed Oops: Enabled (Zero based)
 Heap Region Size: 2M
 Heap Min Capacity: 8M
 Heap Initial Capacity: 188M
 Heap Max Capacity: 2994M
 Pre-touch: Disabled
 Parallel Workers: 8
 Concurrent Workers: 2
 Concurrent Refinement Workers: 8
 Periodic GC: Disabled
Heap:
 garbage-first heap   total 401408K, used 291520K [0x0000000744e00000, 0x0000000800000000)
  region size 2048K, 82 young (167936K), 1 survivors (2048K)
 Metaspace       used 87654K, committed 89216K, reserved 1179648K
  class space    used 12193K, committed 12928K, reserved 1048576K
GC Heap History (20 events):
Event: 26.163 GC heap before
{Heap before GC invocations=30 (full 0):
 garbage-first heap   total 120832K, used 92107K [0x0000000744e00000, 0x0000000800000000)
  region size 2048K, 13 young (26624K), 2 survivors (4096K)
 Metaspace       used 62878K, committed 63680K, reserved 1114112K
  class space    used 8973K, committed 9344K, reserved 1048576K
}
Event: 26.171 GC heap after
{Heap after GC invocations=31 (full 0):
 garbage-first heap   total 202752K, used 70328K [0x0000000744e00000, 0x0000000800000000)
  region size 2048K, 2 young (4096K), 2 survivors (4096K)
 Metaspace       used 62878K, committed 63680K, reserved 1114112K
  class space    used 8973K, committed 9344K, reserved 1048576K
}
Event: 27.934 GC heap before
{Heap before GC invocations=32 (full 0):
 garbage-first heap   total 202752K, used 139960K [0x0000000744e00000, 0x0000000800000000)
  region size 2048K, 37 young (75776K), 2 survivors (4096K)
 Metaspace       used 65311K, committed 66112K, reserved 1114112K
  class space    used 9275K, committed 9664K, reserved 1048576K
}
Event: 27.950 GC heap after
{Heap after GC invocations=33 (full 0):
 garbage-first heap   total 202752K, used 83036K [0x0000000744e00000, 0x0000000800000000)
  region size 2048K, 5 young (10240K), 5 survivors (10240K)
 Metaspace       used 65311K, committed 66112K, reserved 1114112K
  class space    used 9275K, committed 9664K, reserved 1048576K
}
Event: 29.694 GC heap before
{Heap before GC invocations=33 (full 0):
 garbage-first heap   total 202752K, used 146524K [0x0000000744e00000, 0x0000000800000000)
  region size 2048K, 36 young (73728K), 5 survivors (10240K)
 Metaspace       used 68357K, committed 69184K, reserved 1114112K
  class space    used 9709K, committed 10112K, reserved 1048576K
}
Event: 29.712 GC heap after
{Heap after GC invocations=34 (full 0):
 garbage-first heap   total 202752K, used 93326K [0x0000000744e00000, 0x0000000800000000)
  region size 2048K, 5 young (10240K), 5 survivors (10240K)
 Metaspace       used 68357K, committed 69184K, reserved 1114112K
  class space    used 9709K, committed 10112K, reserved 1048576K
}
Event: 31.898 GC heap before
{Heap before GC invocations=34 (full 0):
 garbage-first heap   total 202752K, used 150670K [0x0000000744e00000, 0x0000000800000000)
  region size 2048K, 33 young (67584K), 5 survivors (10240K)
 Metaspace       used 70906K, committed 71936K, reserved 1114112K
  class space    used 10071K, committed 10560K, reserved 1048576K
}
Event: 31.915 GC heap after
{Heap after GC invocations=35 (full 0):
 garbage-first heap   total 202752K, used 100308K [0x0000000744e00000, 0x0000000800000000)
  region size 2048K, 4 young (8192K), 4 survivors (8192K)
 Metaspace       used 70906K, committed 71936K, reserved 1114112K
  class space    used 10071K, committed 10560K, reserved 1048576K
}
Event: 33.233 GC heap before
{Heap before GC invocations=35 (full 0):
 garbage-first heap   total 202752K, used 153556K [0x0000000744e00000, 0x0000000800000000)
  region size 2048K, 30 young (61440K), 4 survivors (8192K)
 Metaspace       used 72611K, committed 73664K, reserved 1114112K
  class space    used 10339K, committed 10816K, reserved 1048576K
}
Event: 33.247 GC heap after
{Heap after GC invocations=36 (full 0):
 garbage-first heap   total 202752K, used 105493K [0x0000000744e00000, 0x0000000800000000)
  region size 2048K, 3 young (6144K), 3 survivors (6144K)
 Metaspace       used 72611K, committed 73664K, reserved 1114112K
  class space    used 10339K, committed 10816K, reserved 1048576K
}
Event: 34.672 GC heap before
{Heap before GC invocations=37 (full 0):
 garbage-first heap   total 202752K, used 158741K [0x0000000744e00000, 0x0000000800000000)
  region size 2048K, 29 young (59392K), 3 survivors (6144K)
 Metaspace       used 73685K, committed 74880K, reserved 1114112K
  class space    used 10497K, committed 11072K, reserved 1048576K
}
Event: 34.690 GC heap after
{Heap after GC invocations=38 (full 0):
 garbage-first heap   total 202752K, used 113587K [0x0000000744e00000, 0x0000000800000000)
  region size 2048K, 4 young (8192K), 4 survivors (8192K)
 Metaspace       used 73685K, committed 74880K, reserved 1114112K
  class space    used 10497K, committed 11072K, reserved 1048576K
}
Event: 34.784 GC heap before
{Heap before GC invocations=38 (full 0):
 garbage-first heap   total 202752K, used 115635K [0x0000000744e00000, 0x0000000800000000)
  region size 2048K, 5 young (10240K), 4 survivors (8192K)
 Metaspace       used 73725K, committed 74944K, reserved 1114112K
  class space    used 10501K, committed 11072K, reserved 1048576K
}
Event: 34.802 GC heap after
{Heap after GC invocations=39 (full 0):
 garbage-first heap   total 202752K, used 113098K [0x0000000744e00000, 0x0000000800000000)
  region size 2048K, 1 young (2048K), 1 survivors (2048K)
 Metaspace       used 73725K, committed 74944K, reserved 1114112K
  class space    used 10501K, committed 11072K, reserved 1048576K
}
Event: 36.415 GC heap before
{Heap before GC invocations=39 (full 0):
 garbage-first heap   total 202752K, used 160202K [0x0000000744e00000, 0x0000000800000000)
  region size 2048K, 24 young (49152K), 1 survivors (2048K)
 Metaspace       used 75012K, committed 76352K, reserved 1179648K
  class space    used 10687K, committed 11328K, reserved 1048576K
}
Event: 36.432 GC heap after
{Heap after GC invocations=40 (full 0):
 garbage-first heap   total 202752K, used 122880K [0x0000000744e00000, 0x0000000800000000)
  region size 2048K, 3 young (6144K), 3 survivors (6144K)
 Metaspace       used 75012K, committed 76352K, reserved 1179648K
  class space    used 10687K, committed 11328K, reserved 1048576K
}
Event: 37.111 GC heap before
{Heap before GC invocations=41 (full 0):
 garbage-first heap   total 239616K, used 157696K [0x0000000744e00000, 0x0000000800000000)
  region size 2048K, 21 young (43008K), 3 survivors (6144K)
 Metaspace       used 75622K, committed 76992K, reserved 1179648K
  class space    used 10784K, committed 11456K, reserved 1048576K
}
Event: 37.127 GC heap after
{Heap after GC invocations=42 (full 0):
 garbage-first heap   total 239616K, used 127353K [0x0000000744e00000, 0x0000000800000000)
  region size 2048K, 3 young (6144K), 3 survivors (6144K)
 Metaspace       used 75622K, committed 76992K, reserved 1179648K
  class space    used 10784K, committed 11456K, reserved 1048576K
}
Event: 37.218 GC heap before
{Heap before GC invocations=42 (full 0):
 garbage-first heap   total 239616K, used 131449K [0x0000000744e00000, 0x0000000800000000)
  region size 2048K, 5 young (10240K), 3 survivors (6144K)
 Metaspace       used 75678K, committed 77056K, reserved 1179648K
  class space    used 10792K, committed 11456K, reserved 1048576K
}
Event: 37.230 GC heap after
{Heap after GC invocations=43 (full 0):
 garbage-first heap   total 401408K, used 127680K [0x0000000744e00000, 0x0000000800000000)
  region size 2048K, 1 young (2048K), 1 survivors (2048K)
 Metaspace       used 75678K, committed 77056K, reserved 1179648K
  class space    used 10792K, committed 11456K, reserved 1048576K
}

