# JRE version: Java(TM) SE Runtime Environment (17.0.10+11) (build 17.0.10+11-LTS-240)
# Java VM: Java HotSpot(TM) 64-Bit Server VM (17.0.10+11-LTS-240, mixed mode, sharing, tiered, compressed oops, compressed class ptrs, g1 gc, windows-amd64)
GC Precious Log:
 CPUs: 8 total, 8 available
 Memory: 11968M
 Large Page Support: Disabled
 NUMA Support: Disabled
 Compressed Oops: Enabled (Zero based)
 Heap Region Size: 4M
 Heap Min Capacity: 8M
 Heap Initial Capacity: 188M
 Heap Max Capacity: 6G
 Pre-touch: Disabled
 Parallel Workers: 8
 Concurrent Workers: 2
 Concurrent Refinement Workers: 8
 Periodic GC: Disabled
Heap:
 garbage-first heap   total 282624K, used 166065K [0x0000000680000000, 0x0000000800000000)
  region size 4096K, 8 young (32768K), 3 survivors (12288K)
 Metaspace       used 95148K, committed 96960K, reserved 1179648K
  class space    used 13189K, committed 14016K, reserved 1048576K
GC Heap History (20 events):
Event: 31.102 GC heap before
{Heap before GC invocations=28 (full 0):
 garbage-first heap   total 188416K, used 138504K [0x0000000680000000, 0x0000000800000000)
  region size 4096K, 12 young (49152K), 1 survivors (4096K)
 Metaspace       used 72965K, committed 74112K, reserved 1114112K
  class space    used 10416K, committed 10944K, reserved 1048576K
}
Event: 31.112 GC heap after
{Heap after GC invocations=29 (full 0):
 garbage-first heap   total 188416K, used 97330K [0x0000000680000000, 0x0000000800000000)
  region size 4096K, 2 young (8192K), 2 survivors (8192K)
 Metaspace       used 72965K, committed 74112K, reserved 1114112K
  class space    used 10416K, committed 10944K, reserved 1048576K
}
Event: 32.204 GC heap before
{Heap before GC invocations=30 (full 0):
 garbage-first heap   total 188416K, used 142386K [0x0000000680000000, 0x0000000800000000)
  region size 4096K, 13 young (53248K), 2 survivors (8192K)
 Metaspace       used 73945K, committed 75072K, reserved 1114112K
  class space    used 10574K, committed 11136K, reserved 1048576K
}
Event: 32.219 GC heap after
{Heap after GC invocations=31 (full 0):
 garbage-first heap   total 188416K, used 102697K [0x0000000680000000, 0x0000000800000000)
  region size 4096K, 2 young (8192K), 2 survivors (8192K)
 Metaspace       used 73945K, committed 75072K, reserved 1114112K
  class space    used 10574K, committed 11136K, reserved 1048576K
}
Event: 33.011 GC heap before
{Heap before GC invocations=31 (full 0):
 garbage-first heap   total 188416K, used 147753K [0x0000000680000000, 0x0000000800000000)
  region size 4096K, 13 young (53248K), 2 survivors (8192K)
 Metaspace       used 75168K, committed 76416K, reserved 1114112K
  class space    used 10771K, committed 11328K, reserved 1048576K
}
Event: 33.023 GC heap after
{Heap after GC invocations=32 (full 0):
 garbage-first heap   total 188416K, used 107277K [0x0000000680000000, 0x0000000800000000)
  region size 4096K, 2 young (8192K), 2 survivors (8192K)
 Metaspace       used 75168K, committed 76416K, reserved 1114112K
  class space    used 10771K, committed 11328K, reserved 1048576K
}
Event: 34.057 GC heap before
{Heap before GC invocations=33 (full 0):
 garbage-first heap   total 212992K, used 144141K [0x0000000680000000, 0x0000000800000000)
  region size 4096K, 11 young (45056K), 2 survivors (8192K)
 Metaspace       used 75733K, committed 77056K, reserved 1179648K
  class space    used 10830K, committed 11456K, reserved 1048576K
}
Event: 34.071 GC heap after
{Heap after GC invocations=34 (full 0):
 garbage-first heap   total 212992K, used 112173K [0x0000000680000000, 0x0000000800000000)
  region size 4096K, 2 young (8192K), 2 survivors (8192K)
 Metaspace       used 75733K, committed 77056K, reserved 1179648K
  class space    used 10830K, committed 11456K, reserved 1048576K
}
Event: 35.112 GC heap before
{Heap before GC invocations=34 (full 0):
 garbage-first heap   total 212992K, used 161325K [0x0000000680000000, 0x0000000800000000)
  region size 4096K, 14 young (57344K), 2 survivors (8192K)
 Metaspace       used 76366K, committed 77824K, reserved 1179648K
  class space    used 10917K, committed 11648K, reserved 1048576K
}
Event: 35.128 GC heap after
{Heap after GC invocations=35 (full 0):
 garbage-first heap   total 270336K, used 118942K [0x0000000680000000, 0x0000000800000000)
  region size 4096K, 2 young (8192K), 2 survivors (8192K)
 Metaspace       used 76366K, committed 77824K, reserved 1179648K
  class space    used 10917K, committed 11648K, reserved 1048576K
}
Event: 36.846 GC heap before
{Heap before GC invocations=36 (full 0):
 garbage-first heap   total 270336K, used 200862K [0x0000000680000000, 0x0000000800000000)
  region size 4096K, 22 young (90112K), 2 survivors (8192K)
 Metaspace       used 78742K, committed 80256K, reserved 1179648K
  class space    used 11268K, committed 12032K, reserved 1048576K
}
Event: 36.870 GC heap after
{Heap after GC invocations=37 (full 0):
 garbage-first heap   total 270336K, used 127563K [0x0000000680000000, 0x0000000800000000)
  region size 4096K, 3 young (12288K), 3 survivors (12288K)
 Metaspace       used 78742K, committed 80256K, reserved 1179648K
  class space    used 11268K, committed 12032K, reserved 1048576K
}
Event: 38.621 GC heap before
{Heap before GC invocations=37 (full 0):
 garbage-first heap   total 270336K, used 205387K [0x0000000680000000, 0x0000000800000000)
  region size 4096K, 22 young (90112K), 3 survivors (12288K)
 Metaspace       used 85210K, committed 86656K, reserved 1179648K
  class space    used 11956K, committed 12672K, reserved 1048576K
}
Event: 38.636 GC heap after
{Heap after GC invocations=38 (full 0):
 garbage-first heap   total 270336K, used 132884K [0x0000000680000000, 0x0000000800000000)
  region size 4096K, 2 young (8192K), 2 survivors (8192K)
 Metaspace       used 85210K, committed 86656K, reserved 1179648K
  class space    used 11956K, committed 12672K, reserved 1048576K
}
Event: 40.352 GC heap before
{Heap before GC invocations=38 (full 0):
 garbage-first heap   total 270336K, used 202516K [0x0000000680000000, 0x0000000800000000)
  region size 4096K, 20 young (81920K), 2 survivors (8192K)
 Metaspace       used 89790K, committed 91328K, reserved 1179648K
  class space    used 12531K, committed 13248K, reserved 1048576K
}
Event: 40.365 GC heap after
{Heap after GC invocations=39 (full 0):
 garbage-first heap   total 270336K, used 137119K [0x0000000680000000, 0x0000000800000000)
  region size 4096K, 3 young (12288K), 3 survivors (12288K)
 Metaspace       used 89790K, committed 91328K, reserved 1179648K
  class space    used 12531K, committed 13248K, reserved 1048576K
}
Event: 42.692 GC heap before
{Heap before GC invocations=40 (full 0):
 garbage-first heap   total 270336K, used 210847K [0x0000000680000000, 0x0000000800000000)
  region size 4096K, 21 young (86016K), 3 survivors (12288K)
 Metaspace       used 92126K, committed 93824K, reserved 1179648K
  class space    used 12771K, committed 13568K, reserved 1048576K
}
Event: 42.707 GC heap after
{Heap after GC invocations=41 (full 0):
 garbage-first heap   total 270336K, used 142191K [0x0000000680000000, 0x0000000800000000)
  region size 4096K, 3 young (12288K), 3 survivors (12288K)
 Metaspace       used 92126K, committed 93824K, reserved 1179648K
  class space    used 12771K, committed 13568K, reserved 1048576K
}
Event: 43.724 GC heap before
{Heap before GC invocations=41 (full 0):
 garbage-first heap   total 270336K, used 215919K [0x0000000680000000, 0x0000000800000000)
  region size 4096K, 21 young (86016K), 3 survivors (12288K)
 Metaspace       used 93837K, committed 95552K, reserved 1179648K
  class space    used 13027K, committed 13824K, reserved 1048576K
}
Event: 43.742 GC heap after
{Heap after GC invocations=42 (full 0):
 garbage-first heap   total 270336K, used 149681K [0x0000000680000000, 0x0000000800000000)
  region size 4096K, 3 young (12288K), 3 survivors (12288K)
 Metaspace       used 93837K, committed 95552K, reserved 1179648K
  class space    used 13027K, committed 13824K, reserved 1048576K
}

