# JRE version: Java(TM) SE Runtime Environment (17.0.10+11) (build 17.0.10+11-LTS-240)
# Java VM: Java HotSpot(TM) 64-Bit Server VM (17.0.10+11-LTS-240, mixed mode, sharing, tiered, compressed oops, compressed class ptrs, g1 gc, windows-amd64)
GC Precious Log:
 CPUs: 8 total, 8 available
 Memory: 11968M
 Large Page Support: Disabled
 NUMA Support: Disabled
 Compressed Oops: Enabled (Zero based)
 Heap Region Size: 4M
 Heap Min Capacity: 8M
 Heap Initial Capacity: 188M
 Heap Max Capacity: 6G
 Pre-touch: Disabled
 Parallel Workers: 8
 Concurrent Workers: 2
 Concurrent Refinement Workers: 8
 Periodic GC: Disabled
Heap:
 garbage-first heap   total 307200K, used 206439K [0x0000000680000000, 0x0000000800000000)
  region size 4096K, 2 young (8192K), 2 survivors (8192K)
 Metaspace       used 102092K, committed 104256K, reserved 1179648K
  class space    used 14182K, committed 15168K, reserved 1048576K
GC Heap History (20 events):
Event: 54.637 GC heap after
{Heap after GC invocations=47 (full 0):
 garbage-first heap   total 253952K, used 138695K [0x0000000680000000, 0x0000000800000000)
  region size 4096K, 3 young (12288K), 3 survivors (12288K)
 Metaspace       used 89718K, committed 91264K, reserved 1179648K
  class space    used 12503K, committed 13248K, reserved 1048576K
}
Event: 56.822 GC heap before
{Heap before GC invocations=47 (full 0):
 garbage-first heap   total 253952K, used 200135K [0x0000000680000000, 0x0000000800000000)
  region size 4096K, 18 young (73728K), 3 survivors (12288K)
 Metaspace       used 91751K, committed 93376K, reserved 1179648K
  class space    used 12697K, committed 13440K, reserved 1048576K
}
Event: 56.842 GC heap after
{Heap after GC invocations=48 (full 0):
 garbage-first heap   total 253952K, used 142039K [0x0000000680000000, 0x0000000800000000)
  region size 4096K, 3 young (12288K), 3 survivors (12288K)
 Metaspace       used 91751K, committed 93376K, reserved 1179648K
  class space    used 12697K, committed 13440K, reserved 1048576K
}
Event: 58.320 GC heap before
{Heap before GC invocations=48 (full 0):
 garbage-first heap   total 253952K, used 203479K [0x0000000680000000, 0x0000000800000000)
  region size 4096K, 18 young (73728K), 3 survivors (12288K)
 Metaspace       used 93249K, committed 94912K, reserved 1179648K
  class space    used 12911K, committed 13696K, reserved 1048576K
}
Event: 58.341 GC heap after
{Heap after GC invocations=49 (full 0):
 garbage-first heap   total 253952K, used 147513K [0x0000000680000000, 0x0000000800000000)
  region size 4096K, 3 young (12288K), 3 survivors (12288K)
 Metaspace       used 93249K, committed 94912K, reserved 1179648K
  class space    used 12911K, committed 13696K, reserved 1048576K
}
Event: 60.129 GC heap before
{Heap before GC invocations=49 (full 0):
 garbage-first heap   total 253952K, used 204857K [0x0000000680000000, 0x0000000800000000)
  region size 4096K, 17 young (69632K), 3 survivors (12288K)
 Metaspace       used 95006K, committed 96832K, reserved 1179648K
  class space    used 13198K, committed 14016K, reserved 1048576K
}
Event: 60.151 GC heap after
{Heap after GC invocations=50 (full 0):
 garbage-first heap   total 307200K, used 154066K [0x0000000680000000, 0x0000000800000000)
  region size 4096K, 3 young (12288K), 3 survivors (12288K)
 Metaspace       used 95006K, committed 96832K, reserved 1179648K
  class space    used 13198K, committed 14016K, reserved 1048576K
}
Event: 63.405 GC heap before
{Heap before GC invocations=50 (full 0):
 garbage-first heap   total 307200K, used 240082K [0x0000000680000000, 0x0000000800000000)
  region size 4096K, 24 young (98304K), 3 survivors (12288K)
 Metaspace       used 97323K, committed 99136K, reserved 1179648K
  class space    used 13512K, committed 14336K, reserved 1048576K
}
Event: 63.430 GC heap after
{Heap after GC invocations=51 (full 0):
 garbage-first heap   total 307200K, used 164413K [0x0000000680000000, 0x0000000800000000)
  region size 4096K, 3 young (12288K), 3 survivors (12288K)
 Metaspace       used 97323K, committed 99136K, reserved 1179648K
  class space    used 13512K, committed 14336K, reserved 1048576K
}
Event: 65.597 GC heap before
{Heap before GC invocations=51 (full 0):
 garbage-first heap   total 307200K, used 242237K [0x0000000680000000, 0x0000000800000000)
  region size 4096K, 22 young (90112K), 3 survivors (12288K)
 Metaspace       used 99323K, committed 101184K, reserved 1179648K
  class space    used 13826K, committed 14656K, reserved 1048576K
}
Event: 65.618 GC heap after
{Heap after GC invocations=52 (full 0):
 garbage-first heap   total 307200K, used 170118K [0x0000000680000000, 0x0000000800000000)
  region size 4096K, 3 young (12288K), 3 survivors (12288K)
 Metaspace       used 99323K, committed 101184K, reserved 1179648K
  class space    used 13826K, committed 14656K, reserved 1048576K
}
Event: 68.701 GC heap before
{Heap before GC invocations=52 (full 0):
 garbage-first heap   total 307200K, used 243846K [0x0000000680000000, 0x0000000800000000)
  region size 4096K, 21 young (86016K), 3 survivors (12288K)
 Metaspace       used 101375K, committed 103488K, reserved 1179648K
  class space    used 14162K, committed 15168K, reserved 1048576K
}
Event: 68.724 GC heap after
{Heap after GC invocations=53 (full 0):
 garbage-first heap   total 307200K, used 179544K [0x0000000680000000, 0x0000000800000000)
  region size 4096K, 3 young (12288K), 3 survivors (12288K)
 Metaspace       used 101375K, committed 103488K, reserved 1179648K
  class space    used 14162K, committed 15168K, reserved 1048576K
}
Event: 70.713 GC heap before
{Heap before GC invocations=53 (full 0):
 garbage-first heap   total 307200K, used 245080K [0x0000000680000000, 0x0000000800000000)
  region size 4096K, 19 young (77824K), 3 survivors (12288K)
 Metaspace       used 101599K, committed 103744K, reserved 1179648K
  class space    used 14173K, committed 15168K, reserved 1048576K
}
Event: 70.740 GC heap after
{Heap after GC invocations=54 (full 0):
 garbage-first heap   total 307200K, used 189460K [0x0000000680000000, 0x0000000800000000)
  region size 4096K, 3 young (12288K), 3 survivors (12288K)
 Metaspace       used 101599K, committed 103744K, reserved 1179648K
  class space    used 14173K, committed 15168K, reserved 1048576K
}
Event: 71.837 GC heap before
{Heap before GC invocations=54 (full 0):
 garbage-first heap   total 307200K, used 242708K [0x0000000680000000, 0x0000000800000000)
  region size 4096K, 17 young (69632K), 3 survivors (12288K)
 Metaspace       used 101778K, committed 103936K, reserved 1179648K
  class space    used 14181K, committed 15168K, reserved 1048576K
}
Event: 71.856 GC heap after
{Heap after GC invocations=55 (full 0):
 garbage-first heap   total 307200K, used 195499K [0x0000000680000000, 0x0000000800000000)
  region size 4096K, 2 young (8192K), 2 survivors (8192K)
 Metaspace       used 101778K, committed 103936K, reserved 1179648K
  class space    used 14181K, committed 15168K, reserved 1048576K
}
Event: 72.771 GC heap before
{Heap before GC invocations=55 (full 0):
 garbage-first heap   total 307200K, used 248747K [0x0000000680000000, 0x0000000800000000)
  region size 4096K, 15 young (61440K), 2 survivors (8192K)
 Metaspace       used 101958K, committed 104128K, reserved 1179648K
  class space    used 14181K, committed 15168K, reserved 1048576K
}
Event: 72.789 GC heap after
{Heap after GC invocations=56 (full 0):
 garbage-first heap   total 307200K, used 200990K [0x0000000680000000, 0x0000000800000000)
  region size 4096K, 2 young (8192K), 2 survivors (8192K)
 Metaspace       used 101958K, committed 104128K, reserved 1179648K
  class space    used 14181K, committed 15168K, reserved 1048576K
}
Event: 73.627 GC heap before
{Heap before GC invocations=56 (full 0):
 garbage-first heap   total 307200K, used 250142K [0x0000000680000000, 0x0000000800000000)
  region size 4096K, 14 young (57344K), 2 survivors (8192K)
 Metaspace       used 102092K, committed 104256K, reserved 1179648K
  class space    used 14182K, committed 15168K, reserved 1048576K
}

