# JRE version: OpenJDK Runtime Environment Temurin-17.0.11+9 (17.0.11+9) (build 17.0.11+9)
# Java VM: OpenJDK 64-Bit Server VM Temurin-17.0.11+9 (17.0.11+9, mixed mode, tiered, compressed oops, compressed class ptrs, parallel gc, windows-amd64)
GC Precious Log:
 CPUs: 8 total, 8 available
 Memory: 11968M
 Large Page Support: Disabled
 NUMA Support: Disabled
 Compressed Oops: Enabled (32-bit)
 Alignments: Space 512K, Generation 512K, Heap 2M
 Heap Min Capacity: 100M
 Heap Initial Capacity: 100M
 Heap Max Capacity: 1G
 Pre-touch: Disabled
 Parallel Workers: 8
Heap:
 PSYoungGen      total 17408K, used 11089K [0x00000000eab00000, 0x00000000ecb80000, 0x0000000100000000)
  eden space 15872K, 60% used [0x00000000eab00000,0x00000000eb457298,0x00000000eba80000)
  from space 1536K, 99% used [0x00000000ec100000,0x00000000ec27d418,0x00000000ec280000)
  to   space 6656K, 0% used [0x00000000eba80000,0x00000000eba80000,0x00000000ec100000)
 ParOldGen       total 68608K, used 40229K [0x00000000c0000000, 0x00000000c4300000, 0x00000000eab00000)
  object space 68608K, 58% used [0x00000000c0000000,0x00000000c2749420,0x00000000c4300000)
 Metaspace       used 49719K, committed 50624K, reserved 1114112K
  class space    used 4900K, committed 5312K, reserved 1048576K
GC Heap History (20 events):
Event: 24.598 GC heap before
{Heap before GC invocations=21 (full 2):
 PSYoungGen      total 22016K, used 21987K [0x00000000eab00000, 0x00000000ec680000, 0x0000000100000000)
  eden space 20480K, 100% used [0x00000000eab00000,0x00000000ebf00000,0x00000000ebf00000)
  from space 1536K, 98% used [0x00000000ec200000,0x00000000ec378c90,0x00000000ec380000)
  to   space 3072K, 0% used [0x00000000ebf00000,0x00000000ebf00000,0x00000000ec200000)
 ParOldGen       total 68608K, used 27347K [0x00000000c0000000, 0x00000000c4300000, 0x00000000eab00000)
  object space 68608K, 39% used [0x00000000c0000000,0x00000000c1ab4d80,0x00000000c4300000)
 Metaspace       used 41025K, committed 41792K, reserved 1114112K
  class space    used 4096K, committed 4416K, reserved 1048576K
}
Event: 24.600 GC heap after
{Heap after GC invocations=21 (full 2):
 PSYoungGen      total 20992K, used 96K [0x00000000eab00000, 0x00000000ec280000, 0x0000000100000000)
  eden space 20480K, 0% used [0x00000000eab00000,0x00000000eab00000,0x00000000ebf00000)
  from space 512K, 18% used [0x00000000ebf00000,0x00000000ebf18000,0x00000000ebf80000)
  to   space 1024K, 0% used [0x00000000ec180000,0x00000000ec180000,0x00000000ec280000)
 ParOldGen       total 68608K, used 27905K [0x00000000c0000000, 0x00000000c4300000, 0x00000000eab00000)
  object space 68608K, 40% used [0x00000000c0000000,0x00000000c1b40488,0x00000000c4300000)
 Metaspace       used 41025K, committed 41792K, reserved 1114112K
  class space    used 4096K, committed 4416K, reserved 1048576K
}
Event: 27.531 GC heap before
{Heap before GC invocations=22 (full 2):
 PSYoungGen      total 20992K, used 20576K [0x00000000eab00000, 0x00000000ec280000, 0x0000000100000000)
  eden space 20480K, 100% used [0x00000000eab00000,0x00000000ebf00000,0x00000000ebf00000)
  from space 512K, 18% used [0x00000000ebf00000,0x00000000ebf18000,0x00000000ebf80000)
  to   space 1024K, 0% used [0x00000000ec180000,0x00000000ec180000,0x00000000ec280000)
 ParOldGen       total 68608K, used 27905K [0x00000000c0000000, 0x00000000c4300000, 0x00000000eab00000)
  object space 68608K, 40% used [0x00000000c0000000,0x00000000c1b40488,0x00000000c4300000)
 Metaspace       used 42435K, committed 43136K, reserved 1114112K
  class space    used 4276K, committed 4608K, reserved 1048576K
}
Event: 27.535 GC heap after
{Heap after GC invocations=22 (full 2):
 PSYoungGen      total 21504K, used 562K [0x00000000eab00000, 0x00000000ec280000, 0x0000000100000000)
  eden space 20480K, 0% used [0x00000000eab00000,0x00000000eab00000,0x00000000ebf00000)
  from space 1024K, 54% used [0x00000000ec180000,0x00000000ec20c9a0,0x00000000ec280000)
  to   space 1024K, 0% used [0x00000000ec080000,0x00000000ec080000,0x00000000ec180000)
 ParOldGen       total 68608K, used 27937K [0x00000000c0000000, 0x00000000c4300000, 0x00000000eab00000)
  object space 68608K, 40% used [0x00000000c0000000,0x00000000c1b48488,0x00000000c4300000)
 Metaspace       used 42435K, committed 43136K, reserved 1114112K
  class space    used 4276K, committed 4608K, reserved 1048576K
}
Event: 29.724 GC heap before
{Heap before GC invocations=23 (full 2):
 PSYoungGen      total 21504K, used 21042K [0x00000000eab00000, 0x00000000ec280000, 0x0000000100000000)
  eden space 20480K, 100% used [0x00000000eab00000,0x00000000ebf00000,0x00000000ebf00000)
  from space 1024K, 54% used [0x00000000ec180000,0x00000000ec20c9a0,0x00000000ec280000)
  to   space 1024K, 0% used [0x00000000ec080000,0x00000000ec080000,0x00000000ec180000)
 ParOldGen       total 68608K, used 27937K [0x00000000c0000000, 0x00000000c4300000, 0x00000000eab00000)
  object space 68608K, 40% used [0x00000000c0000000,0x00000000c1b48488,0x00000000c4300000)
 Metaspace       used 43938K, committed 44736K, reserved 1114112K
  class space    used 4414K, committed 4736K, reserved 1048576K
}
Event: 29.727 GC heap after
{Heap after GC invocations=23 (full 2):
 PSYoungGen      total 21504K, used 1018K [0x00000000eab00000, 0x00000000ec200000, 0x0000000100000000)
  eden space 20480K, 0% used [0x00000000eab00000,0x00000000eab00000,0x00000000ebf00000)
  from space 1024K, 99% used [0x00000000ec080000,0x00000000ec17e980,0x00000000ec180000)
  to   space 512K, 0% used [0x00000000ec180000,0x00000000ec180000,0x00000000ec200000)
 ParOldGen       total 68608K, used 28297K [0x00000000c0000000, 0x00000000c4300000, 0x00000000eab00000)
  object space 68608K, 41% used [0x00000000c0000000,0x00000000c1ba2488,0x00000000c4300000)
 Metaspace       used 43938K, committed 44736K, reserved 1114112K
  class space    used 4414K, committed 4736K, reserved 1048576K
}
Event: 31.076 GC heap before
{Heap before GC invocations=24 (full 2):
 PSYoungGen      total 21504K, used 21498K [0x00000000eab00000, 0x00000000ec200000, 0x0000000100000000)
  eden space 20480K, 100% used [0x00000000eab00000,0x00000000ebf00000,0x00000000ebf00000)
  from space 1024K, 99% used [0x00000000ec080000,0x00000000ec17e980,0x00000000ec180000)
  to   space 512K, 0% used [0x00000000ec180000,0x00000000ec180000,0x00000000ec200000)
 ParOldGen       total 68608K, used 28297K [0x00000000c0000000, 0x00000000c4300000, 0x00000000eab00000)
  object space 68608K, 41% used [0x00000000c0000000,0x00000000c1ba2488,0x00000000c4300000)
 Metaspace       used 45048K, committed 45888K, reserved 1114112K
  class space    used 4520K, committed 4864K, reserved 1048576K
}
Event: 31.079 GC heap after
{Heap after GC invocations=24 (full 2):
 PSYoungGen      total 20992K, used 496K [0x00000000eab00000, 0x00000000ec300000, 0x0000000100000000)
  eden space 20480K, 0% used [0x00000000eab00000,0x00000000eab00000,0x00000000ebf00000)
  from space 512K, 96% used [0x00000000ec180000,0x00000000ec1fc030,0x00000000ec200000)
  to   space 2048K, 0% used [0x00000000ebf00000,0x00000000ebf00000,0x00000000ec100000)
 ParOldGen       total 68608K, used 29297K [0x00000000c0000000, 0x00000000c4300000, 0x00000000eab00000)
  object space 68608K, 42% used [0x00000000c0000000,0x00000000c1c9c728,0x00000000c4300000)
 Metaspace       used 45048K, committed 45888K, reserved 1114112K
  class space    used 4520K, committed 4864K, reserved 1048576K
}
Event: 33.146 GC heap before
{Heap before GC invocations=25 (full 2):
 PSYoungGen      total 20992K, used 20976K [0x00000000eab00000, 0x00000000ec300000, 0x0000000100000000)
  eden space 20480K, 100% used [0x00000000eab00000,0x00000000ebf00000,0x00000000ebf00000)
  from space 512K, 96% used [0x00000000ec180000,0x00000000ec1fc030,0x00000000ec200000)
  to   space 2048K, 0% used [0x00000000ebf00000,0x00000000ebf00000,0x00000000ec100000)
 ParOldGen       total 68608K, used 29297K [0x00000000c0000000, 0x00000000c4300000, 0x00000000eab00000)
  object space 68608K, 42% used [0x00000000c0000000,0x00000000c1c9c728,0x00000000c4300000)
 Metaspace       used 45476K, committed 46208K, reserved 1114112K
  class space    used 4545K, committed 4864K, reserved 1048576K
}
Event: 33.155 GC heap after
{Heap after GC invocations=25 (full 2):
 PSYoungGen      total 22528K, used 1585K [0x00000000eab00000, 0x00000000ec300000, 0x0000000100000000)
  eden space 20480K, 0% used [0x00000000eab00000,0x00000000eab00000,0x00000000ebf00000)
  from space 2048K, 77% used [0x00000000ebf00000,0x00000000ec08c5c0,0x00000000ec100000)
  to   space 2048K, 0% used [0x00000000ec100000,0x00000000ec100000,0x00000000ec300000)
 ParOldGen       total 68608K, used 29713K [0x00000000c0000000, 0x00000000c4300000, 0x00000000eab00000)
  object space 68608K, 43% used [0x00000000c0000000,0x00000000c1d04788,0x00000000c4300000)
 Metaspace       used 45476K, committed 46208K, reserved 1114112K
  class space    used 4545K, committed 4864K, reserved 1048576K
}
Event: 33.777 GC heap before
{Heap before GC invocations=26 (full 2):
 PSYoungGen      total 22528K, used 22065K [0x00000000eab00000, 0x00000000ec300000, 0x0000000100000000)
  eden space 20480K, 100% used [0x00000000eab00000,0x00000000ebf00000,0x00000000ebf00000)
  from space 2048K, 77% used [0x00000000ebf00000,0x00000000ec08c5c0,0x00000000ec100000)
  to   space 2048K, 0% used [0x00000000ec100000,0x00000000ec100000,0x00000000ec300000)
 ParOldGen       total 68608K, used 29713K [0x00000000c0000000, 0x00000000c4300000, 0x00000000eab00000)
  object space 68608K, 43% used [0x00000000c0000000,0x00000000c1d04788,0x00000000c4300000)
 Metaspace       used 45477K, committed 46208K, reserved 1114112K
  class space    used 4545K, committed 4864K, reserved 1048576K
}
Event: 33.783 GC heap after
{Heap after GC invocations=26 (full 2):
 PSYoungGen      total 22016K, used 2048K [0x00000000eab00000, 0x00000000ec400000, 0x0000000100000000)
  eden space 19968K, 0% used [0x00000000eab00000,0x00000000eab00000,0x00000000ebe80000)
  from space 2048K, 100% used [0x00000000ec100000,0x00000000ec300000,0x00000000ec300000)
  to   space 2560K, 0% used [0x00000000ebe80000,0x00000000ebe80000,0x00000000ec100000)
 ParOldGen       total 68608K, used 31075K [0x00000000c0000000, 0x00000000c4300000, 0x00000000eab00000)
  object space 68608K, 45% used [0x00000000c0000000,0x00000000c1e58d48,0x00000000c4300000)
 Metaspace       used 45477K, committed 46208K, reserved 1114112K
  class space    used 4545K, committed 4864K, reserved 1048576K
}
Event: 33.887 GC heap before
{Heap before GC invocations=27 (full 2):
 PSYoungGen      total 22016K, used 22016K [0x00000000eab00000, 0x00000000ec400000, 0x0000000100000000)
  eden space 19968K, 100% used [0x00000000eab00000,0x00000000ebe80000,0x00000000ebe80000)
  from space 2048K, 100% used [0x00000000ec100000,0x00000000ec300000,0x00000000ec300000)
  to   space 2560K, 0% used [0x00000000ebe80000,0x00000000ebe80000,0x00000000ec100000)
 ParOldGen       total 68608K, used 31075K [0x00000000c0000000, 0x00000000c4300000, 0x00000000eab00000)
  object space 68608K, 45% used [0x00000000c0000000,0x00000000c1e58d48,0x00000000c4300000)
 Metaspace       used 45478K, committed 46208K, reserved 1114112K
  class space    used 4545K, committed 4864K, reserved 1048576K
}
Event: 33.893 GC heap after
{Heap after GC invocations=27 (full 2):
 PSYoungGen      total 22528K, used 2048K [0x00000000eab00000, 0x00000000ec380000, 0x0000000100000000)
  eden space 19968K, 0% used [0x00000000eab00000,0x00000000eab00000,0x00000000ebe80000)
  from space 2560K, 80% used [0x00000000ebe80000,0x00000000ec080010,0x00000000ec100000)
  to   space 2560K, 0% used [0x00000000ec100000,0x00000000ec100000,0x00000000ec380000)
 ParOldGen       total 68608K, used 32851K [0x00000000c0000000, 0x00000000c4300000, 0x00000000eab00000)
  object space 68608K, 47% used [0x00000000c0000000,0x00000000c2014d48,0x00000000c4300000)
 Metaspace       used 45478K, committed 46208K, reserved 1114112K
  class space    used 4545K, committed 4864K, reserved 1048576K
}
Event: 34.120 GC heap before
{Heap before GC invocations=28 (full 2):
 PSYoungGen      total 22528K, used 22016K [0x00000000eab00000, 0x00000000ec380000, 0x0000000100000000)
  eden space 19968K, 100% used [0x00000000eab00000,0x00000000ebe80000,0x00000000ebe80000)
  from space 2560K, 80% used [0x00000000ebe80000,0x00000000ec080010,0x00000000ec100000)
  to   space 2560K, 0% used [0x00000000ec100000,0x00000000ec100000,0x00000000ec380000)
 ParOldGen       total 68608K, used 32851K [0x00000000c0000000, 0x00000000c4300000, 0x00000000eab00000)
  object space 68608K, 47% used [0x00000000c0000000,0x00000000c2014d48,0x00000000c4300000)
 Metaspace       used 45506K, committed 46208K, reserved 1114112K
  class space    used 4547K, committed 4864K, reserved 1048576K
}
Event: 34.127 GC heap after
{Heap after GC invocations=28 (full 2):
 PSYoungGen      total 22016K, used 1600K [0x00000000eab00000, 0x00000000ec300000, 0x0000000100000000)
  eden space 19968K, 0% used [0x00000000eab00000,0x00000000eab00000,0x00000000ebe80000)
  from space 2048K, 78% used [0x00000000ec100000,0x00000000ec290000,0x00000000ec300000)
  to   space 2048K, 0% used [0x00000000ebf00000,0x00000000ebf00000,0x00000000ec100000)
 ParOldGen       total 68608K, used 34715K [0x00000000c0000000, 0x00000000c4300000, 0x00000000eab00000)
  object space 68608K, 50% used [0x00000000c0000000,0x00000000c21e6d58,0x00000000c4300000)
 Metaspace       used 45506K, committed 46208K, reserved 1114112K
  class space    used 4547K, committed 4864K, reserved 1048576K
}
Event: 35.523 GC heap before
{Heap before GC invocations=29 (full 2):
 PSYoungGen      total 22016K, used 21568K [0x00000000eab00000, 0x00000000ec300000, 0x0000000100000000)
  eden space 19968K, 100% used [0x00000000eab00000,0x00000000ebe80000,0x00000000ebe80000)
  from space 2048K, 78% used [0x00000000ec100000,0x00000000ec290000,0x00000000ec300000)
  to   space 2048K, 0% used [0x00000000ebf00000,0x00000000ebf00000,0x00000000ec100000)
 ParOldGen       total 68608K, used 34715K [0x00000000c0000000, 0x00000000c4300000, 0x00000000eab00000)
  object space 68608K, 50% used [0x00000000c0000000,0x00000000c21e6d58,0x00000000c4300000)
 Metaspace       used 47061K, committed 47872K, reserved 1114112K
  class space    used 4701K, committed 5056K, reserved 1048576K
}
Event: 35.529 GC heap after
{Heap after GC invocations=29 (full 2):
 PSYoungGen      total 22016K, used 1888K [0x00000000eab00000, 0x00000000ec280000, 0x0000000100000000)
  eden space 19968K, 0% used [0x00000000eab00000,0x00000000eab00000,0x00000000ebe80000)
  from space 2048K, 92% used [0x00000000ebf00000,0x00000000ec0d8020,0x00000000ec100000)
  to   space 1536K, 0% used [0x00000000ec100000,0x00000000ec100000,0x00000000ec280000)
 ParOldGen       total 68608K, used 36215K [0x00000000c0000000, 0x00000000c4300000, 0x00000000eab00000)
  object space 68608K, 52% used [0x00000000c0000000,0x00000000c235df58,0x00000000c4300000)
 Metaspace       used 47061K, committed 47872K, reserved 1114112K
  class space    used 4701K, committed 5056K, reserved 1048576K
}
Event: 37.977 GC heap before
{Heap before GC invocations=30 (full 2):
 PSYoungGen      total 22016K, used 21856K [0x00000000eab00000, 0x00000000ec280000, 0x0000000100000000)
  eden space 19968K, 100% used [0x00000000eab00000,0x00000000ebe80000,0x00000000ebe80000)
  from space 2048K, 92% used [0x00000000ebf00000,0x00000000ec0d8020,0x00000000ec100000)
  to   space 1536K, 0% used [0x00000000ec100000,0x00000000ec100000,0x00000000ec280000)
 ParOldGen       total 68608K, used 36215K [0x00000000c0000000, 0x00000000c4300000, 0x00000000eab00000)
  object space 68608K, 52% used [0x00000000c0000000,0x00000000c235df58,0x00000000c4300000)
 Metaspace       used 49164K, committed 49984K, reserved 1114112K
  class space    used 4861K, committed 5248K, reserved 1048576K
}
Event: 37.988 GC heap after
{Heap after GC invocations=30 (full 2):
 PSYoungGen      total 17408K, used 1525K [0x00000000eab00000, 0x00000000ecb80000, 0x0000000100000000)
  eden space 15872K, 0% used [0x00000000eab00000,0x00000000eab00000,0x00000000eba80000)
  from space 1536K, 99% used [0x00000000ec100000,0x00000000ec27d418,0x00000000ec280000)
  to   space 6656K, 0% used [0x00000000eba80000,0x00000000eba80000,0x00000000ec100000)
 ParOldGen       total 68608K, used 40229K [0x00000000c0000000, 0x00000000c4300000, 0x00000000eab00000)
  object space 68608K, 58% used [0x00000000c0000000,0x00000000c2749420,0x00000000c4300000)
 Metaspace       used 49164K, committed 49984K, reserved 1114112K
  class space    used 4861K, committed 5248K, reserved 1048576K
}

