# JRE version: Java(TM) SE Runtime Environment (17.0.10+11) (build 17.0.10+11-LTS-240)
# Java VM: Java HotSpot(TM) 64-Bit Server VM (17.0.10+11-LTS-240, mixed mode, sharing, tiered, compressed oops, compressed class ptrs, g1 gc, windows-amd64)
GC Precious Log:
 CPUs: 8 total, 8 available
 Memory: 11968M
 Large Page Support: Disabled
 NUMA Support: Disabled
 Compressed Oops: Enabled (Zero based)
 Heap Region Size: 4M
 Heap Min Capacity: 8M
 Heap Initial Capacity: 188M
 Heap Max Capacity: 6G
 Pre-touch: Disabled
 Parallel Workers: 8
 Concurrent Workers: 2
 Concurrent Refinement Workers: 8
 Periodic GC: Disabled
Heap:
 garbage-first heap   total 671744K, used 395826K [0x0000000680000000, 0x0000000800000000)
  region size 4096K, 33 young (135168K), 1 survivors (4096K)
 Metaspace       used 120589K, committed 123072K, reserved 1179648K
  class space    used 16162K, committed 17280K, reserved 1048576K
GC Heap History (20 events):
Event: 824.062 GC heap before
{Heap before GC invocations=86 (full 0):
 garbage-first heap   total 671744K, used 421779K [0x0000000680000000, 0x0000000800000000)
  region size 4096K, 45 young (184320K), 5 survivors (20480K)
 Metaspace       used 115187K, committed 117504K, reserved 1179648K
  class space    used 15398K, committed 16384K, reserved 1048576K
}
Event: 824.069 GC heap after
{Heap after GC invocations=87 (full 0):
 garbage-first heap   total 671744K, used 251686K [0x0000000680000000, 0x0000000800000000)
  region size 4096K, 6 young (24576K), 6 survivors (24576K)
 Metaspace       used 115187K, committed 117504K, reserved 1179648K
  class space    used 15398K, committed 16384K, reserved 1048576K
}
Event: 824.531 GC heap before
{Heap before GC invocations=87 (full 0):
 garbage-first heap   total 671744K, used 345894K [0x0000000680000000, 0x0000000800000000)
  region size 4096K, 28 young (114688K), 6 survivors (24576K)
 Metaspace       used 115203K, committed 117504K, reserved 1179648K
  class space    used 15399K, committed 16384K, reserved 1048576K
}
Event: 824.538 GC heap after
{Heap after GC invocations=88 (full 0):
 garbage-first heap   total 671744K, used 252727K [0x0000000680000000, 0x0000000800000000)
  region size 4096K, 5 young (20480K), 5 survivors (20480K)
 Metaspace       used 115203K, committed 117504K, reserved 1179648K
  class space    used 15399K, committed 16384K, reserved 1048576K
}
Event: 824.913 GC heap before
{Heap before GC invocations=88 (full 0):
 garbage-first heap   total 671744K, used 338743K [0x0000000680000000, 0x0000000800000000)
  region size 4096K, 25 young (102400K), 5 survivors (20480K)
 Metaspace       used 115210K, committed 117504K, reserved 1179648K
  class space    used 15399K, committed 16384K, reserved 1048576K
}
Event: 824.919 GC heap after
{Heap after GC invocations=89 (full 0):
 garbage-first heap   total 671744K, used 253394K [0x0000000680000000, 0x0000000800000000)
  region size 4096K, 5 young (20480K), 5 survivors (20480K)
 Metaspace       used 115210K, committed 117504K, reserved 1179648K
  class space    used 15399K, committed 16384K, reserved 1048576K
}
Event: 826.609 GC heap before
{Heap before GC invocations=90 (full 0):
 garbage-first heap   total 671744K, used 548306K [0x0000000680000000, 0x0000000800000000)
  region size 4096K, 70 young (286720K), 5 survivors (20480K)
 Metaspace       used 115244K, committed 117504K, reserved 1179648K
  class space    used 15399K, committed 16384K, reserved 1048576K
}
Event: 826.617 GC heap after
{Heap after GC invocations=91 (full 0):
 garbage-first heap   total 671744K, used 250581K [0x0000000680000000, 0x0000000800000000)
  region size 4096K, 4 young (16384K), 4 survivors (16384K)
 Metaspace       used 115244K, committed 117504K, reserved 1179648K
  class space    used 15399K, committed 16384K, reserved 1048576K
}
Event: 826.701 GC heap before
{Heap before GC invocations=91 (full 0):
 garbage-first heap   total 671744K, used 266965K [0x0000000680000000, 0x0000000800000000)
  region size 4096K, 8 young (32768K), 4 survivors (16384K)
 Metaspace       used 115244K, committed 117504K, reserved 1179648K
  class space    used 15399K, committed 16384K, reserved 1048576K
}
Event: 826.713 GC heap after
{Heap after GC invocations=92 (full 0):
 garbage-first heap   total 671744K, used 249555K [0x0000000680000000, 0x0000000800000000)
  region size 4096K, 1 young (4096K), 1 survivors (4096K)
 Metaspace       used 115244K, committed 117504K, reserved 1179648K
  class space    used 15399K, committed 16384K, reserved 1048576K
}
Event: 831.921 GC heap before
{Heap before GC invocations=92 (full 0):
 garbage-first heap   total 671744K, used 536275K [0x0000000680000000, 0x0000000800000000)
  region size 4096K, 70 young (286720K), 1 survivors (4096K)
 Metaspace       used 116707K, committed 119040K, reserved 1179648K
  class space    used 15599K, committed 16640K, reserved 1048576K
}
Event: 831.927 GC heap after
{Heap after GC invocations=93 (full 0):
 garbage-first heap   total 671744K, used 252429K [0x0000000680000000, 0x0000000800000000)
  region size 4096K, 2 young (8192K), 2 survivors (8192K)
 Metaspace       used 116707K, committed 119040K, reserved 1179648K
  class space    used 15599K, committed 16640K, reserved 1048576K
}
Event: 836.031 GC heap before
{Heap before GC invocations=93 (full 0):
 garbage-first heap   total 671744K, used 539149K [0x0000000680000000, 0x0000000800000000)
  region size 4096K, 73 young (299008K), 2 survivors (8192K)
 Metaspace       used 116803K, committed 119104K, reserved 1179648K
  class space    used 15601K, committed 16640K, reserved 1048576K
}
Event: 836.037 GC heap after
{Heap after GC invocations=94 (full 0):
 garbage-first heap   total 671744K, used 254369K [0x0000000680000000, 0x0000000800000000)
  region size 4096K, 2 young (8192K), 2 survivors (8192K)
 Metaspace       used 116803K, committed 119104K, reserved 1179648K
  class space    used 15601K, committed 16640K, reserved 1048576K
}
Event: 838.538 GC heap before
{Heap before GC invocations=94 (full 0):
 garbage-first heap   total 671744K, used 549281K [0x0000000680000000, 0x0000000800000000)
  region size 4096K, 75 young (307200K), 2 survivors (8192K)
 Metaspace       used 116839K, committed 119168K, reserved 1179648K
  class space    used 15605K, committed 16640K, reserved 1048576K
}
Event: 838.546 GC heap after
{Heap after GC invocations=95 (full 0):
 garbage-first heap   total 671744K, used 254904K [0x0000000680000000, 0x0000000800000000)
  region size 4096K, 3 young (12288K), 3 survivors (12288K)
 Metaspace       used 116839K, committed 119168K, reserved 1179648K
  class space    used 15605K, committed 16640K, reserved 1048576K
}
Event: 848.920 GC heap before
{Heap before GC invocations=96 (full 0):
 garbage-first heap   total 671744K, used 553912K [0x0000000680000000, 0x0000000800000000)
  region size 4096K, 77 young (315392K), 3 survivors (12288K)
 Metaspace       used 119429K, committed 121920K, reserved 1179648K
  class space    used 15992K, committed 17088K, reserved 1048576K
}
Event: 848.946 GC heap after
{Heap after GC invocations=97 (full 0):
 garbage-first heap   total 671744K, used 270997K [0x0000000680000000, 0x0000000800000000)
  region size 4096K, 6 young (24576K), 6 survivors (24576K)
 Metaspace       used 119429K, committed 121920K, reserved 1179648K
  class space    used 15992K, committed 17088K, reserved 1048576K
}
Event: 849.893 GC heap before
{Heap before GC invocations=97 (full 0):
 garbage-first heap   total 671744K, used 279189K [0x0000000680000000, 0x0000000800000000)
  region size 4096K, 8 young (32768K), 6 survivors (24576K)
 Metaspace       used 119429K, committed 121920K, reserved 1179648K
  class space    used 15992K, committed 17088K, reserved 1048576K
}
Event: 849.928 GC heap after
{Heap after GC invocations=98 (full 0):
 garbage-first heap   total 671744K, used 272946K [0x0000000680000000, 0x0000000800000000)
  region size 4096K, 1 young (4096K), 1 survivors (4096K)
 Metaspace       used 119429K, committed 121920K, reserved 1179648K
  class space    used 15992K, committed 17088K, reserved 1048576K
}

